Loading required package: MASS
Loading required package: lattice
Type 'citation("pROC")' for a citation.

Attaching package: ‘pROC’

The following objects are masked from ‘package:stats’:

    cov, smooth, var

There were 20 warnings (use warnings() to see them)
[1] "Number of SNVs"
[1] 8020
 [1]   10   60  110  160  210  260  310  360  410  460  510  560  610  660  710
[16]  760  810  860  910  960 1010 1060 1110 1160 1210 1260 1310 1360 1410 1460
[31] 1510
[1] "Iteration: "
[1] 1
[1] "M: "
[1] 10
[1] 0.7625
[1] "M: "
[1] 60
[1] 0.4875
[1] "M: "
[1] 110
[1] 0.6
[1] "M: "
[1] 160
[1] 0.6375
[1] "M: "
[1] 210
[1] 0.65
[1] "M: "
[1] 260
[1] 0.6875
[1] "M: "
[1] 310
[1] 0.7375
[1] "M: "
[1] 360
[1] 0.75
[1] "M: "
[1] 410
[1] 0.7625
[1] "M: "
[1] 460
[1] 0.7875
[1] "M: "
[1] 510
[1] 0.8125
[1] "M: "
[1] 560
[1] 0.8125
[1] "M: "
[1] 610
[1] 0.825
[1] "M: "
[1] 660
[1] 0.8375
[1] "M: "
[1] 710
[1] 0.8875
[1] "M: "
[1] 760
[1] 0.8875
[1] "M: "
[1] 810
[1] 0.9
[1] "M: "
[1] 860
[1] 0.9125
[1] "M: "
[1] 910
[1] 0.9125
[1] "M: "
[1] 960
[1] 0.9125
[1] "M: "
[1] 1010
[1] 0.925
[1] "M: "
[1] 1060
[1] 0.95
[1] "M: "
[1] 1110
[1] 0.9625
[1] "M: "
[1] 1160
[1] 0.9625
[1] "M: "
[1] 1210
[1] 0.9625
[1] "M: "
[1] 1260
[1] 0.975
[1] "M: "
[1] 1310
[1] 0.9875
[1] "M: "
[1] 1360
[1] 0.9875
[1] "M: "
[1] 1410
[1] 0.9875
[1] "M: "
[1] 1460
[1] 0.9875
[1] "M: "
[1] 1510
[1] 0.9875
[1] "Iteration: "
[1] 2
[1] "M: "
[1] 10
[1] 0.825
[1] "M: "
[1] 60
[1] 0.8125
[1] "M: "
[1] 110
[1] 0.8125
[1] "M: "
[1] 160
[1] 0.8125
[1] "M: "
[1] 210
[1] 0.8125
[1] "M: "
[1] 260
[1] 0.8125
[1] "M: "
[1] 310
[1] 0.825
[1] "M: "
[1] 360
[1] 0.825
[1] "M: "
[1] 410
[1] 0.8125
[1] "M: "
[1] 460
[1] 0.8125
[1] "M: "
[1] 510
[1] 0.8125
[1] "M: "
[1] 560
[1] 0.8125
[1] "M: "
[1] 610
[1] 0.8125
[1] "M: "
[1] 660
[1] 0.8
[1] "M: "
[1] 710
[1] 0.8
[1] "M: "
[1] 760
[1] 0.8
[1] "M: "
[1] 810
[1] 0.8
[1] "M: "
[1] 860
[1] 0.7875
[1] "M: "
[1] 910
[1] 0.7875
[1] "M: "
[1] 960
[1] 0.775
[1] "M: "
[1] 1010
[1] 0.775
[1] "M: "
[1] 1060
[1] 0.7625
[1] "M: "
[1] 1110
[1] 0.7375
[1] "M: "
[1] 1160
[1] 0.7375
[1] "M: "
[1] 1210
[1] 0.7375
[1] "M: "
[1] 1260
[1] 0.7375
[1] "M: "
[1] 1310
[1] 0.75
[1] "M: "
[1] 1360
[1] 0.75
[1] "M: "
[1] 1410
[1] 0.75
[1] "M: "
[1] 1460
[1] 0.75
[1] "M: "
[1] 1510
[1] 0.7375
[1] "Iteration: "
[1] 3
[1] "M: "
[1] 10
[1] 0.7875
[1] "M: "
[1] 60
[1] 0.5875
[1] "M: "
[1] 110
[1] 0.5875
[1] "M: "
[1] 160
[1] 0.5375
[1] "M: "
[1] 210
[1] 0.5625
[1] "M: "
[1] 260
[1] 0.6625
[1] "M: "
[1] 310
[1] 0.6875
[1] "M: "
[1] 360
[1] 0.6875
[1] "M: "
[1] 410
[1] 0.6875
[1] "M: "
[1] 460
[1] 0.7375
[1] "M: "
[1] 510
[1] 0.7375
[1] "M: "
[1] 560
[1] 0.7625
[1] "M: "
[1] 610
[1] 0.7875
[1] "M: "
[1] 660
[1] 0.8
[1] "M: "
[1] 710
[1] 0.8125
[1] "M: "
[1] 760
[1] 0.8375
[1] "M: "
[1] 810
[1] 0.8625
[1] "M: "
[1] 860
[1] 0.875
[1] "M: "
[1] 910
[1] 0.875
[1] "M: "
[1] 960
[1] 0.9
[1] "M: "
[1] 1010
[1] 0.8875
[1] "M: "
[1] 1060
[1] 0.8875
[1] "M: "
[1] 1110
[1] 0.9
[1] "M: "
[1] 1160
[1] 0.9
[1] "M: "
[1] 1210
[1] 0.875
[1] "M: "
[1] 1260
[1] 0.875
[1] "M: "
[1] 1310
[1] 0.8875
[1] "M: "
[1] 1360
[1] 0.8875
[1] "M: "
[1] 1410
[1] 0.8875
[1] "M: "
[1] 1460
[1] 0.8875
[1] "M: "
[1] 1510
[1] 0.8875
[1] "Iteration: "
[1] 4
[1] "M: "
[1] 10
[1] 0.8625
[1] "M: "
[1] 60
[1] 0.45
[1] "M: "
[1] 110
[1] 0.5625
[1] "M: "
[1] 160
[1] 0.55
[1] "M: "
[1] 210
[1] 0.55
[1] "M: "
[1] 260
[1] 0.55
[1] "M: "
[1] 310
[1] 0.55
[1] "M: "
[1] 360
[1] 0.55
[1] "M: "
[1] 410
[1] 0.575
[1] "M: "
[1] 460
[1] 0.575
[1] "M: "
[1] 510
[1] 0.5875
[1] "M: "
[1] 560
[1] 0.6375
[1] "M: "
[1] 610
[1] 0.6875
[1] "M: "
[1] 660
[1] 0.6875
[1] "M: "
[1] 710
[1] 0.7125
[1] "M: "
[1] 760
[1] 0.725
[1] "M: "
[1] 810
[1] 0.75
[1] "M: "
[1] 860
[1] 0.8
[1] "M: "
[1] 910
[1] 0.8
[1] "M: "
[1] 960
[1] 0.8
[1] "M: "
[1] 1010
[1] 0.8
[1] "M: "
[1] 1060
[1] 0.8375
[1] "M: "
[1] 1110
[1] 0.8375
[1] "M: "
[1] 1160
[1] 0.8625
[1] "M: "
[1] 1210
[1] 0.875
[1] "M: "
[1] 1260
[1] 0.8875
[1] "M: "
[1] 1310
[1] 0.875
[1] "M: "
[1] 1360
[1] 0.8875
[1] "M: "
[1] 1410
[1] 0.925
[1] "M: "
[1] 1460
[1] 0.95
[1] "M: "
[1] 1510
[1] 0.975
[1] "Iteration: "
[1] 5
[1] "M: "
[1] 10
[1] 0.8625
[1] "M: "
[1] 60
[1] 0.65
[1] "M: "
[1] 110
[1] 0.625
[1] "M: "
[1] 160
[1] 0.575
[1] "M: "
[1] 210
[1] 0.5875
[1] "M: "
[1] 260
[1] 0.5875
[1] "M: "
[1] 310
[1] 0.65
[1] "M: "
[1] 360
[1] 0.675
[1] "M: "
[1] 410
[1] 0.7
[1] "M: "
[1] 460
[1] 0.725
[1] "M: "
[1] 510
[1] 0.7375
[1] "M: "
[1] 560
[1] 0.775
[1] "M: "
[1] 610
[1] 0.8
[1] "M: "
[1] 660
[1] 0.8375
[1] "M: "
[1] 710
[1] 0.8375
[1] "M: "
[1] 760
[1] 0.8625
[1] "M: "
[1] 810
[1] 0.8625
[1] "M: "
[1] 860
[1] 0.875
[1] "M: "
[1] 910
[1] 0.8875
[1] "M: "
[1] 960
[1] 0.8875
[1] "M: "
[1] 1010
[1] 0.8875
[1] "M: "
[1] 1060
[1] 0.9
[1] "M: "
[1] 1110
[1] 0.9
[1] "M: "
[1] 1160
[1] 0.9
[1] "M: "
[1] 1210
[1] 0.9
[1] "M: "
[1] 1260
[1] 0.9
[1] "M: "
[1] 1310
[1] 0.9125
[1] "M: "
[1] 1360
[1] 0.9125
[1] "M: "
[1] 1410
[1] 0.9125
[1] "M: "
[1] 1460
[1] 0.9125
[1] "M: "
[1] 1510
[1] 0.9125
[1] "Iteration: "
[1] 6
[1] "M: "
[1] 10
[1] 0.7125
[1] "M: "
[1] 60
[1] 0.675
[1] "M: "
[1] 110
[1] 0.7375
[1] "M: "
[1] 160
[1] 0.725
[1] "M: "
[1] 210
[1] 0.725
[1] "M: "
[1] 260
[1] 0.7625
[1] "M: "
[1] 310
[1] 0.7875
[1] "M: "
[1] 360
[1] 0.7625
[1] "M: "
[1] 410
[1] 0.7625
[1] "M: "
[1] 460
[1] 0.8125
[1] "M: "
[1] 510
[1] 0.8375
[1] "M: "
[1] 560
[1] 0.85
[1] "M: "
[1] 610
[1] 0.8625
[1] "M: "
[1] 660
[1] 0.8875
[1] "M: "
[1] 710
[1] 0.9125
[1] "M: "
[1] 760
[1] 0.925
[1] "M: "
[1] 810
[1] 0.925
[1] "M: "
[1] 860
[1] 0.9625
[1] "M: "
[1] 910
[1] 0.9625
[1] "M: "
[1] 960
[1] 0.975
[1] "M: "
[1] 1010
[1] 0.975
[1] "M: "
[1] 1060
[1] 1
[1] "M: "
[1] 1110
[1] 1
[1] "M: "
[1] 1160
[1] 1
[1] "M: "
[1] 1210
[1] 1
[1] "M: "
[1] 1260
[1] 1
[1] "M: "
[1] 1310
[1] 1
[1] "M: "
[1] 1360
[1] 1
[1] "M: "
[1] 1410
[1] 1
[1] "M: "
[1] 1460
[1] 1
[1] "M: "
[1] 1510
[1] 1
[1] "Iteration: "
[1] 7
[1] "M: "
[1] 10
[1] 0.7625
[1] "M: "
[1] 60
[1] 0.8
[1] "M: "
[1] 110
[1] 0.75
[1] "M: "
[1] 160
[1] 0.7375
[1] "M: "
[1] 210
[1] 0.7125
[1] "M: "
[1] 260
[1] 0.7
[1] "M: "
[1] 310
[1] 0.6875
[1] "M: "
[1] 360
[1] 0.675
[1] "M: "
[1] 410
[1] 0.6875
[1] "M: "
[1] 460
[1] 0.7125
[1] "M: "
[1] 510
[1] 0.7625
[1] "M: "
[1] 560
[1] 0.8375
[1] "M: "
[1] 610
[1] 0.875
[1] "M: "
[1] 660
[1] 0.8875
[1] "M: "
[1] 710
[1] 0.925
[1] "M: "
[1] 760
[1] 0.925
[1] "M: "
[1] 810
[1] 0.9625
[1] "M: "
[1] 860
[1] 0.9625
[1] "M: "
[1] 910
[1] 0.9875
[1] "M: "
[1] 960
[1] 1
[1] "M: "
[1] 1010
[1] 1
[1] "M: "
[1] 1060
[1] 1
[1] "M: "
[1] 1110
[1] 0.975
[1] "M: "
[1] 1160
[1] 0.9625
[1] "M: "
[1] 1210
[1] 0.975
[1] "M: "
[1] 1260
[1] 1
[1] "M: "
[1] 1310
[1] 1
[1] "M: "
[1] 1360
[1] 1
[1] "M: "
[1] 1410
[1] 1
[1] "M: "
[1] 1460
[1] 1
[1] "M: "
[1] 1510
[1] 1
[1] "Iteration: "
[1] 8
[1] "M: "
[1] 10
[1] 0.8
[1] "M: "
[1] 60
[1] 0.8375
[1] "M: "
[1] 110
[1] 0.85
[1] "M: "
[1] 160
[1] 0.85
[1] "M: "
[1] 210
[1] 0.825
[1] "M: "
[1] 260
[1] 0.825
[1] "M: "
[1] 310
[1] 0.825
[1] "M: "
[1] 360
[1] 0.825
[1] "M: "
[1] 410
[1] 0.825
[1] "M: "
[1] 460
[1] 0.8125
[1] "M: "
[1] 510
[1] 0.8125
[1] "M: "
[1] 560
[1] 0.8125
[1] "M: "
[1] 610
[1] 0.8
[1] "M: "
[1] 660
[1] 0.8
[1] "M: "
[1] 710
[1] 0.7875
[1] "M: "
[1] 760
[1] 0.7875
[1] "M: "
[1] 810
[1] 0.775
[1] "M: "
[1] 860
[1] 0.775
[1] "M: "
[1] 910
[1] 0.775
[1] "M: "
[1] 960
[1] 0.775
[1] "M: "
[1] 1010
[1] 0.775
[1] "M: "
[1] 1060
[1] 0.7625
[1] "M: "
[1] 1110
[1] 0.75
[1] "M: "
[1] 1160
[1] 0.75
[1] "M: "
[1] 1210
[1] 0.75
[1] "M: "
[1] 1260
[1] 0.75
[1] "M: "
[1] 1310
[1] 0.75
[1] "M: "
[1] 1360
[1] 0.75
[1] "M: "
[1] 1410
[1] 0.75
[1] "M: "
[1] 1460
[1] 0.75
[1] "M: "
[1] 1510
[1] 0.75
[1] "Iteration: "
[1] 9
[1] "M: "
[1] 10
[1] 0.775
[1] "M: "
[1] 60
[1] 0.875
[1] "M: "
[1] 110
[1] 0.875
[1] "M: "
[1] 160
[1] 0.8625
[1] "M: "
[1] 210
[1] 0.85
[1] "M: "
[1] 260
[1] 0.85
[1] "M: "
[1] 310
[1] 0.85
[1] "M: "
[1] 360
[1] 0.825
[1] "M: "
[1] 410
[1] 0.825
[1] "M: "
[1] 460
[1] 0.825
[1] "M: "
[1] 510
[1] 0.8125
[1] "M: "
[1] 560
[1] 0.8
[1] "M: "
[1] 610
[1] 0.8
[1] "M: "
[1] 660
[1] 0.7875
[1] "M: "
[1] 710
[1] 0.7875
[1] "M: "
[1] 760
[1] 0.775
[1] "M: "
[1] 810
[1] 0.775
[1] "M: "
[1] 860
[1] 0.775
[1] "M: "
[1] 910
[1] 0.775
[1] "M: "
[1] 960
[1] 0.775
[1] "M: "
[1] 1010
[1] 0.775
[1] "M: "
[1] 1060
[1] 0.775
[1] "M: "
[1] 1110
[1] 0.775
[1] "M: "
[1] 1160
[1] 0.775
[1] "M: "
[1] 1210
[1] 0.7625
[1] "M: "
[1] 1260
[1] 0.775
[1] "M: "
[1] 1310
[1] 0.7625
[1] "M: "
[1] 1360
[1] 0.7625
[1] "M: "
[1] 1410
[1] 0.7625
[1] "M: "
[1] 1460
[1] 0.7625
[1] "M: "
[1] 1510
[1] 0.7625
[1] "Iteration: "
[1] 10
[1] "M: "
[1] 10
[1] 0.7
[1] "M: "
[1] 60
[1] 0.55
[1] "M: "
[1] 110
[1] 0.55
[1] "M: "
[1] 160
[1] 0.55
[1] "M: "
[1] 210
[1] 0.65
[1] "M: "
[1] 260
[1] 0.675
[1] "M: "
[1] 310
[1] 0.7125
[1] "M: "
[1] 360
[1] 0.775
[1] "M: "
[1] 410
[1] 0.8
[1] "M: "
[1] 460
[1] 0.8
[1] "M: "
[1] 510
[1] 0.8125
[1] "M: "
[1] 560
[1] 0.825
[1] "M: "
[1] 610
[1] 0.85
[1] "M: "
[1] 660
[1] 0.875
[1] "M: "
[1] 710
[1] 0.875
[1] "M: "
[1] 760
[1] 0.8875
[1] "M: "
[1] 810
[1] 0.8875
[1] "M: "
[1] 860
[1] 0.9
[1] "M: "
[1] 910
[1] 0.9
[1] "M: "
[1] 960
[1] 0.9
[1] "M: "
[1] 1010
[1] 0.9
[1] "M: "
[1] 1060
[1] 0.9125
[1] "M: "
[1] 1110
[1] 0.9125
[1] "M: "
[1] 1160
[1] 0.9125
[1] "M: "
[1] 1210
[1] 0.9125
[1] "M: "
[1] 1260
[1] 0.9125
[1] "M: "
[1] 1310
[1] 0.9125
[1] "M: "
[1] 1360
[1] 0.9125
[1] "M: "
[1] 1410
[1] 0.9125
[1] "M: "
[1] 1460
[1] 0.9125
[1] "M: "
[1] 1510
[1] 0.9125
[1] "Iteration: "
[1] 11
[1] "M: "
[1] 10
[1] 0.8
[1] "M: "
[1] 60
[1] 0.8125
[1] "M: "
[1] 110
[1] 0.8125
[1] "M: "
[1] 160
[1] 0.8125
[1] "M: "
[1] 210
[1] 0.8
[1] "M: "
[1] 260
[1] 0.8
[1] "M: "
[1] 310
[1] 0.8
[1] "M: "
[1] 360
[1] 0.8
[1] "M: "
[1] 410
[1] 0.8
[1] "M: "
[1] 460
[1] 0.8
[1] "M: "
[1] 510
[1] 0.7875
[1] "M: "
[1] 560
[1] 0.7875
[1] "M: "
[1] 610
[1] 0.7875
[1] "M: "
[1] 660
[1] 0.7875
[1] "M: "
[1] 710
[1] 0.7875
[1] "M: "
[1] 760
[1] 0.7875
[1] "M: "
[1] 810
[1] 0.7875
[1] "M: "
[1] 860
[1] 0.7875
[1] "M: "
[1] 910
[1] 0.775
[1] "M: "
[1] 960
[1] 0.775
[1] "M: "
[1] 1010
[1] 0.775
[1] "M: "
[1] 1060
[1] 0.775
[1] "M: "
[1] 1110
[1] 0.775
[1] "M: "
[1] 1160
[1] 0.775
[1] "M: "
[1] 1210
[1] 0.775
[1] "M: "
[1] 1260
[1] 0.775
[1] "M: "
[1] 1310
[1] 0.775
[1] "M: "
[1] 1360
[1] 0.775
[1] "M: "
[1] 1410
[1] 0.775
[1] "M: "
[1] 1460
[1] 0.775
[1] "M: "
[1] 1510
[1] 0.775
[1] "Iteration: "
[1] 12
[1] "M: "
[1] 10
[1] 0.7875
[1] "M: "
[1] 60
[1] 0.775
[1] "M: "
[1] 110
[1] 0.7375
[1] "M: "
[1] 160
[1] 0.7875
[1] "M: "
[1] 210
[1] 0.8
[1] "M: "
[1] 260
[1] 0.8125
[1] "M: "
[1] 310
[1] 0.825
[1] "M: "
[1] 360
[1] 0.85
[1] "M: "
[1] 410
[1] 0.85
[1] "M: "
[1] 460
[1] 0.8625
[1] "M: "
[1] 510
[1] 0.8625
[1] "M: "
[1] 560
[1] 0.8625
[1] "M: "
[1] 610
[1] 0.8625
[1] "M: "
[1] 660
[1] 0.875
[1] "M: "
[1] 710
[1] 0.875
[1] "M: "
[1] 760
[1] 0.9
[1] "M: "
[1] 810
[1] 0.9
[1] "M: "
[1] 860
[1] 0.9
[1] "M: "
[1] 910
[1] 0.9125
[1] "M: "
[1] 960
[1] 0.9125
[1] "M: "
[1] 1010
[1] 0.925
[1] "M: "
[1] 1060
[1] 0.925
[1] "M: "
[1] 1110
[1] 0.9
[1] "M: "
[1] 1160
[1] 0.9
[1] "M: "
[1] 1210
[1] 0.9
[1] "M: "
[1] 1260
[1] 0.9
[1] "M: "
[1] 1310
[1] 0.9
[1] "M: "
[1] 1360
[1] 0.9
[1] "M: "
[1] 1410
[1] 0.8625
[1] "M: "
[1] 1460
[1] 0.85
[1] "M: "
[1] 1510
[1] 0.825
[1] "Iteration: "
[1] 13
[1] "M: "
[1] 10
[1] 0.7375
[1] "M: "
[1] 60
[1] 0.8
[1] "M: "
[1] 110
[1] 0.8375
[1] "M: "
[1] 160
[1] 0.7875
[1] "M: "
[1] 210
[1] 0.775
[1] "M: "
[1] 260
[1] 0.75
[1] "M: "
[1] 310
[1] 0.7125
[1] "M: "
[1] 360
[1] 0.7
[1] "M: "
[1] 410
[1] 0.7125
[1] "M: "
[1] 460
[1] 0.7125
[1] "M: "
[1] 510
[1] 0.7125
[1] "M: "
[1] 560
[1] 0.7125
[1] "M: "
[1] 610
[1] 0.7375
[1] "M: "
[1] 660
[1] 0.75
[1] "M: "
[1] 710
[1] 0.7875
[1] "M: "
[1] 760
[1] 0.7875
[1] "M: "
[1] 810
[1] 0.8
[1] "M: "
[1] 860
[1] 0.8125
[1] "M: "
[1] 910
[1] 0.8125
[1] "M: "
[1] 960
[1] 0.8125
[1] "M: "
[1] 1010
[1] 0.8125
[1] "M: "
[1] 1060
[1] 0.8125
[1] "M: "
[1] 1110
[1] 0.825
[1] "M: "
[1] 1160
[1] 0.825
[1] "M: "
[1] 1210
[1] 0.825
[1] "M: "
[1] 1260
[1] 0.825
[1] "M: "
[1] 1310
[1] 0.825
[1] "M: "
[1] 1360
[1] 0.825
[1] "M: "
[1] 1410
[1] 0.825
[1] "M: "
[1] 1460
[1] 0.8375
[1] "M: "
[1] 1510
[1] 0.825
[1] "Iteration: "
[1] 14
[1] "M: "
[1] 10
[1] 0.6625
[1] "M: "
[1] 60
[1] 0.775
[1] "M: "
[1] 110
[1] 0.8875
[1] "M: "
[1] 160
[1] 0.875
[1] "M: "
[1] 210
[1] 0.875
[1] "M: "
[1] 260
[1] 0.8625
[1] "M: "
[1] 310
[1] 0.925
[1] "M: "
[1] 360
[1] 0.95
[1] "M: "
[1] 410
[1] 0.9625
[1] "M: "
[1] 460
[1] 0.95
[1] "M: "
[1] 510
[1] 0.95
[1] "M: "
[1] 560
[1] 0.95
[1] "M: "
[1] 610
[1] 0.95
[1] "M: "
[1] 660
[1] 0.95
[1] "M: "
[1] 710
[1] 0.9375
[1] "M: "
[1] 760
[1] 0.925
[1] "M: "
[1] 810
[1] 0.9125
[1] "M: "
[1] 860
[1] 0.9125
[1] "M: "
[1] 910
[1] 0.925
[1] "M: "
[1] 960
[1] 0.9375
[1] "M: "
[1] 1010
[1] 0.9375
[1] "M: "
[1] 1060
[1] 0.925
[1] "M: "
[1] 1110
[1] 0.9125
[1] "M: "
[1] 1160
[1] 0.9125
[1] "M: "
[1] 1210
[1] 0.9
[1] "M: "
[1] 1260
[1] 0.9
[1] "M: "
[1] 1310
[1] 0.9
[1] "M: "
[1] 1360
[1] 0.9
[1] "M: "
[1] 1410
[1] 0.8875
[1] "M: "
[1] 1460
[1] 0.8375
[1] "M: "
[1] 1510
[1] 0.825
[1] "Iteration: "
[1] 15
[1] "M: "
[1] 10
[1] 0.725
[1] "M: "
[1] 60
[1] 0.725
[1] "M: "
[1] 110
[1] 0.8375
[1] "M: "
[1] 160
[1] 0.875
[1] "M: "
[1] 210
[1] 0.925
[1] "M: "
[1] 260
[1] 0.925
[1] "M: "
[1] 310
[1] 0.925
[1] "M: "
[1] 360
[1] 0.9375
[1] "M: "
[1] 410
[1] 0.9375
[1] "M: "
[1] 460
[1] 0.9375
[1] "M: "
[1] 510
[1] 0.9375
[1] "M: "
[1] 560
[1] 0.9375
[1] "M: "
[1] 610
[1] 0.95
[1] "M: "
[1] 660
[1] 0.9375
[1] "M: "
[1] 710
[1] 0.9375
[1] "M: "
[1] 760
[1] 0.9375
[1] "M: "
[1] 810
[1] 0.9375
[1] "M: "
[1] 860
[1] 0.9375
[1] "M: "
[1] 910
[1] 0.95
[1] "M: "
[1] 960
[1] 0.9375
[1] "M: "
[1] 1010
[1] 0.9375
[1] "M: "
[1] 1060
[1] 0.925
[1] "M: "
[1] 1110
[1] 0.925
[1] "M: "
[1] 1160
[1] 0.925
[1] "M: "
[1] 1210
[1] 0.925
[1] "M: "
[1] 1260
[1] 0.9375
[1] "M: "
[1] 1310
[1] 0.925
[1] "M: "
[1] 1360
[1] 0.925
[1] "M: "
[1] 1410
[1] 0.9125
[1] "M: "
[1] 1460
[1] 0.9125
[1] "M: "
[1] 1510
[1] 0.9125
[1] "Iteration: "
[1] 16
[1] "M: "
[1] 10
[1] 0.65
[1] "M: "
[1] 60
[1] 0.8625
[1] "M: "
[1] 110
[1] 0.875
[1] "M: "
[1] 160
[1] 0.8875
[1] "M: "
[1] 210
[1] 0.9
[1] "M: "
[1] 260
[1] 0.8875
[1] "M: "
[1] 310
[1] 0.8875
[1] "M: "
[1] 360
[1] 0.925
[1] "M: "
[1] 410
[1] 0.925
[1] "M: "
[1] 460
[1] 0.925
[1] "M: "
[1] 510
[1] 0.925
[1] "M: "
[1] 560
[1] 0.95
[1] "M: "
[1] 610
[1] 0.9625
[1] "M: "
[1] 660
[1] 0.9625
[1] "M: "
[1] 710
[1] 0.9625
[1] "M: "
[1] 760
[1] 0.975
[1] "M: "
[1] 810
[1] 0.9875
[1] "M: "
[1] 860
[1] 0.9875
[1] "M: "
[1] 910
[1] 0.9875
[1] "M: "
[1] 960
[1] 0.9875
[1] "M: "
[1] 1010
[1] 0.9875
[1] "M: "
[1] 1060
[1] 0.9875
[1] "M: "
[1] 1110
[1] 0.975
[1] "M: "
[1] 1160
[1] 0.975
[1] "M: "
[1] 1210
[1] 0.975
[1] "M: "
[1] 1260
[1] 0.975
[1] "M: "
[1] 1310
[1] 0.975
[1] "M: "
[1] 1360
[1] 0.975
[1] "M: "
[1] 1410
[1] 0.975
[1] "M: "
[1] 1460
[1] 0.975
[1] "M: "
[1] 1510
[1] 0.95
[1] "Iteration: "
[1] 17
[1] "M: "
[1] 10
[1] 0.75
[1] "M: "
[1] 60
[1] 0.8375
[1] "M: "
[1] 110
[1] 0.8375
[1] "M: "
[1] 160
[1] 0.8125
[1] "M: "
[1] 210
[1] 0.8125
[1] "M: "
[1] 260
[1] 0.8125
[1] "M: "
[1] 310
[1] 0.8125
[1] "M: "
[1] 360
[1] 0.8125
[1] "M: "
[1] 410
[1] 0.8125
[1] "M: "
[1] 460
[1] 0.825
[1] "M: "
[1] 510
[1] 0.825
[1] "M: "
[1] 560
[1] 0.825
[1] "M: "
[1] 610
[1] 0.8125
[1] "M: "
[1] 660
[1] 0.8125
[1] "M: "
[1] 710
[1] 0.8
[1] "M: "
[1] 760
[1] 0.775
[1] "M: "
[1] 810
[1] 0.775
[1] "M: "
[1] 860
[1] 0.775
[1] "M: "
[1] 910
[1] 0.775
[1] "M: "
[1] 960
[1] 0.775
[1] "M: "
[1] 1010
[1] 0.775
[1] "M: "
[1] 1060
[1] 0.775
[1] "M: "
[1] 1110
[1] 0.775
[1] "M: "
[1] 1160
[1] 0.775
[1] "M: "
[1] 1210
[1] 0.775
[1] "M: "
[1] 1260
[1] 0.775
[1] "M: "
[1] 1310
[1] 0.775
[1] "M: "
[1] 1360
[1] 0.775
[1] "M: "
[1] 1410
[1] 0.775
[1] "M: "
[1] 1460
[1] 0.775
[1] "M: "
[1] 1510
[1] 0.7875
[1] "Iteration: "
[1] 18
[1] "M: "
[1] 10
[1] 0.75
[1] "M: "
[1] 60
[1] 0.8625
[1] "M: "
[1] 110
[1] 0.875
[1] "M: "
[1] 160
[1] 0.8625
[1] "M: "
[1] 210
[1] 0.8375
[1] "M: "
[1] 260
[1] 0.825
[1] "M: "
[1] 310
[1] 0.825
[1] "M: "
[1] 360
[1] 0.8125
[1] "M: "
[1] 410
[1] 0.8
[1] "M: "
[1] 460
[1] 0.8
[1] "M: "
[1] 510
[1] 0.8
[1] "M: "
[1] 560
[1] 0.7875
[1] "M: "
[1] 610
[1] 0.775
[1] "M: "
[1] 660
[1] 0.775
[1] "M: "
[1] 710
[1] 0.775
[1] "M: "
[1] 760
[1] 0.775
[1] "M: "
[1] 810
[1] 0.775
[1] "M: "
[1] 860
[1] 0.775
[1] "M: "
[1] 910
[1] 0.775
[1] "M: "
[1] 960
[1] 0.775
[1] "M: "
[1] 1010
[1] 0.775
[1] "M: "
[1] 1060
[1] 0.775
[1] "M: "
[1] 1110
[1] 0.775
[1] "M: "
[1] 1160
[1] 0.775
[1] "M: "
[1] 1210
[1] 0.775
[1] "M: "
[1] 1260
[1] 0.775
[1] "M: "
[1] 1310
[1] 0.775
[1] "M: "
[1] 1360
[1] 0.775
[1] "M: "
[1] 1410
[1] 0.775
[1] "M: "
[1] 1460
[1] 0.775
[1] "M: "
[1] 1510
[1] 0.775
[1] "Iteration: "
[1] 19
[1] "M: "
[1] 10
[1] 0.5875
[1] "M: "
[1] 60
[1] 0.675
[1] "M: "
[1] 110
[1] 0.7
[1] "M: "
[1] 160
[1] 0.6875
[1] "M: "
[1] 210
[1] 0.7
[1] "M: "
[1] 260
[1] 0.725
[1] "M: "
[1] 310
[1] 0.725
[1] "M: "
[1] 360
[1] 0.7375
[1] "M: "
[1] 410
[1] 0.75
[1] "M: "
[1] 460
[1] 0.75
[1] "M: "
[1] 510
[1] 0.7375
[1] "M: "
[1] 560
[1] 0.725
[1] "M: "
[1] 610
[1] 0.725
[1] "M: "
[1] 660
[1] 0.7
[1] "M: "
[1] 710
[1] 0.7
[1] "M: "
[1] 760
[1] 0.7
[1] "M: "
[1] 810
[1] 0.7
[1] "M: "
[1] 860
[1] 0.7
[1] "M: "
[1] 910
[1] 0.7
[1] "M: "
[1] 960
[1] 0.7
[1] "M: "
[1] 1010
[1] 0.7
[1] "M: "
[1] 1060
[1] 0.7
[1] "M: "
[1] 1110
[1] 0.7
[1] "M: "
[1] 1160
[1] 0.7
[1] "M: "
[1] 1210
[1] 0.7
[1] "M: "
[1] 1260
[1] 0.7
[1] "M: "
[1] 1310
[1] 0.7
[1] "M: "
[1] 1360
[1] 0.675
[1] "M: "
[1] 1410
[1] 0.675
[1] "M: "
[1] 1460
[1] 0.675
[1] "M: "
[1] 1510
[1] 0.6625
[1] "Iteration: "
[1] 20
[1] "M: "
[1] 10
[1] 0.675
[1] "M: "
[1] 60
[1] 0.7
[1] "M: "
[1] 110
[1] 0.675
[1] "M: "
[1] 160
[1] 0.6125
[1] "M: "
[1] 210
[1] 0.6
[1] "M: "
[1] 260
[1] 0.6125
[1] "M: "
[1] 310
[1] 0.6
[1] "M: "
[1] 360
[1] 0.6125
[1] "M: "
[1] 410
[1] 0.6125
[1] "M: "
[1] 460
[1] 0.65
[1] "M: "
[1] 510
[1] 0.6625
[1] "M: "
[1] 560
[1] 0.675
[1] "M: "
[1] 610
[1] 0.6625
[1] "M: "
[1] 660
[1] 0.6625
[1] "M: "
[1] 710
[1] 0.6625
[1] "M: "
[1] 760
[1] 0.6625
[1] "M: "
[1] 810
[1] 0.6625
[1] "M: "
[1] 860
[1] 0.65
[1] "M: "
[1] 910
[1] 0.65
[1] "M: "
[1] 960
[1] 0.6625
[1] "M: "
[1] 1010
[1] 0.6625
[1] "M: "
[1] 1060
[1] 0.6625
[1] "M: "
[1] 1110
[1] 0.6375
[1] "M: "
[1] 1160
[1] 0.6375
[1] "M: "
[1] 1210
[1] 0.65
[1] "M: "
[1] 1260
[1] 0.6625
[1] "M: "
[1] 1310
[1] 0.675
[1] "M: "
[1] 1360
[1] 0.6875
[1] "M: "
[1] 1410
[1] 0.7125
[1] "M: "
[1] 1460
[1] 0.725
[1] "M: "
[1] 1510
[1] 0.7125
[1] "Iteration: "
[1] 21
[1] "M: "
[1] 10
[1] 0.8875
[1] "M: "
[1] 60
[1] 0.65
[1] "M: "
[1] 110
[1] 0.5875
[1] "M: "
[1] 160
[1] 0.6
[1] "M: "
[1] 210
[1] 0.6125
[1] "M: "
[1] 260
[1] 0.6375
[1] "M: "
[1] 310
[1] 0.6
[1] "M: "
[1] 360
[1] 0.6375
[1] "M: "
[1] 410
[1] 0.6625
[1] "M: "
[1] 460
[1] 0.65
[1] "M: "
[1] 510
[1] 0.725
[1] "M: "
[1] 560
[1] 0.725
[1] "M: "
[1] 610
[1] 0.7125
[1] "M: "
[1] 660
[1] 0.75
[1] "M: "
[1] 710
[1] 0.75
[1] "M: "
[1] 760
[1] 0.775
[1] "M: "
[1] 810
[1] 0.7625
[1] "M: "
[1] 860
[1] 0.7625
[1] "M: "
[1] 910
[1] 0.775
[1] "M: "
[1] 960
[1] 0.775
[1] "M: "
[1] 1010
[1] 0.7625
[1] "M: "
[1] 1060
[1] 0.7625
[1] "M: "
[1] 1110
[1] 0.7625
[1] "M: "
[1] 1160
[1] 0.75
[1] "M: "
[1] 1210
[1] 0.75
[1] "M: "
[1] 1260
[1] 0.75
[1] "M: "
[1] 1310
[1] 0.75
[1] "M: "
[1] 1360
[1] 0.75
[1] "M: "
[1] 1410
[1] 0.7375
[1] "M: "
[1] 1460
[1] 0.75
[1] "M: "
[1] 1510
[1] 0.7875
[1] "Iteration: "
[1] 22
[1] "M: "
[1] 10
[1] 0.575
[1] "M: "
[1] 60
[1] 0.5875
[1] "M: "
[1] 110
[1] 0.5125
[1] "M: "
[1] 160
[1] 0.5875
[1] "M: "
[1] 210
[1] 0.6125
[1] "M: "
[1] 260
[1] 0.6125
[1] "M: "
[1] 310
[1] 0.625
[1] "M: "
[1] 360
[1] 0.625
[1] "M: "
[1] 410
[1] 0.625
[1] "M: "
[1] 460
[1] 0.6
[1] "M: "
[1] 510
[1] 0.5875
[1] "M: "
[1] 560
[1] 0.5625
[1] "M: "
[1] 610
[1] 0.5375
[1] "M: "
[1] 660
[1] 0.5125
[1] "M: "
[1] 710
[1] 0.5125
[1] "M: "
[1] 760
[1] 0.475
[1] "M: "
[1] 810
[1] 0.575
[1] "M: "
[1] 860
[1] 0.6
[1] "M: "
[1] 910
[1] 0.625
[1] "M: "
[1] 960
[1] 0.6375
[1] "M: "
[1] 1010
[1] 0.65
[1] "M: "
[1] 1060
[1] 0.65
[1] "M: "
[1] 1110
[1] 0.675
[1] "M: "
[1] 1160
[1] 0.6875
[1] "M: "
[1] 1210
[1] 0.6875
[1] "M: "
[1] 1260
[1] 0.7
[1] "M: "
[1] 1310
[1] 0.7125
[1] "M: "
[1] 1360
[1] 0.725
[1] "M: "
[1] 1410
[1] 0.7375
[1] "M: "
[1] 1460
[1] 0.775
[1] "M: "
[1] 1510
[1] 0.7875
[1] "Iteration: "
[1] 23
[1] "M: "
[1] 10
[1] 0.6125
[1] "M: "
[1] 60
[1] 0.575
[1] "M: "
[1] 110
[1] 0.7125
[1] "M: "
[1] 160
[1] 0.7375
[1] "M: "
[1] 210
[1] 0.7125
[1] "M: "
[1] 260
[1] 0.6875
[1] "M: "
[1] 310
[1] 0.675
[1] "M: "
[1] 360
[1] 0.675
[1] "M: "
[1] 410
[1] 0.6375
[1] "M: "
[1] 460
[1] 0.625
[1] "M: "
[1] 510
[1] 0.625
[1] "M: "
[1] 560
[1] 0.675
[1] "M: "
[1] 610
[1] 0.6875
[1] "M: "
[1] 660
[1] 0.7625
[1] "M: "
[1] 710
[1] 0.7625
[1] "M: "
[1] 760
[1] 0.7375
[1] "M: "
[1] 810
[1] 0.775
[1] "M: "
[1] 860
[1] 0.775
[1] "M: "
[1] 910
[1] 0.7625
[1] "M: "
[1] 960
[1] 0.7625
[1] "M: "
[1] 1010
[1] 0.7875
[1] "M: "
[1] 1060
[1] 0.7875
[1] "M: "
[1] 1110
[1] 0.8
[1] "M: "
[1] 1160
[1] 0.8
[1] "M: "
[1] 1210
[1] 0.775
[1] "M: "
[1] 1260
[1] 0.7875
[1] "M: "
[1] 1310
[1] 0.7625
[1] "M: "
[1] 1360
[1] 0.7375
[1] "M: "
[1] 1410
[1] 0.7625
[1] "M: "
[1] 1460
[1] 0.775
[1] "M: "
[1] 1510
[1] 0.7875
[1] "Iteration: "
[1] 24
[1] "M: "
[1] 10
[1] 0.5125
[1] "M: "
[1] 60
[1] 0.5125
[1] "M: "
[1] 110
[1] 0.65
[1] "M: "
[1] 160
[1] 0.6625
[1] "M: "
[1] 210
[1] 0.7
[1] "M: "
[1] 260
[1] 0.7125
[1] "M: "
[1] 310
[1] 0.725
[1] "M: "
[1] 360
[1] 0.75
[1] "M: "
[1] 410
[1] 0.725
[1] "M: "
[1] 460
[1] 0.7375
[1] "M: "
[1] 510
[1] 0.725
[1] "M: "
[1] 560
[1] 0.725
[1] "M: "
[1] 610
[1] 0.725
[1] "M: "
[1] 660
[1] 0.7125
[1] "M: "
[1] 710
[1] 0.7375
[1] "M: "
[1] 760
[1] 0.7375
[1] "M: "
[1] 810
[1] 0.7375
[1] "M: "
[1] 860
[1] 0.7375
[1] "M: "
[1] 910
[1] 0.7375
[1] "M: "
[1] 960
[1] 0.75
[1] "M: "
[1] 1010
[1] 0.7625
[1] "M: "
[1] 1060
[1] 0.775
[1] "M: "
[1] 1110
[1] 0.75
[1] "M: "
[1] 1160
[1] 0.75
[1] "M: "
[1] 1210
[1] 0.75
[1] "M: "
[1] 1260
[1] 0.75
[1] "M: "
[1] 1310
[1] 0.725
[1] "M: "
[1] 1360
[1] 0.6875
[1] "M: "
[1] 1410
[1] 0.7125
[1] "M: "
[1] 1460
[1] 0.7125
[1] "M: "
[1] 1510
[1] 0.725
[1] "Iteration: "
[1] 25
[1] "M: "
[1] 10
[1] 0.6375
[1] "M: "
[1] 60
[1] 0.8125
[1] "M: "
[1] 110
[1] 0.8125
[1] "M: "
[1] 160
[1] 0.8
[1] "M: "
[1] 210
[1] 0.7625
[1] "M: "
[1] 260
[1] 0.7375
[1] "M: "
[1] 310
[1] 0.6875
[1] "M: "
[1] 360
[1] 0.675
[1] "M: "
[1] 410
[1] 0.6625
[1] "M: "
[1] 460
[1] 0.7125
[1] "M: "
[1] 510
[1] 0.7875
[1] "M: "
[1] 560
[1] 0.8125
[1] "M: "
[1] 610
[1] 0.8
[1] "M: "
[1] 660
[1] 0.8
[1] "M: "
[1] 710
[1] 0.7875
[1] "M: "
[1] 760
[1] 0.8
[1] "M: "
[1] 810
[1] 0.85
[1] "M: "
[1] 860
[1] 0.8625
[1] "M: "
[1] 910
[1] 0.8625
[1] "M: "
[1] 960
[1] 0.8625
[1] "M: "
[1] 1010
[1] 0.875
[1] "M: "
[1] 1060
[1] 0.8875
[1] "M: "
[1] 1110
[1] 0.875
[1] "M: "
[1] 1160
[1] 0.875
[1] "M: "
[1] 1210
[1] 0.875
[1] "M: "
[1] 1260
[1] 0.875
[1] "M: "
[1] 1310
[1] 0.9
[1] "M: "
[1] 1360
[1] 0.875
[1] "M: "
[1] 1410
[1] 0.8625
[1] "M: "
[1] 1460
[1] 0.8625
[1] "M: "
[1] 1510
[1] 0.875
[1] "Iteration: "
[1] 26
[1] "M: "
[1] 10
[1] 0.4625
[1] "M: "
[1] 60
[1] 0.6375
[1] "M: "
[1] 110
[1] 0.6
[1] "M: "
[1] 160
[1] 0.5875
[1] "M: "
[1] 210
[1] 0.575
[1] "M: "
[1] 260
[1] 0.5875
[1] "M: "
[1] 310
[1] 0.5875
[1] "M: "
[1] 360
[1] 0.6
[1] "M: "
[1] 410
[1] 0.6
[1] "M: "
[1] 460
[1] 0.6125
[1] "M: "
[1] 510
[1] 0.6375
[1] "M: "
[1] 560
[1] 0.675
[1] "M: "
[1] 610
[1] 0.7125
[1] "M: "
[1] 660
[1] 0.725
[1] "M: "
[1] 710
[1] 0.725
[1] "M: "
[1] 760
[1] 0.7125
[1] "M: "
[1] 810
[1] 0.7125
[1] "M: "
[1] 860
[1] 0.7125
[1] "M: "
[1] 910
[1] 0.7125
[1] "M: "
[1] 960
[1] 0.7125
[1] "M: "
[1] 1010
[1] 0.6875
[1] "M: "
[1] 1060
[1] 0.6875
[1] "M: "
[1] 1110
[1] 0.6875
[1] "M: "
[1] 1160
[1] 0.6875
[1] "M: "
[1] 1210
[1] 0.6875
[1] "M: "
[1] 1260
[1] 0.6875
[1] "M: "
[1] 1310
[1] 0.675
[1] "M: "
[1] 1360
[1] 0.675
[1] "M: "
[1] 1410
[1] 0.6625
[1] "M: "
[1] 1460
[1] 0.65
[1] "M: "
[1] 1510
[1] 0.65
[1] "Iteration: "
[1] 27
[1] "M: "
[1] 10
[1] 0.65
[1] "M: "
[1] 60
[1] 0.525
[1] "M: "
[1] 110
[1] 0.45
[1] "M: "
[1] 160
[1] 0.5875
[1] "M: "
[1] 210
[1] 0.55
[1] "M: "
[1] 260
[1] 0.5375
[1] "M: "
[1] 310
[1] 0.4875
[1] "M: "
[1] 360
[1] 0.475
[1] "M: "
[1] 410
[1] 0.4875
[1] "M: "
[1] 460
[1] 0.4875
[1] "M: "
[1] 510
[1] 0.525
[1] "M: "
[1] 560
[1] 0.55
[1] "M: "
[1] 610
[1] 0.55
[1] "M: "
[1] 660
[1] 0.6
[1] "M: "
[1] 710
[1] 0.5875
[1] "M: "
[1] 760
[1] 0.5875
[1] "M: "
[1] 810
[1] 0.5875
[1] "M: "
[1] 860
[1] 0.5875
[1] "M: "
[1] 910
[1] 0.5875
[1] "M: "
[1] 960
[1] 0.5875
[1] "M: "
[1] 1010
[1] 0.5875
[1] "M: "
[1] 1060
[1] 0.5875
[1] "M: "
[1] 1110
[1] 0.6
[1] "M: "
[1] 1160
[1] 0.6
[1] "M: "
[1] 1210
[1] 0.5875
[1] "M: "
[1] 1260
[1] 0.5875
[1] "M: "
[1] 1310
[1] 0.5875
[1] "M: "
[1] 1360
[1] 0.6
[1] "M: "
[1] 1410
[1] 0.6
[1] "M: "
[1] 1460
[1] 0.575
[1] "M: "
[1] 1510
[1] 0.5875
[1] "Iteration: "
[1] 28
[1] "M: "
[1] 10
[1] 0.625
[1] "M: "
[1] 60
[1] 0.6875
[1] "M: "
[1] 110
[1] 0.7125
[1] "M: "
[1] 160
[1] 0.7125
[1] "M: "
[1] 210
[1] 0.725
[1] "M: "
[1] 260
[1] 0.75
[1] "M: "
[1] 310
[1] 0.75
[1] "M: "
[1] 360
[1] 0.75
[1] "M: "
[1] 410
[1] 0.7625
[1] "M: "
[1] 460
[1] 0.7625
[1] "M: "
[1] 510
[1] 0.75
[1] "M: "
[1] 560
[1] 0.75
[1] "M: "
[1] 610
[1] 0.75
[1] "M: "
[1] 660
[1] 0.7375
[1] "M: "
[1] 710
[1] 0.7375
[1] "M: "
[1] 760
[1] 0.7375
[1] "M: "
[1] 810
[1] 0.7375
[1] "M: "
[1] 860
[1] 0.725
[1] "M: "
[1] 910
[1] 0.7
[1] "M: "
[1] 960
[1] 0.7
[1] "M: "
[1] 1010
[1] 0.7
[1] "M: "
[1] 1060
[1] 0.675
[1] "M: "
[1] 1110
[1] 0.675
[1] "M: "
[1] 1160
[1] 0.65
[1] "M: "
[1] 1210
[1] 0.65
[1] "M: "
[1] 1260
[1] 0.65
[1] "M: "
[1] 1310
[1] 0.65
[1] "M: "
[1] 1360
[1] 0.65
[1] "M: "
[1] 1410
[1] 0.65
[1] "M: "
[1] 1460
[1] 0.65
[1] "M: "
[1] 1510
[1] 0.65
[1] "Iteration: "
[1] 29
[1] "M: "
[1] 10
[1] 0.6375
[1] "M: "
[1] 60
[1] 0.6875
[1] "M: "
[1] 110
[1] 0.625
[1] "M: "
[1] 160
[1] 0.6375
[1] "M: "
[1] 210
[1] 0.6125
[1] "M: "
[1] 260
[1] 0.6
[1] "M: "
[1] 310
[1] 0.5875
[1] "M: "
[1] 360
[1] 0.575
[1] "M: "
[1] 410
[1] 0.575
[1] "M: "
[1] 460
[1] 0.5875
[1] "M: "
[1] 510
[1] 0.575
[1] "M: "
[1] 560
[1] 0.575
[1] "M: "
[1] 610
[1] 0.6
[1] "M: "
[1] 660
[1] 0.6
[1] "M: "
[1] 710
[1] 0.6
[1] "M: "
[1] 760
[1] 0.6
[1] "M: "
[1] 810
[1] 0.6125
[1] "M: "
[1] 860
[1] 0.6125
[1] "M: "
[1] 910
[1] 0.6125
[1] "M: "
[1] 960
[1] 0.5875
[1] "M: "
[1] 1010
[1] 0.6
[1] "M: "
[1] 1060
[1] 0.5875
[1] "M: "
[1] 1110
[1] 0.6
[1] "M: "
[1] 1160
[1] 0.6
[1] "M: "
[1] 1210
[1] 0.6
[1] "M: "
[1] 1260
[1] 0.6
[1] "M: "
[1] 1310
[1] 0.6
[1] "M: "
[1] 1360
[1] 0.6
[1] "M: "
[1] 1410
[1] 0.6
[1] "M: "
[1] 1460
[1] 0.6
[1] "M: "
[1] 1510
[1] 0.6125
[1] "Iteration: "
[1] 30
[1] "M: "
[1] 10
[1] 0.9375
[1] "M: "
[1] 60
[1] 0.625
[1] "M: "
[1] 110
[1] 0.5625
[1] "M: "
[1] 160
[1] 0.575
[1] "M: "
[1] 210
[1] 0.6125
[1] "M: "
[1] 260
[1] 0.6625
[1] "M: "
[1] 310
[1] 0.6875
[1] "M: "
[1] 360
[1] 0.6875
[1] "M: "
[1] 410
[1] 0.7125
[1] "M: "
[1] 460
[1] 0.7375
[1] "M: "
[1] 510
[1] 0.75
[1] "M: "
[1] 560
[1] 0.7625
[1] "M: "
[1] 610
[1] 0.7625
[1] "M: "
[1] 660
[1] 0.775
[1] "M: "
[1] 710
[1] 0.7625
[1] "M: "
[1] 760
[1] 0.775
[1] "M: "
[1] 810
[1] 0.775
[1] "M: "
[1] 860
[1] 0.8
[1] "M: "
[1] 910
[1] 0.8
[1] "M: "
[1] 960
[1] 0.8
[1] "M: "
[1] 1010
[1] 0.8125
[1] "M: "
[1] 1060
[1] 0.825
[1] "M: "
[1] 1110
[1] 0.825
[1] "M: "
[1] 1160
[1] 0.8125
[1] "M: "
[1] 1210
[1] 0.825
[1] "M: "
[1] 1260
[1] 0.8375
[1] "M: "
[1] 1310
[1] 0.8375
[1] "M: "
[1] 1360
[1] 0.8375
[1] "M: "
[1] 1410
[1] 0.8375
[1] "M: "
[1] 1460
[1] 0.8375
[1] "M: "
[1] 1510
[1] 0.8375
[1] "Iteration: "
[1] 31
[1] "M: "
[1] 10
[1] 0.6375
[1] "M: "
[1] 60
[1] 0.7875
[1] "M: "
[1] 110
[1] 0.75
[1] "M: "
[1] 160
[1] 0.7375
[1] "M: "
[1] 210
[1] 0.7
[1] "M: "
[1] 260
[1] 0.65
[1] "M: "
[1] 310
[1] 0.625
[1] "M: "
[1] 360
[1] 0.625
[1] "M: "
[1] 410
[1] 0.6
[1] "M: "
[1] 460
[1] 0.6
[1] "M: "
[1] 510
[1] 0.6
[1] "M: "
[1] 560
[1] 0.6
[1] "M: "
[1] 610
[1] 0.6125
[1] "M: "
[1] 660
[1] 0.65
[1] "M: "
[1] 710
[1] 0.6625
[1] "M: "
[1] 760
[1] 0.6625
[1] "M: "
[1] 810
[1] 0.675
[1] "M: "
[1] 860
[1] 0.6875
[1] "M: "
[1] 910
[1] 0.7
[1] "M: "
[1] 960
[1] 0.7
[1] "M: "
[1] 1010
[1] 0.7
[1] "M: "
[1] 1060
[1] 0.7125
[1] "M: "
[1] 1110
[1] 0.725
[1] "M: "
[1] 1160
[1] 0.725
[1] "M: "
[1] 1210
[1] 0.75
[1] "M: "
[1] 1260
[1] 0.775
[1] "M: "
[1] 1310
[1] 0.7875
[1] "M: "
[1] 1360
[1] 0.8
[1] "M: "
[1] 1410
[1] 0.8125
[1] "M: "
[1] 1460
[1] 0.8125
[1] "M: "
[1] 1510
[1] 0.825
[1] "Iteration: "
[1] 32
[1] "M: "
[1] 10
[1] 0.55
[1] "M: "
[1] 60
[1] 0.8125
[1] "M: "
[1] 110
[1] 0.7875
[1] "M: "
[1] 160
[1] 0.7625
[1] "M: "
[1] 210
[1] 0.7375
[1] "M: "
[1] 260
[1] 0.7375
[1] "M: "
[1] 310
[1] 0.725
[1] "M: "
[1] 360
[1] 0.7125
[1] "M: "
[1] 410
[1] 0.7125
[1] "M: "
[1] 460
[1] 0.7125
[1] "M: "
[1] 510
[1] 0.7125
[1] "M: "
[1] 560
[1] 0.675
[1] "M: "
[1] 610
[1] 0.7125
[1] "M: "
[1] 660
[1] 0.7125
[1] "M: "
[1] 710
[1] 0.7
[1] "M: "
[1] 760
[1] 0.7125
[1] "M: "
[1] 810
[1] 0.725
[1] "M: "
[1] 860
[1] 0.7375
[1] "M: "
[1] 910
[1] 0.7375
[1] "M: "
[1] 960
[1] 0.75
[1] "M: "
[1] 1010
[1] 0.7625
[1] "M: "
[1] 1060
[1] 0.7875
[1] "M: "
[1] 1110
[1] 0.8
[1] "M: "
[1] 1160
[1] 0.8125
[1] "M: "
[1] 1210
[1] 0.8125
[1] "M: "
[1] 1260
[1] 0.8125
[1] "M: "
[1] 1310
[1] 0.8125
[1] "M: "
[1] 1360
[1] 0.825
[1] "M: "
[1] 1410
[1] 0.8125
[1] "M: "
[1] 1460
[1] 0.825
[1] "M: "
[1] 1510
[1] 0.825
[1] "Iteration: "
[1] 33
[1] "M: "
[1] 10
[1] 0.7375
[1] "M: "
[1] 60
[1] 0.65
[1] "M: "
[1] 110
[1] 0.6375
[1] "M: "
[1] 160
[1] 0.625
[1] "M: "
[1] 210
[1] 0.625
[1] "M: "
[1] 260
[1] 0.625
[1] "M: "
[1] 310
[1] 0.5875
[1] "M: "
[1] 360
[1] 0.5875
[1] "M: "
[1] 410
[1] 0.6
[1] "M: "
[1] 460
[1] 0.6
[1] "M: "
[1] 510
[1] 0.625
[1] "M: "
[1] 560
[1] 0.6375
[1] "M: "
[1] 610
[1] 0.6625
[1] "M: "
[1] 660
[1] 0.7125
[1] "M: "
[1] 710
[1] 0.7125
[1] "M: "
[1] 760
[1] 0.725
[1] "M: "
[1] 810
[1] 0.75
[1] "M: "
[1] 860
[1] 0.7625
[1] "M: "
[1] 910
[1] 0.775
[1] "M: "
[1] 960
[1] 0.775
[1] "M: "
[1] 1010
[1] 0.7875
[1] "M: "
[1] 1060
[1] 0.7875
[1] "M: "
[1] 1110
[1] 0.8
[1] "M: "
[1] 1160
[1] 0.8
[1] "M: "
[1] 1210
[1] 0.8
[1] "M: "
[1] 1260
[1] 0.8
[1] "M: "
[1] 1310
[1] 0.8
[1] "M: "
[1] 1360
[1] 0.8125
[1] "M: "
[1] 1410
[1] 0.8125
[1] "M: "
[1] 1460
[1] 0.8125
[1] "M: "
[1] 1510
[1] 0.8125
[1] "Iteration: "
[1] 34
[1] "M: "
[1] 10
[1] 0.7375
[1] "M: "
[1] 60
[1] 0.9
[1] "M: "
[1] 110
[1] 0.8375
[1] "M: "
[1] 160
[1] 0.8
[1] "M: "
[1] 210
[1] 0.725
[1] "M: "
[1] 260
[1] 0.75
[1] "M: "
[1] 310
[1] 0.775
[1] "M: "
[1] 360
[1] 0.7875
[1] "M: "
[1] 410
[1] 0.8
[1] "M: "
[1] 460
[1] 0.8
[1] "M: "
[1] 510
[1] 0.8125
[1] "M: "
[1] 560
[1] 0.825
[1] "M: "
[1] 610
[1] 0.85
[1] "M: "
[1] 660
[1] 0.9125
[1] "M: "
[1] 710
[1] 0.925
[1] "M: "
[1] 760
[1] 0.925
[1] "M: "
[1] 810
[1] 0.925
[1] "M: "
[1] 860
[1] 0.95
[1] "M: "
[1] 910
[1] 0.9625
[1] "M: "
[1] 960
[1] 0.9625
[1] "M: "
[1] 1010
[1] 0.975
[1] "M: "
[1] 1060
[1] 0.975
[1] "M: "
[1] 1110
[1] 0.9875
[1] "M: "
[1] 1160
[1] 0.9875
[1] "M: "
[1] 1210
[1] 0.9875
[1] "M: "
[1] 1260
[1] 0.9875
[1] "M: "
[1] 1310
[1] 0.975
[1] "M: "
[1] 1360
[1] 0.975
[1] "M: "
[1] 1410
[1] 0.975
[1] "M: "
[1] 1460
[1] 0.975
[1] "M: "
[1] 1510
[1] 0.9625
[1] "Iteration: "
[1] 35
[1] "M: "
[1] 10
[1] 0.5375
[1] "M: "
[1] 60
[1] 0.65
[1] "M: "
[1] 110
[1] 0.625
[1] "M: "
[1] 160
[1] 0.6375
[1] "M: "
[1] 210
[1] 0.625
[1] "M: "
[1] 260
[1] 0.625
[1] "M: "
[1] 310
[1] 0.6125
[1] "M: "
[1] 360
[1] 0.6125
[1] "M: "
[1] 410
[1] 0.6
[1] "M: "
[1] 460
[1] 0.6
[1] "M: "
[1] 510
[1] 0.6
[1] "M: "
[1] 560
[1] 0.6
[1] "M: "
[1] 610
[1] 0.6
[1] "M: "
[1] 660
[1] 0.6
[1] "M: "
[1] 710
[1] 0.6125
[1] "M: "
[1] 760
[1] 0.6375
[1] "M: "
[1] 810
[1] 0.6375
[1] "M: "
[1] 860
[1] 0.6375
[1] "M: "
[1] 910
[1] 0.6375
[1] "M: "
[1] 960
[1] 0.65
[1] "M: "
[1] 1010
[1] 0.675
[1] "M: "
[1] 1060
[1] 0.675
[1] "M: "
[1] 1110
[1] 0.675
[1] "M: "
[1] 1160
[1] 0.675
[1] "M: "
[1] 1210
[1] 0.675
[1] "M: "
[1] 1260
[1] 0.6875
[1] "M: "
[1] 1310
[1] 0.6875
[1] "M: "
[1] 1360
[1] 0.6875
[1] "M: "
[1] 1410
[1] 0.7
[1] "M: "
[1] 1460
[1] 0.7
[1] "M: "
[1] 1510
[1] 0.7
[1] "Iteration: "
[1] 36
[1] "M: "
[1] 10
[1] 0.6
[1] "M: "
[1] 60
[1] 0.5125
[1] "M: "
[1] 110
[1] 0.425
[1] "M: "
[1] 160
[1] 0.45
[1] "M: "
[1] 210
[1] 0.475
[1] "M: "
[1] 260
[1] 0.5
[1] "M: "
[1] 310
[1] 0.5375
[1] "M: "
[1] 360
[1] 0.5375
[1] "M: "
[1] 410
[1] 0.5375
[1] "M: "
[1] 460
[1] 0.55
[1] "M: "
[1] 510
[1] 0.55
[1] "M: "
[1] 560
[1] 0.5375
[1] "M: "
[1] 610
[1] 0.5375
[1] "M: "
[1] 660
[1] 0.575
[1] "M: "
[1] 710
[1] 0.575
[1] "M: "
[1] 760
[1] 0.575
[1] "M: "
[1] 810
[1] 0.575
[1] "M: "
[1] 860
[1] 0.6
[1] "M: "
[1] 910
[1] 0.6
[1] "M: "
[1] 960
[1] 0.6125
[1] "M: "
[1] 1010
[1] 0.6125
[1] "M: "
[1] 1060
[1] 0.6125
[1] "M: "
[1] 1110
[1] 0.625
[1] "M: "
[1] 1160
[1] 0.625
[1] "M: "
[1] 1210
[1] 0.625
[1] "M: "
[1] 1260
[1] 0.625
[1] "M: "
[1] 1310
[1] 0.625
[1] "M: "
[1] 1360
[1] 0.625
[1] "M: "
[1] 1410
[1] 0.625
[1] "M: "
[1] 1460
[1] 0.625
[1] "M: "
[1] 1510
[1] 0.625
[1] "Iteration: "
[1] 37
[1] "M: "
[1] 10
[1] 0.5125
[1] "M: "
[1] 60
[1] 0.6125
[1] "M: "
[1] 110
[1] 0.6875
[1] "M: "
[1] 160
[1] 0.725
[1] "M: "
[1] 210
[1] 0.7125
[1] "M: "
[1] 260
[1] 0.7
[1] "M: "
[1] 310
[1] 0.6875
[1] "M: "
[1] 360
[1] 0.675
[1] "M: "
[1] 410
[1] 0.675
[1] "M: "
[1] 460
[1] 0.675
[1] "M: "
[1] 510
[1] 0.675
[1] "M: "
[1] 560
[1] 0.675
[1] "M: "
[1] 610
[1] 0.675
[1] "M: "
[1] 660
[1] 0.675
[1] "M: "
[1] 710
[1] 0.675
[1] "M: "
[1] 760
[1] 0.675
[1] "M: "
[1] 810
[1] 0.675
[1] "M: "
[1] 860
[1] 0.675
[1] "M: "
[1] 910
[1] 0.675
[1] "M: "
[1] 960
[1] 0.675
[1] "M: "
[1] 1010
[1] 0.675
[1] "M: "
[1] 1060
[1] 0.675
[1] "M: "
[1] 1110
[1] 0.675
[1] "M: "
[1] 1160
[1] 0.675
[1] "M: "
[1] 1210
[1] 0.675
[1] "M: "
[1] 1260
[1] 0.675
[1] "M: "
[1] 1310
[1] 0.675
[1] "M: "
[1] 1360
[1] 0.675
[1] "M: "
[1] 1410
[1] 0.675
[1] "M: "
[1] 1460
[1] 0.675
[1] "M: "
[1] 1510
[1] 0.675
[1] "Iteration: "
[1] 38
[1] "M: "
[1] 10
[1] 0.8625
[1] "M: "
[1] 60
[1] 0.8125
[1] "M: "
[1] 110
[1] 0.7875
[1] "M: "
[1] 160
[1] 0.775
[1] "M: "
[1] 210
[1] 0.775
[1] "M: "
[1] 260
[1] 0.7875
[1] "M: "
[1] 310
[1] 0.7875
[1] "M: "
[1] 360
[1] 0.775
[1] "M: "
[1] 410
[1] 0.775
[1] "M: "
[1] 460
[1] 0.775
[1] "M: "
[1] 510
[1] 0.775
[1] "M: "
[1] 560
[1] 0.775
[1] "M: "
[1] 610
[1] 0.775
[1] "M: "
[1] 660
[1] 0.775
[1] "M: "
[1] 710
[1] 0.775
[1] "M: "
[1] 760
[1] 0.775
[1] "M: "
[1] 810
[1] 0.775
[1] "M: "
[1] 860
[1] 0.775
[1] "M: "
[1] 910
[1] 0.775
[1] "M: "
[1] 960
[1] 0.775
[1] "M: "
[1] 1010
[1] 0.775
[1] "M: "
[1] 1060
[1] 0.775
[1] "M: "
[1] 1110
[1] 0.775
[1] "M: "
[1] 1160
[1] 0.7875
[1] "M: "
[1] 1210
[1] 0.7875
[1] "M: "
[1] 1260
[1] 0.7875
[1] "M: "
[1] 1310
[1] 0.7875
[1] "M: "
[1] 1360
[1] 0.7875
[1] "M: "
[1] 1410
[1] 0.7875
[1] "M: "
[1] 1460
[1] 0.7875
[1] "M: "
[1] 1510
[1] 0.7875
[1] "Iteration: "
[1] 39
[1] "M: "
[1] 10
[1] 0.6
[1] "M: "
[1] 60
[1] 0.5625
[1] "M: "
[1] 110
[1] 0.7625
[1] "M: "
[1] 160
[1] 0.775
[1] "M: "
[1] 210
[1] 0.775
[1] "M: "
[1] 260
[1] 0.8125
[1] "M: "
[1] 310
[1] 0.8625
[1] "M: "
[1] 360
[1] 0.875
[1] "M: "
[1] 410
[1] 0.8875
[1] "M: "
[1] 460
[1] 0.9125
[1] "M: "
[1] 510
[1] 0.9125
[1] "M: "
[1] 560
[1] 0.8875
[1] "M: "
[1] 610
[1] 0.9375
[1] "M: "
[1] 660
[1] 0.9125
[1] "M: "
[1] 710
[1] 0.9125
[1] "M: "
[1] 760
[1] 0.9125
[1] "M: "
[1] 810
[1] 0.9125
[1] "M: "
[1] 860
[1] 0.9125
[1] "M: "
[1] 910
[1] 0.925
[1] "M: "
[1] 960
[1] 0.925
[1] "M: "
[1] 1010
[1] 0.925
[1] "M: "
[1] 1060
[1] 0.925
[1] "M: "
[1] 1110
[1] 0.925
[1] "M: "
[1] 1160
[1] 0.9375
[1] "M: "
[1] 1210
[1] 0.95
[1] "M: "
[1] 1260
[1] 0.95
[1] "M: "
[1] 1310
[1] 0.95
[1] "M: "
[1] 1360
[1] 0.95
[1] "M: "
[1] 1410
[1] 0.95
[1] "M: "
[1] 1460
[1] 0.95
[1] "M: "
[1] 1510
[1] 0.95
[1] "Iteration: "
[1] 40
[1] "M: "
[1] 10
[1] 0.8
[1] "M: "
[1] 60
[1] 0.5875
[1] "M: "
[1] 110
[1] 0.7125
[1] "M: "
[1] 160
[1] 0.7125
[1] "M: "
[1] 210
[1] 0.6625
[1] "M: "
[1] 260
[1] 0.6625
[1] "M: "
[1] 310
[1] 0.6875
[1] "M: "
[1] 360
[1] 0.7
[1] "M: "
[1] 410
[1] 0.6875
[1] "M: "
[1] 460
[1] 0.7125
[1] "M: "
[1] 510
[1] 0.725
[1] "M: "
[1] 560
[1] 0.725
[1] "M: "
[1] 610
[1] 0.7625
[1] "M: "
[1] 660
[1] 0.775
[1] "M: "
[1] 710
[1] 0.775
[1] "M: "
[1] 760
[1] 0.775
[1] "M: "
[1] 810
[1] 0.775
[1] "M: "
[1] 860
[1] 0.8
[1] "M: "
[1] 910
[1] 0.7875
[1] "M: "
[1] 960
[1] 0.8
[1] "M: "
[1] 1010
[1] 0.8
[1] "M: "
[1] 1060
[1] 0.8
[1] "M: "
[1] 1110
[1] 0.8125
[1] "M: "
[1] 1160
[1] 0.8375
[1] "M: "
[1] 1210
[1] 0.8375
[1] "M: "
[1] 1260
[1] 0.8375
[1] "M: "
[1] 1310
[1] 0.8375
[1] "M: "
[1] 1360
[1] 0.85
[1] "M: "
[1] 1410
[1] 0.85
[1] "M: "
[1] 1460
[1] 0.85
[1] "M: "
[1] 1510
[1] 0.85
[1] "Iteration: "
[1] 41
[1] "M: "
[1] 10
[1] 0.5
[1] "M: "
[1] 60
[1] 0.8
[1] "M: "
[1] 110
[1] 0.8
[1] "M: "
[1] 160
[1] 0.8375
[1] "M: "
[1] 210
[1] 0.8125
[1] "M: "
[1] 260
[1] 0.8
[1] "M: "
[1] 310
[1] 0.825
[1] "M: "
[1] 360
[1] 0.8625
[1] "M: "
[1] 410
[1] 0.85
[1] "M: "
[1] 460
[1] 0.875
[1] "M: "
[1] 510
[1] 0.8625
[1] "M: "
[1] 560
[1] 0.8625
[1] "M: "
[1] 610
[1] 0.8625
[1] "M: "
[1] 660
[1] 0.8625
[1] "M: "
[1] 710
[1] 0.8625
[1] "M: "
[1] 760
[1] 0.8625
[1] "M: "
[1] 810
[1] 0.8625
[1] "M: "
[1] 860
[1] 0.8625
[1] "M: "
[1] 910
[1] 0.8625
[1] "M: "
[1] 960
[1] 0.875
[1] "M: "
[1] 1010
[1] 0.875
[1] "M: "
[1] 1060
[1] 0.875
[1] "M: "
[1] 1110
[1] 0.875
[1] "M: "
[1] 1160
[1] 0.875
[1] "M: "
[1] 1210
[1] 0.875
[1] "M: "
[1] 1260
[1] 0.875
[1] "M: "
[1] 1310
[1] 0.875
[1] "M: "
[1] 1360
[1] 0.875
[1] "M: "
[1] 1410
[1] 0.875
[1] "M: "
[1] 1460
[1] 0.8875
[1] "M: "
[1] 1510
[1] 0.8875
[1] "Iteration: "
[1] 42
[1] "M: "
[1] 10
[1] 0.6375
[1] "M: "
[1] 60
[1] 0.7
[1] "M: "
[1] 110
[1] 0.7125
[1] "M: "
[1] 160
[1] 0.725
[1] "M: "
[1] 210
[1] 0.7375
[1] "M: "
[1] 260
[1] 0.7375
[1] "M: "
[1] 310
[1] 0.7625
[1] "M: "
[1] 360
[1] 0.75
[1] "M: "
[1] 410
[1] 0.75
[1] "M: "
[1] 460
[1] 0.75
[1] "M: "
[1] 510
[1] 0.75
[1] "M: "
[1] 560
[1] 0.75
[1] "M: "
[1] 610
[1] 0.75
[1] "M: "
[1] 660
[1] 0.75
[1] "M: "
[1] 710
[1] 0.75
[1] "M: "
[1] 760
[1] 0.75
[1] "M: "
[1] 810
[1] 0.75
[1] "M: "
[1] 860
[1] 0.75
[1] "M: "
[1] 910
[1] 0.7625
[1] "M: "
[1] 960
[1] 0.7625
[1] "M: "
[1] 1010
[1] 0.7625
[1] "M: "
[1] 1060
[1] 0.7625
[1] "M: "
[1] 1110
[1] 0.7625
[1] "M: "
[1] 1160
[1] 0.7875
[1] "M: "
[1] 1210
[1] 0.8
[1] "M: "
[1] 1260
[1] 0.8
[1] "M: "
[1] 1310
[1] 0.8
[1] "M: "
[1] 1360
[1] 0.8125
[1] "M: "
[1] 1410
[1] 0.8125
[1] "M: "
[1] 1460
[1] 0.8125
[1] "M: "
[1] 1510
[1] 0.8125
[1] "Iteration: "
[1] 43
[1] "M: "
[1] 10
[1] 0.5875
[1] "M: "
[1] 60
[1] 0.8625
[1] "M: "
[1] 110
[1] 0.8625
[1] "M: "
[1] 160
[1] 0.9125
[1] "M: "
[1] 210
[1] 0.925
[1] "M: "
[1] 260
[1] 0.9125
[1] "M: "
[1] 310
[1] 0.9125
[1] "M: "
[1] 360
[1] 0.925
[1] "M: "
[1] 410
[1] 0.925
[1] "M: "
[1] 460
[1] 0.925
[1] "M: "
[1] 510
[1] 0.925
[1] "M: "
[1] 560
[1] 0.9375
[1] "M: "
[1] 610
[1] 0.95
[1] "M: "
[1] 660
[1] 0.95
[1] "M: "
[1] 710
[1] 0.95
[1] "M: "
[1] 760
[1] 0.9625
[1] "M: "
[1] 810
[1] 0.9625
[1] "M: "
[1] 860
[1] 0.9625
[1] "M: "
[1] 910
[1] 0.9625
[1] "M: "
[1] 960
[1] 0.9625
[1] "M: "
[1] 1010
[1] 0.9625
[1] "M: "
[1] 1060
[1] 0.9625
[1] "M: "
[1] 1110
[1] 0.9625
[1] "M: "
[1] 1160
[1] 0.9625
[1] "M: "
[1] 1210
[1] 0.975
[1] "M: "
[1] 1260
[1] 0.975
[1] "M: "
[1] 1310
[1] 0.975
[1] "M: "
[1] 1360
[1] 0.975
[1] "M: "
[1] 1410
[1] 0.9875
[1] "M: "
[1] 1460
[1] 0.9875
[1] "M: "
[1] 1510
[1] 0.9875
[1] "Iteration: "
[1] 44
[1] "M: "
[1] 10
[1] 0.6375
[1] "M: "
[1] 60
[1] 0.6875
[1] "M: "
[1] 110
[1] 0.725
[1] "M: "
[1] 160
[1] 0.7125
[1] "M: "
[1] 210
[1] 0.725
[1] "M: "
[1] 260
[1] 0.7125
[1] "M: "
[1] 310
[1] 0.7
[1] "M: "
[1] 360
[1] 0.675
[1] "M: "
[1] 410
[1] 0.675
[1] "M: "
[1] 460
[1] 0.675
[1] "M: "
[1] 510
[1] 0.675
[1] "M: "
[1] 560
[1] 0.675
[1] "M: "
[1] 610
[1] 0.6625
[1] "M: "
[1] 660
[1] 0.6625
[1] "M: "
[1] 710
[1] 0.6625
[1] "M: "
[1] 760
[1] 0.6625
[1] "M: "
[1] 810
[1] 0.6625
[1] "M: "
[1] 860
[1] 0.6875
[1] "M: "
[1] 910
[1] 0.6875
[1] "M: "
[1] 960
[1] 0.7
[1] "M: "
[1] 1010
[1] 0.7
[1] "M: "
[1] 1060
[1] 0.7
[1] "M: "
[1] 1110
[1] 0.7
[1] "M: "
[1] 1160
[1] 0.7
[1] "M: "
[1] 1210
[1] 0.7
[1] "M: "
[1] 1260
[1] 0.7
[1] "M: "
[1] 1310
[1] 0.7
[1] "M: "
[1] 1360
[1] 0.7
[1] "M: "
[1] 1410
[1] 0.7
[1] "M: "
[1] 1460
[1] 0.7
[1] "M: "
[1] 1510
[1] 0.7
[1] "Iteration: "
[1] 45
[1] "M: "
[1] 10
[1] 0.7
[1] "M: "
[1] 60
[1] 0.625
[1] "M: "
[1] 110
[1] 0.5875
[1] "M: "
[1] 160
[1] 0.5875
[1] "M: "
[1] 210
[1] 0.6375
[1] "M: "
[1] 260
[1] 0.6625
[1] "M: "
[1] 310
[1] 0.675
[1] "M: "
[1] 360
[1] 0.675
[1] "M: "
[1] 410
[1] 0.675
[1] "M: "
[1] 460
[1] 0.6625
[1] "M: "
[1] 510
[1] 0.6625
[1] "M: "
[1] 560
[1] 0.6625
[1] "M: "
[1] 610
[1] 0.6625
[1] "M: "
[1] 660
[1] 0.6625
[1] "M: "
[1] 710
[1] 0.6625
[1] "M: "
[1] 760
[1] 0.6625
[1] "M: "
[1] 810
[1] 0.6625
[1] "M: "
[1] 860
[1] 0.6625
[1] "M: "
[1] 910
[1] 0.6625
[1] "M: "
[1] 960
[1] 0.6625
[1] "M: "
[1] 1010
[1] 0.6625
[1] "M: "
[1] 1060
[1] 0.6625
[1] "M: "
[1] 1110
[1] 0.6625
[1] "M: "
[1] 1160
[1] 0.65
[1] "M: "
[1] 1210
[1] 0.65
[1] "M: "
[1] 1260
[1] 0.6625
[1] "M: "
[1] 1310
[1] 0.6625
[1] "M: "
[1] 1360
[1] 0.6625
[1] "M: "
[1] 1410
[1] 0.6625
[1] "M: "
[1] 1460
[1] 0.6625
[1] "M: "
[1] 1510
[1] 0.6625
[1] "Iteration: "
[1] 46
[1] "M: "
[1] 10
[1] 0.5125
[1] "M: "
[1] 60
[1] 0.6
[1] "M: "
[1] 110
[1] 0.6625
[1] "M: "
[1] 160
[1] 0.6875
[1] "M: "
[1] 210
[1] 0.6875
[1] "M: "
[1] 260
[1] 0.6875
[1] "M: "
[1] 310
[1] 0.7
[1] "M: "
[1] 360
[1] 0.7
[1] "M: "
[1] 410
[1] 0.7
[1] "M: "
[1] 460
[1] 0.7
[1] "M: "
[1] 510
[1] 0.7125
[1] "M: "
[1] 560
[1] 0.7125
[1] "M: "
[1] 610
[1] 0.7
[1] "M: "
[1] 660
[1] 0.7
[1] "M: "
[1] 710
[1] 0.7125
[1] "M: "
[1] 760
[1] 0.7125
[1] "M: "
[1] 810
[1] 0.7125
[1] "M: "
[1] 860
[1] 0.7
[1] "M: "
[1] 910
[1] 0.6875
[1] "M: "
[1] 960
[1] 0.6875
[1] "M: "
[1] 1010
[1] 0.6875
[1] "M: "
[1] 1060
[1] 0.6875
[1] "M: "
[1] 1110
[1] 0.6875
[1] "M: "
[1] 1160
[1] 0.6875
[1] "M: "
[1] 1210
[1] 0.6875
[1] "M: "
[1] 1260
[1] 0.6875
[1] "M: "
[1] 1310
[1] 0.6875
[1] "M: "
[1] 1360
[1] 0.675
[1] "M: "
[1] 1410
[1] 0.675
[1] "M: "
[1] 1460
[1] 0.675
[1] "M: "
[1] 1510
[1] 0.675
[1] "Iteration: "
[1] 47
[1] "M: "
[1] 10
[1] 0.6875
[1] "M: "
[1] 60
[1] 0.675
[1] "M: "
[1] 110
[1] 0.65
[1] "M: "
[1] 160
[1] 0.675
[1] "M: "
[1] 210
[1] 0.6875
[1] "M: "
[1] 260
[1] 0.7
[1] "M: "
[1] 310
[1] 0.7
[1] "M: "
[1] 360
[1] 0.7
[1] "M: "
[1] 410
[1] 0.7
[1] "M: "
[1] 460
[1] 0.7
[1] "M: "
[1] 510
[1] 0.7
[1] "M: "
[1] 560
[1] 0.7
[1] "M: "
[1] 610
[1] 0.7
[1] "M: "
[1] 660
[1] 0.7
[1] "M: "
[1] 710
[1] 0.7
[1] "M: "
[1] 760
[1] 0.7
[1] "M: "
[1] 810
[1] 0.7
[1] "M: "
[1] 860
[1] 0.7
[1] "M: "
[1] 910
[1] 0.7
[1] "M: "
[1] 960
[1] 0.7
[1] "M: "
[1] 1010
[1] 0.7
[1] "M: "
[1] 1060
[1] 0.7
[1] "M: "
[1] 1110
[1] 0.7
[1] "M: "
[1] 1160
[1] 0.7
[1] "M: "
[1] 1210
[1] 0.7125
[1] "M: "
[1] 1260
[1] 0.725
[1] "M: "
[1] 1310
[1] 0.725
[1] "M: "
[1] 1360
[1] 0.725
[1] "M: "
[1] 1410
[1] 0.725
[1] "M: "
[1] 1460
[1] 0.725
[1] "M: "
[1] 1510
[1] 0.725
[1] "Iteration: "
[1] 48
[1] "M: "
[1] 10
[1] 0.7125
[1] "M: "
[1] 60
[1] 0.725
[1] "M: "
[1] 110
[1] 0.7
[1] "M: "
[1] 160
[1] 0.7
[1] "M: "
[1] 210
[1] 0.7125
[1] "M: "
[1] 260
[1] 0.725
[1] "M: "
[1] 310
[1] 0.7125
[1] "M: "
[1] 360
[1] 0.7
[1] "M: "
[1] 410
[1] 0.6875
[1] "M: "
[1] 460
[1] 0.7125
[1] "M: "
[1] 510
[1] 0.7375
[1] "M: "
[1] 560
[1] 0.7375
[1] "M: "
[1] 610
[1] 0.75
[1] "M: "
[1] 660
[1] 0.7875
[1] "M: "
[1] 710
[1] 0.775
[1] "M: "
[1] 760
[1] 0.8
[1] "M: "
[1] 810
[1] 0.8
[1] "M: "
[1] 860
[1] 0.8
[1] "M: "
[1] 910
[1] 0.8
[1] "M: "
[1] 960
[1] 0.8
[1] "M: "
[1] 1010
[1] 0.8
[1] "M: "
[1] 1060
[1] 0.8
[1] "M: "
[1] 1110
[1] 0.825
[1] "M: "
[1] 1160
[1] 0.825
[1] "M: "
[1] 1210
[1] 0.825
[1] "M: "
[1] 1260
[1] 0.825
[1] "M: "
[1] 1310
[1] 0.8375
[1] "M: "
[1] 1360
[1] 0.8375
[1] "M: "
[1] 1410
[1] 0.8375
[1] "M: "
[1] 1460
[1] 0.8375
[1] "M: "
[1] 1510
[1] 0.8375
[1] "Iteration: "
[1] 49
[1] "M: "
[1] 10
[1] 0.5375
[1] "M: "
[1] 60
[1] 0.7875
[1] "M: "
[1] 110
[1] 0.8
[1] "M: "
[1] 160
[1] 0.7375
[1] "M: "
[1] 210
[1] 0.7
[1] "M: "
[1] 260
[1] 0.6625
[1] "M: "
[1] 310
[1] 0.625
[1] "M: "
[1] 360
[1] 0.6
[1] "M: "
[1] 410
[1] 0.6
[1] "M: "
[1] 460
[1] 0.6
[1] "M: "
[1] 510
[1] 0.6
[1] "M: "
[1] 560
[1] 0.575
[1] "M: "
[1] 610
[1] 0.5625
[1] "M: "
[1] 660
[1] 0.575
[1] "M: "
[1] 710
[1] 0.5625
[1] "M: "
[1] 760
[1] 0.5625
[1] "M: "
[1] 810
[1] 0.5625
[1] "M: "
[1] 860
[1] 0.5375
[1] "M: "
[1] 910
[1] 0.5625
[1] "M: "
[1] 960
[1] 0.575
[1] "M: "
[1] 1010
[1] 0.5875
[1] "M: "
[1] 1060
[1] 0.5875
[1] "M: "
[1] 1110
[1] 0.5875
[1] "M: "
[1] 1160
[1] 0.5875
[1] "M: "
[1] 1210
[1] 0.5875
[1] "M: "
[1] 1260
[1] 0.6
[1] "M: "
[1] 1310
[1] 0.6
[1] "M: "
[1] 1360
[1] 0.6125
[1] "M: "
[1] 1410
[1] 0.6125
[1] "M: "
[1] 1460
[1] 0.625
[1] "M: "
[1] 1510
[1] 0.6375
[1] "Iteration: "
[1] 50
[1] "M: "
[1] 10
[1] 0.9125
[1] "M: "
[1] 60
[1] 0.725
[1] "M: "
[1] 110
[1] 0.8
[1] "M: "
[1] 160
[1] 0.775
[1] "M: "
[1] 210
[1] 0.7625
[1] "M: "
[1] 260
[1] 0.75
[1] "M: "
[1] 310
[1] 0.775
[1] "M: "
[1] 360
[1] 0.7875
[1] "M: "
[1] 410
[1] 0.775
[1] "M: "
[1] 460
[1] 0.7875
[1] "M: "
[1] 510
[1] 0.7875
[1] "M: "
[1] 560
[1] 0.775
[1] "M: "
[1] 610
[1] 0.7625
[1] "M: "
[1] 660
[1] 0.75
[1] "M: "
[1] 710
[1] 0.725
[1] "M: "
[1] 760
[1] 0.725
[1] "M: "
[1] 810
[1] 0.725
[1] "M: "
[1] 860
[1] 0.725
[1] "M: "
[1] 910
[1] 0.725
[1] "M: "
[1] 960
[1] 0.7125
[1] "M: "
[1] 1010
[1] 0.725
[1] "M: "
[1] 1060
[1] 0.725
[1] "M: "
[1] 1110
[1] 0.7125
[1] "M: "
[1] 1160
[1] 0.7125
[1] "M: "
[1] 1210
[1] 0.7125
[1] "M: "
[1] 1260
[1] 0.7125
[1] "M: "
[1] 1310
[1] 0.7125
[1] "M: "
[1] 1360
[1] 0.7125
[1] "M: "
[1] 1410
[1] 0.7125
[1] "M: "
[1] 1460
[1] 0.7125
[1] "M: "
[1] 1510
[1] 0.725
[1] "Iteration: "
[1] 51
[1] "M: "
[1] 10
[1] 0.85
[1] "M: "
[1] 60
[1] 0.675
[1] "M: "
[1] 110
[1] 0.6625
[1] "M: "
[1] 160
[1] 0.6625
[1] "M: "
[1] 210
[1] 0.6625
[1] "M: "
[1] 260
[1] 0.6625
[1] "M: "
[1] 310
[1] 0.65
[1] "M: "
[1] 360
[1] 0.65
[1] "M: "
[1] 410
[1] 0.65
[1] "M: "
[1] 460
[1] 0.6625
[1] "M: "
[1] 510
[1] 0.6625
[1] "M: "
[1] 560
[1] 0.675
[1] "M: "
[1] 610
[1] 0.675
[1] "M: "
[1] 660
[1] 0.675
[1] "M: "
[1] 710
[1] 0.675
[1] "M: "
[1] 760
[1] 0.6875
[1] "M: "
[1] 810
[1] 0.6875
[1] "M: "
[1] 860
[1] 0.6875
[1] "M: "
[1] 910
[1] 0.6875
[1] "M: "
[1] 960
[1] 0.6875
[1] "M: "
[1] 1010
[1] 0.6875
[1] "M: "
[1] 1060
[1] 0.675
[1] "M: "
[1] 1110
[1] 0.675
[1] "M: "
[1] 1160
[1] 0.6625
[1] "M: "
[1] 1210
[1] 0.6625
[1] "M: "
[1] 1260
[1] 0.6625
[1] "M: "
[1] 1310
[1] 0.6625
[1] "M: "
[1] 1360
[1] 0.6625
[1] "M: "
[1] 1410
[1] 0.6625
[1] "M: "
[1] 1460
[1] 0.6625
[1] "M: "
[1] 1510
[1] 0.6625
[1] "Iteration: "
[1] 52
[1] "M: "
[1] 10
[1] 0.425
[1] "M: "
[1] 60
[1] 0.9625
[1] "M: "
[1] 110
[1] 0.9625
[1] "M: "
[1] 160
[1] 0.9
[1] "M: "
[1] 210
[1] 0.85
[1] "M: "
[1] 260
[1] 0.8375
[1] "M: "
[1] 310
[1] 0.825
[1] "M: "
[1] 360
[1] 0.8375
[1] "M: "
[1] 410
[1] 0.8375
[1] "M: "
[1] 460
[1] 0.875
[1] "M: "
[1] 510
[1] 0.875
[1] "M: "
[1] 560
[1] 0.8875
[1] "M: "
[1] 610
[1] 0.9
[1] "M: "
[1] 660
[1] 0.9
[1] "M: "
[1] 710
[1] 0.9125
[1] "M: "
[1] 760
[1] 0.9125
[1] "M: "
[1] 810
[1] 0.9125
[1] "M: "
[1] 860
[1] 0.9125
[1] "M: "
[1] 910
[1] 0.9125
[1] "M: "
[1] 960
[1] 0.925
[1] "M: "
[1] 1010
[1] 0.925
[1] "M: "
[1] 1060
[1] 0.9375
[1] "M: "
[1] 1110
[1] 0.95
[1] "M: "
[1] 1160
[1] 0.95
[1] "M: "
[1] 1210
[1] 0.9625
[1] "M: "
[1] 1260
[1] 0.9625
[1] "M: "
[1] 1310
[1] 0.9375
[1] "M: "
[1] 1360
[1] 0.95
[1] "M: "
[1] 1410
[1] 0.95
[1] "M: "
[1] 1460
[1] 0.95
[1] "M: "
[1] 1510
[1] 0.95
[1] "Iteration: "
[1] 53
[1] "M: "
[1] 10
[1] 0.725
[1] "M: "
[1] 60
[1] 0.7875
[1] "M: "
[1] 110
[1] 0.775
[1] "M: "
[1] 160
[1] 0.7625
[1] "M: "
[1] 210
[1] 0.7125
[1] "M: "
[1] 260
[1] 0.7
[1] "M: "
[1] 310
[1] 0.7
[1] "M: "
[1] 360
[1] 0.725
[1] "M: "
[1] 410
[1] 0.7
[1] "M: "
[1] 460
[1] 0.6875
[1] "M: "
[1] 510
[1] 0.6625
[1] "M: "
[1] 560
[1] 0.675
[1] "M: "
[1] 610
[1] 0.675
[1] "M: "
[1] 660
[1] 0.675
[1] "M: "
[1] 710
[1] 0.675
[1] "M: "
[1] 760
[1] 0.675
[1] "M: "
[1] 810
[1] 0.675
[1] "M: "
[1] 860
[1] 0.675
[1] "M: "
[1] 910
[1] 0.6875
[1] "M: "
[1] 960
[1] 0.7
[1] "M: "
[1] 1010
[1] 0.7
[1] "M: "
[1] 1060
[1] 0.7
[1] "M: "
[1] 1110
[1] 0.6875
[1] "M: "
[1] 1160
[1] 0.6875
[1] "M: "
[1] 1210
[1] 0.7
[1] "M: "
[1] 1260
[1] 0.7
[1] "M: "
[1] 1310
[1] 0.7125
[1] "M: "
[1] 1360
[1] 0.7
[1] "M: "
[1] 1410
[1] 0.7
[1] "M: "
[1] 1460
[1] 0.7
[1] "M: "
[1] 1510
[1] 0.7
[1] "Iteration: "
[1] 54
[1] "M: "
[1] 10
[1] 0.625
[1] "M: "
[1] 60
[1] 0.6875
[1] "M: "
[1] 110
[1] 0.65
[1] "M: "
[1] 160
[1] 0.6375
[1] "M: "
[1] 210
[1] 0.6375
[1] "M: "
[1] 260
[1] 0.6375
[1] "M: "
[1] 310
[1] 0.625
[1] "M: "
[1] 360
[1] 0.6125
[1] "M: "
[1] 410
[1] 0.6
[1] "M: "
[1] 460
[1] 0.6
[1] "M: "
[1] 510
[1] 0.6
[1] "M: "
[1] 560
[1] 0.6
[1] "M: "
[1] 610
[1] 0.6
[1] "M: "
[1] 660
[1] 0.6
[1] "M: "
[1] 710
[1] 0.6
[1] "M: "
[1] 760
[1] 0.5875
[1] "M: "
[1] 810
[1] 0.6
[1] "M: "
[1] 860
[1] 0.6
[1] "M: "
[1] 910
[1] 0.6
[1] "M: "
[1] 960
[1] 0.6
[1] "M: "
[1] 1010
[1] 0.6125
[1] "M: "
[1] 1060
[1] 0.6125
[1] "M: "
[1] 1110
[1] 0.6125
[1] "M: "
[1] 1160
[1] 0.6125
[1] "M: "
[1] 1210
[1] 0.6125
[1] "M: "
[1] 1260
[1] 0.6125
[1] "M: "
[1] 1310
[1] 0.6125
[1] "M: "
[1] 1360
[1] 0.6125
[1] "M: "
[1] 1410
[1] 0.6125
[1] "M: "
[1] 1460
[1] 0.6125
[1] "M: "
[1] 1510
[1] 0.6125
[1] "Iteration: "
[1] 55
[1] "M: "
[1] 10
[1] 0.4625
[1] "M: "
[1] 60
[1] 0.5875
[1] "M: "
[1] 110
[1] 0.65
[1] "M: "
[1] 160
[1] 0.675
[1] "M: "
[1] 210
[1] 0.6875
[1] "M: "
[1] 260
[1] 0.675
[1] "M: "
[1] 310
[1] 0.675
[1] "M: "
[1] 360
[1] 0.6625
[1] "M: "
[1] 410
[1] 0.6625
[1] "M: "
[1] 460
[1] 0.6625
[1] "M: "
[1] 510
[1] 0.675
[1] "M: "
[1] 560
[1] 0.6875
[1] "M: "
[1] 610
[1] 0.6875
[1] "M: "
[1] 660
[1] 0.6875
[1] "M: "
[1] 710
[1] 0.6875
[1] "M: "
[1] 760
[1] 0.6875
[1] "M: "
[1] 810
[1] 0.675
[1] "M: "
[1] 860
[1] 0.675
[1] "M: "
[1] 910
[1] 0.675
[1] "M: "
[1] 960
[1] 0.675
[1] "M: "
[1] 1010
[1] 0.675
[1] "M: "
[1] 1060
[1] 0.675
[1] "M: "
[1] 1110
[1] 0.675
[1] "M: "
[1] 1160
[1] 0.675
[1] "M: "
[1] 1210
[1] 0.675
[1] "M: "
[1] 1260
[1] 0.675
[1] "M: "
[1] 1310
[1] 0.675
[1] "M: "
[1] 1360
[1] 0.675
[1] "M: "
[1] 1410
[1] 0.675
[1] "M: "
[1] 1460
[1] 0.65
[1] "M: "
[1] 1510
[1] 0.65
[1] "Iteration: "
[1] 56
[1] "M: "
[1] 10
[1] 0.675
[1] "M: "
[1] 60
[1] 0.7
[1] "M: "
[1] 110
[1] 0.7375
[1] "M: "
[1] 160
[1] 0.7375
[1] "M: "
[1] 210
[1] 0.75
[1] "M: "
[1] 260
[1] 0.75
[1] "M: "
[1] 310
[1] 0.75
[1] "M: "
[1] 360
[1] 0.7375
[1] "M: "
[1] 410
[1] 0.725
[1] "M: "
[1] 460
[1] 0.725
[1] "M: "
[1] 510
[1] 0.7
[1] "M: "
[1] 560
[1] 0.7
[1] "M: "
[1] 610
[1] 0.7
[1] "M: "
[1] 660
[1] 0.7
[1] "M: "
[1] 710
[1] 0.7
[1] "M: "
[1] 760
[1] 0.7
[1] "M: "
[1] 810
[1] 0.7
[1] "M: "
[1] 860
[1] 0.7
[1] "M: "
[1] 910
[1] 0.7
[1] "M: "
[1] 960
[1] 0.7
[1] "M: "
[1] 1010
[1] 0.7
[1] "M: "
[1] 1060
[1] 0.7
[1] "M: "
[1] 1110
[1] 0.6875
[1] "M: "
[1] 1160
[1] 0.6875
[1] "M: "
[1] 1210
[1] 0.6875
[1] "M: "
[1] 1260
[1] 0.6875
[1] "M: "
[1] 1310
[1] 0.6875
[1] "M: "
[1] 1360
[1] 0.675
[1] "M: "
[1] 1410
[1] 0.675
[1] "M: "
[1] 1460
[1] 0.675
[1] "M: "
[1] 1510
[1] 0.675
[1] "Iteration: "
[1] 57
[1] "M: "
[1] 10
[1] 0.7375
[1] "M: "
[1] 60
[1] 0.7
[1] "M: "
[1] 110
[1] 0.575
[1] "M: "
[1] 160
[1] 0.475
[1] "M: "
[1] 210
[1] 0.5
[1] "M: "
[1] 260
[1] 0.5625
[1] "M: "
[1] 310
[1] 0.625
[1] "M: "
[1] 360
[1] 0.65
[1] "M: "
[1] 410
[1] 0.7125
[1] "M: "
[1] 460
[1] 0.7375
[1] "M: "
[1] 510
[1] 0.8
[1] "M: "
[1] 560
[1] 0.825
[1] "M: "
[1] 610
[1] 0.875
[1] "M: "
[1] 660
[1] 0.8875
[1] "M: "
[1] 710
[1] 0.9
[1] "M: "
[1] 760
[1] 0.9
[1] "M: "
[1] 810
[1] 0.9
[1] "M: "
[1] 860
[1] 0.9
[1] "M: "
[1] 910
[1] 0.9
[1] "M: "
[1] 960
[1] 0.9
[1] "M: "
[1] 1010
[1] 0.9
[1] "M: "
[1] 1060
[1] 0.9
[1] "M: "
[1] 1110
[1] 0.9125
[1] "M: "
[1] 1160
[1] 0.9125
[1] "M: "
[1] 1210
[1] 0.925
[1] "M: "
[1] 1260
[1] 0.925
[1] "M: "
[1] 1310
[1] 0.925
[1] "M: "
[1] 1360
[1] 0.9375
[1] "M: "
[1] 1410
[1] 0.9375
[1] "M: "
[1] 1460
[1] 0.9375
[1] "M: "
[1] 1510
[1] 0.9375
[1] "Iteration: "
[1] 58
[1] "M: "
[1] 10
[1] 0.675
[1] "M: "
[1] 60
[1] 0.5
[1] "M: "
[1] 110
[1] 0.675
[1] "M: "
[1] 160
[1] 0.725
[1] "M: "
[1] 210
[1] 0.75
[1] "M: "
[1] 260
[1] 0.7
[1] "M: "
[1] 310
[1] 0.675
[1] "M: "
[1] 360
[1] 0.675
[1] "M: "
[1] 410
[1] 0.7125
[1] "M: "
[1] 460
[1] 0.7375
[1] "M: "
[1] 510
[1] 0.7625
[1] "M: "
[1] 560
[1] 0.7625
[1] "M: "
[1] 610
[1] 0.8
[1] "M: "
[1] 660
[1] 0.8
[1] "M: "
[1] 710
[1] 0.8375
[1] "M: "
[1] 760
[1] 0.8375
[1] "M: "
[1] 810
[1] 0.8375
[1] "M: "
[1] 860
[1] 0.85
[1] "M: "
[1] 910
[1] 0.85
[1] "M: "
[1] 960
[1] 0.875
[1] "M: "
[1] 1010
[1] 0.875
[1] "M: "
[1] 1060
[1] 0.875
[1] "M: "
[1] 1110
[1] 0.8875
[1] "M: "
[1] 1160
[1] 0.9125
[1] "M: "
[1] 1210
[1] 0.9125
[1] "M: "
[1] 1260
[1] 0.9125
[1] "M: "
[1] 1310
[1] 0.925
[1] "M: "
[1] 1360
[1] 0.925
[1] "M: "
[1] 1410
[1] 0.9375
[1] "M: "
[1] 1460
[1] 0.9375
[1] "M: "
[1] 1510
[1] 0.9375
[1] "Iteration: "
[1] 59
[1] "M: "
[1] 10
[1] 0.725
[1] "M: "
[1] 60
[1] 0.775
[1] "M: "
[1] 110
[1] 0.5625
[1] "M: "
[1] 160
[1] 0.6625
[1] "M: "
[1] 210
[1] 0.725
[1] "M: "
[1] 260
[1] 0.7375
[1] "M: "
[1] 310
[1] 0.725
[1] "M: "
[1] 360
[1] 0.7375
[1] "M: "
[1] 410
[1] 0.7375
[1] "M: "
[1] 460
[1] 0.75
[1] "M: "
[1] 510
[1] 0.7625
[1] "M: "
[1] 560
[1] 0.775
[1] "M: "
[1] 610
[1] 0.8
[1] "M: "
[1] 660
[1] 0.8375
[1] "M: "
[1] 710
[1] 0.8375
[1] "M: "
[1] 760
[1] 0.8375
[1] "M: "
[1] 810
[1] 0.85
[1] "M: "
[1] 860
[1] 0.85
[1] "M: "
[1] 910
[1] 0.85
[1] "M: "
[1] 960
[1] 0.85
[1] "M: "
[1] 1010
[1] 0.8625
[1] "M: "
[1] 1060
[1] 0.8625
[1] "M: "
[1] 1110
[1] 0.8875
[1] "M: "
[1] 1160
[1] 0.8875
[1] "M: "
[1] 1210
[1] 0.8875
[1] "M: "
[1] 1260
[1] 0.8875
[1] "M: "
[1] 1310
[1] 0.9
[1] "M: "
[1] 1360
[1] 0.9
[1] "M: "
[1] 1410
[1] 0.9
[1] "M: "
[1] 1460
[1] 0.9125
[1] "M: "
[1] 1510
[1] 0.925
[1] "Iteration: "
[1] 60
[1] "M: "
[1] 10
[1] 0.6375
[1] "M: "
[1] 60
[1] 0.65
[1] "M: "
[1] 110
[1] 0.575
[1] "M: "
[1] 160
[1] 0.6
[1] "M: "
[1] 210
[1] 0.6375
[1] "M: "
[1] 260
[1] 0.6625
[1] "M: "
[1] 310
[1] 0.675
[1] "M: "
[1] 360
[1] 0.675
[1] "M: "
[1] 410
[1] 0.6875
[1] "M: "
[1] 460
[1] 0.7
[1] "M: "
[1] 510
[1] 0.7
[1] "M: "
[1] 560
[1] 0.7
[1] "M: "
[1] 610
[1] 0.7
[1] "M: "
[1] 660
[1] 0.7
[1] "M: "
[1] 710
[1] 0.7
[1] "M: "
[1] 760
[1] 0.7
[1] "M: "
[1] 810
[1] 0.7
[1] "M: "
[1] 860
[1] 0.7125
[1] "M: "
[1] 910
[1] 0.7125
[1] "M: "
[1] 960
[1] 0.7125
[1] "M: "
[1] 1010
[1] 0.7125
[1] "M: "
[1] 1060
[1] 0.7125
[1] "M: "
[1] 1110
[1] 0.7125
[1] "M: "
[1] 1160
[1] 0.7125
[1] "M: "
[1] 1210
[1] 0.7125
[1] "M: "
[1] 1260
[1] 0.7125
[1] "M: "
[1] 1310
[1] 0.7125
[1] "M: "
[1] 1360
[1] 0.7125
[1] "M: "
[1] 1410
[1] 0.7125
[1] "M: "
[1] 1460
[1] 0.7125
[1] "M: "
[1] 1510
[1] 0.7125
[1] "Iteration: "
[1] 61
[1] "M: "
[1] 10
[1] 0.5875
[1] "M: "
[1] 60
[1] 0.7
[1] "M: "
[1] 110
[1] 0.725
[1] "M: "
[1] 160
[1] 0.7875
[1] "M: "
[1] 210
[1] 0.775
[1] "M: "
[1] 260
[1] 0.7875
[1] "M: "
[1] 310
[1] 0.8125
[1] "M: "
[1] 360
[1] 0.8375
[1] "M: "
[1] 410
[1] 0.85
[1] "M: "
[1] 460
[1] 0.8875
[1] "M: "
[1] 510
[1] 0.875
[1] "M: "
[1] 560
[1] 0.9125
[1] "M: "
[1] 610
[1] 0.9
[1] "M: "
[1] 660
[1] 0.925
[1] "M: "
[1] 710
[1] 0.9375
[1] "M: "
[1] 760
[1] 0.9375
[1] "M: "
[1] 810
[1] 0.9375
[1] "M: "
[1] 860
[1] 0.95
[1] "M: "
[1] 910
[1] 0.95
[1] "M: "
[1] 960
[1] 0.95
[1] "M: "
[1] 1010
[1] 0.9625
[1] "M: "
[1] 1060
[1] 0.9625
[1] "M: "
[1] 1110
[1] 0.9625
[1] "M: "
[1] 1160
[1] 0.9625
[1] "M: "
[1] 1210
[1] 0.9625
[1] "M: "
[1] 1260
[1] 0.975
[1] "M: "
[1] 1310
[1] 0.975
[1] "M: "
[1] 1360
[1] 0.9875
[1] "M: "
[1] 1410
[1] 0.9875
[1] "M: "
[1] 1460
[1] 0.9875
[1] "M: "
[1] 1510
[1] 0.9875
[1] "Iteration: "
[1] 62
[1] "M: "
[1] 10
[1] 0.375
[1] "M: "
[1] 60
[1] 0.7
[1] "M: "
[1] 110
[1] 0.675
[1] "M: "
[1] 160
[1] 0.7
[1] "M: "
[1] 210
[1] 0.7125
[1] "M: "
[1] 260
[1] 0.725
[1] "M: "
[1] 310
[1] 0.7375
[1] "M: "
[1] 360
[1] 0.7375
[1] "M: "
[1] 410
[1] 0.75
[1] "M: "
[1] 460
[1] 0.75
[1] "M: "
[1] 510
[1] 0.7375
[1] "M: "
[1] 560
[1] 0.7375
[1] "M: "
[1] 610
[1] 0.7375
[1] "M: "
[1] 660
[1] 0.7375
[1] "M: "
[1] 710
[1] 0.7375
[1] "M: "
[1] 760
[1] 0.7375
[1] "M: "
[1] 810
[1] 0.7375
[1] "M: "
[1] 860
[1] 0.7375
[1] "M: "
[1] 910
[1] 0.7375
[1] "M: "
[1] 960
[1] 0.7375
[1] "M: "
[1] 1010
[1] 0.725
[1] "M: "
[1] 1060
[1] 0.725
[1] "M: "
[1] 1110
[1] 0.725
[1] "M: "
[1] 1160
[1] 0.725
[1] "M: "
[1] 1210
[1] 0.7125
[1] "M: "
[1] 1260
[1] 0.7125
[1] "M: "
[1] 1310
[1] 0.7125
[1] "M: "
[1] 1360
[1] 0.725
[1] "M: "
[1] 1410
[1] 0.725
[1] "M: "
[1] 1460
[1] 0.725
[1] "M: "
[1] 1510
[1] 0.7125
[1] "Iteration: "
[1] 63
[1] "M: "
[1] 10
[1] 0.5875
[1] "M: "
[1] 60
[1] 0.5875
[1] "M: "
[1] 110
[1] 0.675
[1] "M: "
[1] 160
[1] 0.7
[1] "M: "
[1] 210
[1] 0.7
[1] "M: "
[1] 260
[1] 0.7
[1] "M: "
[1] 310
[1] 0.6875
[1] "M: "
[1] 360
[1] 0.6875
[1] "M: "
[1] 410
[1] 0.6875
[1] "M: "
[1] 460
[1] 0.6875
[1] "M: "
[1] 510
[1] 0.7
[1] "M: "
[1] 560
[1] 0.7
[1] "M: "
[1] 610
[1] 0.6875
[1] "M: "
[1] 660
[1] 0.6875
[1] "M: "
[1] 710
[1] 0.6875
[1] "M: "
[1] 760
[1] 0.6875
[1] "M: "
[1] 810
[1] 0.6875
[1] "M: "
[1] 860
[1] 0.6875
[1] "M: "
[1] 910
[1] 0.675
[1] "M: "
[1] 960
[1] 0.675
[1] "M: "
[1] 1010
[1] 0.675
[1] "M: "
[1] 1060
[1] 0.675
[1] "M: "
[1] 1110
[1] 0.675
[1] "M: "
[1] 1160
[1] 0.675
[1] "M: "
[1] 1210
[1] 0.6875
[1] "M: "
[1] 1260
[1] 0.6875
[1] "M: "
[1] 1310
[1] 0.6875
[1] "M: "
[1] 1360
[1] 0.6875
[1] "M: "
[1] 1410
[1] 0.7
[1] "M: "
[1] 1460
[1] 0.7
[1] "M: "
[1] 1510
[1] 0.7
[1] "Iteration: "
[1] 64
[1] "M: "
[1] 10
[1] 0.5
[1] "M: "
[1] 60
[1] 0.575
[1] "M: "
[1] 110
[1] 0.65
[1] "M: "
[1] 160
[1] 0.7
[1] "M: "
[1] 210
[1] 0.7
[1] "M: "
[1] 260
[1] 0.7
[1] "M: "
[1] 310
[1] 0.6875
[1] "M: "
[1] 360
[1] 0.675
[1] "M: "
[1] 410
[1] 0.675
[1] "M: "
[1] 460
[1] 0.675
[1] "M: "
[1] 510
[1] 0.675
[1] "M: "
[1] 560
[1] 0.675
[1] "M: "
[1] 610
[1] 0.675
[1] "M: "
[1] 660
[1] 0.6625
[1] "M: "
[1] 710
[1] 0.6625
[1] "M: "
[1] 760
[1] 0.6625
[1] "M: "
[1] 810
[1] 0.6625
[1] "M: "
[1] 860
[1] 0.6625
[1] "M: "
[1] 910
[1] 0.6625
[1] "M: "
[1] 960
[1] 0.6625
[1] "M: "
[1] 1010
[1] 0.6625
[1] "M: "
[1] 1060
[1] 0.65
[1] "M: "
[1] 1110
[1] 0.65
[1] "M: "
[1] 1160
[1] 0.65
[1] "M: "
[1] 1210
[1] 0.65
[1] "M: "
[1] 1260
[1] 0.65
[1] "M: "
[1] 1310
[1] 0.65
[1] "M: "
[1] 1360
[1] 0.65
[1] "M: "
[1] 1410
[1] 0.65
[1] "M: "
[1] 1460
[1] 0.65
[1] "M: "
[1] 1510
[1] 0.65
[1] "Iteration: "
[1] 65
[1] "M: "
[1] 10
[1] 0.675
[1] "M: "
[1] 60
[1] 0.725
[1] "M: "
[1] 110
[1] 0.7625
[1] "M: "
[1] 160
[1] 0.7375
[1] "M: "
[1] 210
[1] 0.7375
[1] "M: "
[1] 260
[1] 0.725
[1] "M: "
[1] 310
[1] 0.725
[1] "M: "
[1] 360
[1] 0.725
[1] "M: "
[1] 410
[1] 0.725
[1] "M: "
[1] 460
[1] 0.725
[1] "M: "
[1] 510
[1] 0.725
[1] "M: "
[1] 560
[1] 0.7125
[1] "M: "
[1] 610
[1] 0.7
[1] "M: "
[1] 660
[1] 0.6875
[1] "M: "
[1] 710
[1] 0.675
[1] "M: "
[1] 760
[1] 0.675
[1] "M: "
[1] 810
[1] 0.675
[1] "M: "
[1] 860
[1] 0.675
[1] "M: "
[1] 910
[1] 0.675
[1] "M: "
[1] 960
[1] 0.675
[1] "M: "
[1] 1010
[1] 0.675
[1] "M: "
[1] 1060
[1] 0.675
[1] "M: "
[1] 1110
[1] 0.675
[1] "M: "
[1] 1160
[1] 0.675
[1] "M: "
[1] 1210
[1] 0.675
[1] "M: "
[1] 1260
[1] 0.675
[1] "M: "
[1] 1310
[1] 0.675
[1] "M: "
[1] 1360
[1] 0.675
[1] "M: "
[1] 1410
[1] 0.675
[1] "M: "
[1] 1460
[1] 0.675
[1] "M: "
[1] 1510
[1] 0.6875
[1] "Iteration: "
[1] 66
[1] "M: "
[1] 10
[1] 0.7125
[1] "M: "
[1] 60
[1] 0.75
[1] "M: "
[1] 110
[1] 0.7375
[1] "M: "
[1] 160
[1] 0.75
[1] "M: "
[1] 210
[1] 0.7375
[1] "M: "
[1] 260
[1] 0.7875
[1] "M: "
[1] 310
[1] 0.825
[1] "M: "
[1] 360
[1] 0.8
[1] "M: "
[1] 410
[1] 0.8125
[1] "M: "
[1] 460
[1] 0.8375
[1] "M: "
[1] 510
[1] 0.85
[1] "M: "
[1] 560
[1] 0.8375
[1] "M: "
[1] 610
[1] 0.8375
[1] "M: "
[1] 660
[1] 0.85
[1] "M: "
[1] 710
[1] 0.8375
[1] "M: "
[1] 760
[1] 0.85
[1] "M: "
[1] 810
[1] 0.85
[1] "M: "
[1] 860
[1] 0.8625
[1] "M: "
[1] 910
[1] 0.8625
[1] "M: "
[1] 960
[1] 0.8625
[1] "M: "
[1] 1010
[1] 0.8625
[1] "M: "
[1] 1060
[1] 0.8625
[1] "M: "
[1] 1110
[1] 0.8625
[1] "M: "
[1] 1160
[1] 0.8625
[1] "M: "
[1] 1210
[1] 0.8625
[1] "M: "
[1] 1260
[1] 0.8625
[1] "M: "
[1] 1310
[1] 0.8625
[1] "M: "
[1] 1360
[1] 0.8625
[1] "M: "
[1] 1410
[1] 0.8625
[1] "M: "
[1] 1460
[1] 0.8625
[1] "M: "
[1] 1510
[1] 0.85
[1] "Iteration: "
[1] 67
[1] "M: "
[1] 10
[1] 0.825
[1] "M: "
[1] 60
[1] 0.6125
[1] "M: "
[1] 110
[1] 0.5875
[1] "M: "
[1] 160
[1] 0.675
[1] "M: "
[1] 210
[1] 0.725
[1] "M: "
[1] 260
[1] 0.7375
[1] "M: "
[1] 310
[1] 0.7375
[1] "M: "
[1] 360
[1] 0.7375
[1] "M: "
[1] 410
[1] 0.7375
[1] "M: "
[1] 460
[1] 0.7375
[1] "M: "
[1] 510
[1] 0.7375
[1] "M: "
[1] 560
[1] 0.75
[1] "M: "
[1] 610
[1] 0.75
[1] "M: "
[1] 660
[1] 0.75
[1] "M: "
[1] 710
[1] 0.75
[1] "M: "
[1] 760
[1] 0.75
[1] "M: "
[1] 810
[1] 0.7625
[1] "M: "
[1] 860
[1] 0.7625
[1] "M: "
[1] 910
[1] 0.7625
[1] "M: "
[1] 960
[1] 0.7625
[1] "M: "
[1] 1010
[1] 0.7625
[1] "M: "
[1] 1060
[1] 0.7625
[1] "M: "
[1] 1110
[1] 0.7625
[1] "M: "
[1] 1160
[1] 0.7625
[1] "M: "
[1] 1210
[1] 0.7625
[1] "M: "
[1] 1260
[1] 0.7625
[1] "M: "
[1] 1310
[1] 0.7625
[1] "M: "
[1] 1360
[1] 0.7625
[1] "M: "
[1] 1410
[1] 0.7625
[1] "M: "
[1] 1460
[1] 0.7625
[1] "M: "
[1] 1510
[1] 0.7625
[1] "Iteration: "
[1] 68
[1] "M: "
[1] 10
[1] 0.4375
[1] "M: "
[1] 60
[1] 0.675
[1] "M: "
[1] 110
[1] 0.775
[1] "M: "
[1] 160
[1] 0.8375
[1] "M: "
[1] 210
[1] 0.85
[1] "M: "
[1] 260
[1] 0.9
[1] "M: "
[1] 310
[1] 0.8625
[1] "M: "
[1] 360
[1] 0.85
[1] "M: "
[1] 410
[1] 0.85
[1] "M: "
[1] 460
[1] 0.85
[1] "M: "
[1] 510
[1] 0.8375
[1] "M: "
[1] 560
[1] 0.825
[1] "M: "
[1] 610
[1] 0.825
[1] "M: "
[1] 660
[1] 0.825
[1] "M: "
[1] 710
[1] 0.825
[1] "M: "
[1] 760
[1] 0.825
[1] "M: "
[1] 810
[1] 0.8625
[1] "M: "
[1] 860
[1] 0.875
[1] "M: "
[1] 910
[1] 0.8875
[1] "M: "
[1] 960
[1] 0.8875
[1] "M: "
[1] 1010
[1] 0.8875
[1] "M: "
[1] 1060
[1] 0.9
[1] "M: "
[1] 1110
[1] 0.9
[1] "M: "
[1] 1160
[1] 0.9
[1] "M: "
[1] 1210
[1] 0.9
[1] "M: "
[1] 1260
[1] 0.9
[1] "M: "
[1] 1310
[1] 0.9
[1] "M: "
[1] 1360
[1] 0.9
[1] "M: "
[1] 1410
[1] 0.9
[1] "M: "
[1] 1460
[1] 0.9
[1] "M: "
[1] 1510
[1] 0.9
[1] "Iteration: "
[1] 69
[1] "M: "
[1] 10
[1] 0.65
[1] "M: "
[1] 60
[1] 0.5625
[1] "M: "
[1] 110
[1] 0.575
[1] "M: "
[1] 160
[1] 0.625
[1] "M: "
[1] 210
[1] 0.625
[1] "M: "
[1] 260
[1] 0.6125
[1] "M: "
[1] 310
[1] 0.6125
[1] "M: "
[1] 360
[1] 0.5875
[1] "M: "
[1] 410
[1] 0.5875
[1] "M: "
[1] 460
[1] 0.575
[1] "M: "
[1] 510
[1] 0.575
[1] "M: "
[1] 560
[1] 0.575
[1] "M: "
[1] 610
[1] 0.575
[1] "M: "
[1] 660
[1] 0.575
[1] "M: "
[1] 710
[1] 0.575
[1] "M: "
[1] 760
[1] 0.575
[1] "M: "
[1] 810
[1] 0.575
[1] "M: "
[1] 860
[1] 0.575
[1] "M: "
[1] 910
[1] 0.575
[1] "M: "
[1] 960
[1] 0.575
[1] "M: "
[1] 1010
[1] 0.575
[1] "M: "
[1] 1060
[1] 0.575
[1] "M: "
[1] 1110
[1] 0.575
[1] "M: "
[1] 1160
[1] 0.575
[1] "M: "
[1] 1210
[1] 0.575
[1] "M: "
[1] 1260
[1] 0.575
[1] "M: "
[1] 1310
[1] 0.575
[1] "M: "
[1] 1360
[1] 0.575
[1] "M: "
[1] 1410
[1] 0.575
[1] "M: "
[1] 1460
[1] 0.575
[1] "M: "
[1] 1510
[1] 0.575
[1] "Iteration: "
[1] 70
[1] "M: "
[1] 10
[1] 0.4625
[1] "M: "
[1] 60
[1] 0.775
[1] "M: "
[1] 110
[1] 0.8125
[1] "M: "
[1] 160
[1] 0.8375
[1] "M: "
[1] 210
[1] 0.825
[1] "M: "
[1] 260
[1] 0.8375
[1] "M: "
[1] 310
[1] 0.8625
[1] "M: "
[1] 360
[1] 0.8875
[1] "M: "
[1] 410
[1] 0.875
[1] "M: "
[1] 460
[1] 0.875
[1] "M: "
[1] 510
[1] 0.875
[1] "M: "
[1] 560
[1] 0.8875
[1] "M: "
[1] 610
[1] 0.9
[1] "M: "
[1] 660
[1] 0.9375
[1] "M: "
[1] 710
[1] 0.9375
[1] "M: "
[1] 760
[1] 0.9375
[1] "M: "
[1] 810
[1] 0.95
[1] "M: "
[1] 860
[1] 0.9375
[1] "M: "
[1] 910
[1] 0.9375
[1] "M: "
[1] 960
[1] 0.9375
[1] "M: "
[1] 1010
[1] 0.9375
[1] "M: "
[1] 1060
[1] 0.9375
[1] "M: "
[1] 1110
[1] 0.9375
[1] "M: "
[1] 1160
[1] 0.9375
[1] "M: "
[1] 1210
[1] 0.9375
[1] "M: "
[1] 1260
[1] 0.9375
[1] "M: "
[1] 1310
[1] 0.9375
[1] "M: "
[1] 1360
[1] 0.9375
[1] "M: "
[1] 1410
[1] 0.9375
[1] "M: "
[1] 1460
[1] 0.9375
[1] "M: "
[1] 1510
[1] 0.9375
[1] "Iteration: "
[1] 71
[1] "M: "
[1] 10
[1] 0.475
[1] "M: "
[1] 60
[1] 0.625
[1] "M: "
[1] 110
[1] 0.6875
[1] "M: "
[1] 160
[1] 0.7
[1] "M: "
[1] 210
[1] 0.675
[1] "M: "
[1] 260
[1] 0.6875
[1] "M: "
[1] 310
[1] 0.6875
[1] "M: "
[1] 360
[1] 0.675
[1] "M: "
[1] 410
[1] 0.675
[1] "M: "
[1] 460
[1] 0.675
[1] "M: "
[1] 510
[1] 0.6625
[1] "M: "
[1] 560
[1] 0.6625
[1] "M: "
[1] 610
[1] 0.675
[1] "M: "
[1] 660
[1] 0.675
[1] "M: "
[1] 710
[1] 0.675
[1] "M: "
[1] 760
[1] 0.675
[1] "M: "
[1] 810
[1] 0.675
[1] "M: "
[1] 860
[1] 0.675
[1] "M: "
[1] 910
[1] 0.6875
[1] "M: "
[1] 960
[1] 0.6875
[1] "M: "
[1] 1010
[1] 0.7
[1] "M: "
[1] 1060
[1] 0.7
[1] "M: "
[1] 1110
[1] 0.7
[1] "M: "
[1] 1160
[1] 0.7
[1] "M: "
[1] 1210
[1] 0.6875
[1] "M: "
[1] 1260
[1] 0.7
[1] "M: "
[1] 1310
[1] 0.7
[1] "M: "
[1] 1360
[1] 0.7
[1] "M: "
[1] 1410
[1] 0.7
[1] "M: "
[1] 1460
[1] 0.7
[1] "M: "
[1] 1510
[1] 0.7
[1] "Iteration: "
[1] 72
[1] "M: "
[1] 10
[1] 0.5625
[1] "M: "
[1] 60
[1] 0.5
[1] "M: "
[1] 110
[1] 0.55
[1] "M: "
[1] 160
[1] 0.575
[1] "M: "
[1] 210
[1] 0.575
[1] "M: "
[1] 260
[1] 0.6
[1] "M: "
[1] 310
[1] 0.6125
[1] "M: "
[1] 360
[1] 0.6125
[1] "M: "
[1] 410
[1] 0.625
[1] "M: "
[1] 460
[1] 0.6375
[1] "M: "
[1] 510
[1] 0.6375
[1] "M: "
[1] 560
[1] 0.6375
[1] "M: "
[1] 610
[1] 0.65
[1] "M: "
[1] 660
[1] 0.65
[1] "M: "
[1] 710
[1] 0.65
[1] "M: "
[1] 760
[1] 0.65
[1] "M: "
[1] 810
[1] 0.65
[1] "M: "
[1] 860
[1] 0.675
[1] "M: "
[1] 910
[1] 0.675
[1] "M: "
[1] 960
[1] 0.675
[1] "M: "
[1] 1010
[1] 0.675
[1] "M: "
[1] 1060
[1] 0.675
[1] "M: "
[1] 1110
[1] 0.675
[1] "M: "
[1] 1160
[1] 0.675
[1] "M: "
[1] 1210
[1] 0.675
[1] "M: "
[1] 1260
[1] 0.6875
[1] "M: "
[1] 1310
[1] 0.6875
[1] "M: "
[1] 1360
[1] 0.6875
[1] "M: "
[1] 1410
[1] 0.6875
[1] "M: "
[1] 1460
[1] 0.6875
[1] "M: "
[1] 1510
[1] 0.6875
[1] "Iteration: "
[1] 73
[1] "M: "
[1] 10
[1] 0.4
[1] "M: "
[1] 60
[1] 0.725
[1] "M: "
[1] 110
[1] 0.6125
[1] "M: "
[1] 160
[1] 0.5
[1] "M: "
[1] 210
[1] 0.55
[1] "M: "
[1] 260
[1] 0.575
[1] "M: "
[1] 310
[1] 0.6
[1] "M: "
[1] 360
[1] 0.6125
[1] "M: "
[1] 410
[1] 0.6125
[1] "M: "
[1] 460
[1] 0.6375
[1] "M: "
[1] 510
[1] 0.6375
[1] "M: "
[1] 560
[1] 0.6375
[1] "M: "
[1] 610
[1] 0.6375
[1] "M: "
[1] 660
[1] 0.65
[1] "M: "
[1] 710
[1] 0.65
[1] "M: "
[1] 760
[1] 0.6375
[1] "M: "
[1] 810
[1] 0.6375
[1] "M: "
[1] 860
[1] 0.65
[1] "M: "
[1] 910
[1] 0.6625
[1] "M: "
[1] 960
[1] 0.6625
[1] "M: "
[1] 1010
[1] 0.6625
[1] "M: "
[1] 1060
[1] 0.675
[1] "M: "
[1] 1110
[1] 0.675
[1] "M: "
[1] 1160
[1] 0.6875
[1] "M: "
[1] 1210
[1] 0.675
[1] "M: "
[1] 1260
[1] 0.7125
[1] "M: "
[1] 1310
[1] 0.725
[1] "M: "
[1] 1360
[1] 0.7375
[1] "M: "
[1] 1410
[1] 0.75
[1] "M: "
[1] 1460
[1] 0.75
[1] "M: "
[1] 1510
[1] 0.7625
[1] "Iteration: "
[1] 74
[1] "M: "
[1] 10
[1] 0.6375
[1] "M: "
[1] 60
[1] 0.725
[1] "M: "
[1] 110
[1] 0.7125
[1] "M: "
[1] 160
[1] 0.7125
[1] "M: "
[1] 210
[1] 0.7125
[1] "M: "
[1] 260
[1] 0.725
[1] "M: "
[1] 310
[1] 0.7375
[1] "M: "
[1] 360
[1] 0.725
[1] "M: "
[1] 410
[1] 0.725
[1] "M: "
[1] 460
[1] 0.725
[1] "M: "
[1] 510
[1] 0.725
[1] "M: "
[1] 560
[1] 0.7125
[1] "M: "
[1] 610
[1] 0.7125
[1] "M: "
[1] 660
[1] 0.7
[1] "M: "
[1] 710
[1] 0.6875
[1] "M: "
[1] 760
[1] 0.6625
[1] "M: "
[1] 810
[1] 0.6625
[1] "M: "
[1] 860
[1] 0.675
[1] "M: "
[1] 910
[1] 0.6875
[1] "M: "
[1] 960
[1] 0.6875
[1] "M: "
[1] 1010
[1] 0.6875
[1] "M: "
[1] 1060
[1] 0.6875
[1] "M: "
[1] 1110
[1] 0.6875
[1] "M: "
[1] 1160
[1] 0.675
[1] "M: "
[1] 1210
[1] 0.675
[1] "M: "
[1] 1260
[1] 0.675
[1] "M: "
[1] 1310
[1] 0.675
[1] "M: "
[1] 1360
[1] 0.675
[1] "M: "
[1] 1410
[1] 0.675
[1] "M: "
[1] 1460
[1] 0.675
[1] "M: "
[1] 1510
[1] 0.675
[1] "Iteration: "
[1] 75
[1] "M: "
[1] 10
[1] 0.775
[1] "M: "
[1] 60
[1] 0.4625
[1] "M: "
[1] 110
[1] 0.6625
[1] "M: "
[1] 160
[1] 0.725
[1] "M: "
[1] 210
[1] 0.75
[1] "M: "
[1] 260
[1] 0.75
[1] "M: "
[1] 310
[1] 0.75
[1] "M: "
[1] 360
[1] 0.75
[1] "M: "
[1] 410
[1] 0.75
[1] "M: "
[1] 460
[1] 0.7625
[1] "M: "
[1] 510
[1] 0.7625
[1] "M: "
[1] 560
[1] 0.7625
[1] "M: "
[1] 610
[1] 0.7625
[1] "M: "
[1] 660
[1] 0.7625
[1] "M: "
[1] 710
[1] 0.7375
[1] "M: "
[1] 760
[1] 0.7125
[1] "M: "
[1] 810
[1] 0.7
[1] "M: "
[1] 860
[1] 0.7
[1] "M: "
[1] 910
[1] 0.7
[1] "M: "
[1] 960
[1] 0.7125
[1] "M: "
[1] 1010
[1] 0.7125
[1] "M: "
[1] 1060
[1] 0.725
[1] "M: "
[1] 1110
[1] 0.75
[1] "M: "
[1] 1160
[1] 0.75
[1] "M: "
[1] 1210
[1] 0.7375
[1] "M: "
[1] 1260
[1] 0.7375
[1] "M: "
[1] 1310
[1] 0.7375
[1] "M: "
[1] 1360
[1] 0.7375
[1] "M: "
[1] 1410
[1] 0.75
[1] "M: "
[1] 1460
[1] 0.7625
[1] "M: "
[1] 1510
[1] 0.8
[1] "Iteration: "
[1] 76
[1] "M: "
[1] 10
[1] 0.5375
[1] "M: "
[1] 60
[1] 0.55
[1] "M: "
[1] 110
[1] 0.6125
[1] "M: "
[1] 160
[1] 0.65
[1] "M: "
[1] 210
[1] 0.6125
[1] "M: "
[1] 260
[1] 0.625
[1] "M: "
[1] 310
[1] 0.6
[1] "M: "
[1] 360
[1] 0.55
[1] "M: "
[1] 410
[1] 0.5375
[1] "M: "
[1] 460
[1] 0.5375
[1] "M: "
[1] 510
[1] 0.5375
[1] "M: "
[1] 560
[1] 0.525
[1] "M: "
[1] 610
[1] 0.525
[1] "M: "
[1] 660
[1] 0.5375
[1] "M: "
[1] 710
[1] 0.525
[1] "M: "
[1] 760
[1] 0.525
[1] "M: "
[1] 810
[1] 0.525
[1] "M: "
[1] 860
[1] 0.525
[1] "M: "
[1] 910
[1] 0.525
[1] "M: "
[1] 960
[1] 0.525
[1] "M: "
[1] 1010
[1] 0.525
[1] "M: "
[1] 1060
[1] 0.525
[1] "M: "
[1] 1110
[1] 0.55
[1] "M: "
[1] 1160
[1] 0.55
[1] "M: "
[1] 1210
[1] 0.5625
[1] "M: "
[1] 1260
[1] 0.5625
[1] "M: "
[1] 1310
[1] 0.5625
[1] "M: "
[1] 1360
[1] 0.575
[1] "M: "
[1] 1410
[1] 0.5875
[1] "M: "
[1] 1460
[1] 0.625
[1] "M: "
[1] 1510
[1] 0.625
[1] "Iteration: "
[1] 77
[1] "M: "
[1] 10
[1] 0.65
[1] "M: "
[1] 60
[1] 0.65
[1] "M: "
[1] 110
[1] 0.5625
[1] "M: "
[1] 160
[1] 0.6125
[1] "M: "
[1] 210
[1] 0.65
[1] "M: "
[1] 260
[1] 0.65
[1] "M: "
[1] 310
[1] 0.65
[1] "M: "
[1] 360
[1] 0.6375
[1] "M: "
[1] 410
[1] 0.6375
[1] "M: "
[1] 460
[1] 0.625
[1] "M: "
[1] 510
[1] 0.6125
[1] "M: "
[1] 560
[1] 0.6125
[1] "M: "
[1] 610
[1] 0.6
[1] "M: "
[1] 660
[1] 0.6
[1] "M: "
[1] 710
[1] 0.6
[1] "M: "
[1] 760
[1] 0.5875
[1] "M: "
[1] 810
[1] 0.5875
[1] "M: "
[1] 860
[1] 0.5875
[1] "M: "
[1] 910
[1] 0.5875
[1] "M: "
[1] 960
[1] 0.5875
[1] "M: "
[1] 1010
[1] 0.6
[1] "M: "
[1] 1060
[1] 0.6125
[1] "M: "
[1] 1110
[1] 0.6125
[1] "M: "
[1] 1160
[1] 0.625
[1] "M: "
[1] 1210
[1] 0.625
[1] "M: "
[1] 1260
[1] 0.6375
[1] "M: "
[1] 1310
[1] 0.675
[1] "M: "
[1] 1360
[1] 0.7
[1] "M: "
[1] 1410
[1] 0.7125
[1] "M: "
[1] 1460
[1] 0.725
[1] "M: "
[1] 1510
[1] 0.725
[1] "Iteration: "
[1] 78
[1] "M: "
[1] 10
[1] 0.6375
[1] "M: "
[1] 60
[1] 0.7
[1] "M: "
[1] 110
[1] 0.675
[1] "M: "
[1] 160
[1] 0.6625
[1] "M: "
[1] 210
[1] 0.6625
[1] "M: "
[1] 260
[1] 0.675
[1] "M: "
[1] 310
[1] 0.7
[1] "M: "
[1] 360
[1] 0.7
[1] "M: "
[1] 410
[1] 0.7125
[1] "M: "
[1] 460
[1] 0.725
[1] "M: "
[1] 510
[1] 0.725
[1] "M: "
[1] 560
[1] 0.7375
[1] "M: "
[1] 610
[1] 0.7375
[1] "M: "
[1] 660
[1] 0.7375
[1] "M: "
[1] 710
[1] 0.7375
[1] "M: "
[1] 760
[1] 0.7375
[1] "M: "
[1] 810
[1] 0.7375
[1] "M: "
[1] 860
[1] 0.7375
[1] "M: "
[1] 910
[1] 0.7375
[1] "M: "
[1] 960
[1] 0.7375
[1] "M: "
[1] 1010
[1] 0.7375
[1] "M: "
[1] 1060
[1] 0.7375
[1] "M: "
[1] 1110
[1] 0.7375
[1] "M: "
[1] 1160
[1] 0.725
[1] "M: "
[1] 1210
[1] 0.7125
[1] "M: "
[1] 1260
[1] 0.7125
[1] "M: "
[1] 1310
[1] 0.7
[1] "M: "
[1] 1360
[1] 0.6875
[1] "M: "
[1] 1410
[1] 0.6875
[1] "M: "
[1] 1460
[1] 0.6875
[1] "M: "
[1] 1510
[1] 0.6875
[1] "Iteration: "
[1] 79
[1] "M: "
[1] 10
[1] 0.7875
[1] "M: "
[1] 60
[1] 0.725
[1] "M: "
[1] 110
[1] 0.7625
[1] "M: "
[1] 160
[1] 0.7875
[1] "M: "
[1] 210
[1] 0.7625
[1] "M: "
[1] 260
[1] 0.7375
[1] "M: "
[1] 310
[1] 0.75
[1] "M: "
[1] 360
[1] 0.775
[1] "M: "
[1] 410
[1] 0.8
[1] "M: "
[1] 460
[1] 0.8125
[1] "M: "
[1] 510
[1] 0.8
[1] "M: "
[1] 560
[1] 0.825
[1] "M: "
[1] 610
[1] 0.875
[1] "M: "
[1] 660
[1] 0.8875
[1] "M: "
[1] 710
[1] 0.8875
[1] "M: "
[1] 760
[1] 0.875
[1] "M: "
[1] 810
[1] 0.8875
[1] "M: "
[1] 860
[1] 0.9
[1] "M: "
[1] 910
[1] 0.9125
[1] "M: "
[1] 960
[1] 0.9125
[1] "M: "
[1] 1010
[1] 0.9125
[1] "M: "
[1] 1060
[1] 0.925
[1] "M: "
[1] 1110
[1] 0.9375
[1] "M: "
[1] 1160
[1] 0.925
[1] "M: "
[1] 1210
[1] 0.925
[1] "M: "
[1] 1260
[1] 0.9125
[1] "M: "
[1] 1310
[1] 0.9125
[1] "M: "
[1] 1360
[1] 0.925
[1] "M: "
[1] 1410
[1] 0.925
[1] "M: "
[1] 1460
[1] 0.925
[1] "M: "
[1] 1510
[1] 0.925
[1] "Iteration: "
[1] 80
[1] "M: "
[1] 10
[1] 0.8
[1] "M: "
[1] 60
[1] 0.7875
[1] "M: "
[1] 110
[1] 0.7875
[1] "M: "
[1] 160
[1] 0.775
[1] "M: "
[1] 210
[1] 0.775
[1] "M: "
[1] 260
[1] 0.75
[1] "M: "
[1] 310
[1] 0.75
[1] "M: "
[1] 360
[1] 0.75
[1] "M: "
[1] 410
[1] 0.725
[1] "M: "
[1] 460
[1] 0.7125
[1] "M: "
[1] 510
[1] 0.7125
[1] "M: "
[1] 560
[1] 0.7375
[1] "M: "
[1] 610
[1] 0.775
[1] "M: "
[1] 660
[1] 0.775
[1] "M: "
[1] 710
[1] 0.7875
[1] "M: "
[1] 760
[1] 0.8
[1] "M: "
[1] 810
[1] 0.8
[1] "M: "
[1] 860
[1] 0.8
[1] "M: "
[1] 910
[1] 0.8
[1] "M: "
[1] 960
[1] 0.8
[1] "M: "
[1] 1010
[1] 0.8
[1] "M: "
[1] 1060
[1] 0.8
[1] "M: "
[1] 1110
[1] 0.8
[1] "M: "
[1] 1160
[1] 0.8
[1] "M: "
[1] 1210
[1] 0.8
[1] "M: "
[1] 1260
[1] 0.8125
[1] "M: "
[1] 1310
[1] 0.8125
[1] "M: "
[1] 1360
[1] 0.8125
[1] "M: "
[1] 1410
[1] 0.8125
[1] "M: "
[1] 1460
[1] 0.8125
[1] "M: "
[1] 1510
[1] 0.8125
[1] "Iteration: "
[1] 81
[1] "M: "
[1] 10
[1] 0.625
[1] "M: "
[1] 60
[1] 0.4875
[1] "M: "
[1] 110
[1] 0.55
[1] "M: "
[1] 160
[1] 0.6
[1] "M: "
[1] 210
[1] 0.625
[1] "M: "
[1] 260
[1] 0.65
[1] "M: "
[1] 310
[1] 0.6625
[1] "M: "
[1] 360
[1] 0.675
[1] "M: "
[1] 410
[1] 0.675
[1] "M: "
[1] 460
[1] 0.6875
[1] "M: "
[1] 510
[1] 0.6625
[1] "M: "
[1] 560
[1] 0.675
[1] "M: "
[1] 610
[1] 0.675
[1] "M: "
[1] 660
[1] 0.7125
[1] "M: "
[1] 710
[1] 0.7
[1] "M: "
[1] 760
[1] 0.7
[1] "M: "
[1] 810
[1] 0.7125
[1] "M: "
[1] 860
[1] 0.7125
[1] "M: "
[1] 910
[1] 0.7
[1] "M: "
[1] 960
[1] 0.7
[1] "M: "
[1] 1010
[1] 0.7
[1] "M: "
[1] 1060
[1] 0.7
[1] "M: "
[1] 1110
[1] 0.7
[1] "M: "
[1] 1160
[1] 0.7125
[1] "M: "
[1] 1210
[1] 0.7125
[1] "M: "
[1] 1260
[1] 0.7125
[1] "M: "
[1] 1310
[1] 0.725
[1] "M: "
[1] 1360
[1] 0.725
[1] "M: "
[1] 1410
[1] 0.725
[1] "M: "
[1] 1460
[1] 0.725
[1] "M: "
[1] 1510
[1] 0.725
[1] "Iteration: "
[1] 82
[1] "M: "
[1] 10
[1] 0.875
[1] "M: "
[1] 60
[1] 0.9125
[1] "M: "
[1] 110
[1] 0.775
[1] "M: "
[1] 160
[1] 0.625
[1] "M: "
[1] 210
[1] 0.475
[1] "M: "
[1] 260
[1] 0.55
[1] "M: "
[1] 310
[1] 0.575
[1] "M: "
[1] 360
[1] 0.5875
[1] "M: "
[1] 410
[1] 0.6125
[1] "M: "
[1] 460
[1] 0.6625
[1] "M: "
[1] 510
[1] 0.6625
[1] "M: "
[1] 560
[1] 0.6875
[1] "M: "
[1] 610
[1] 0.7125
[1] "M: "
[1] 660
[1] 0.7375
[1] "M: "
[1] 710
[1] 0.75
[1] "M: "
[1] 760
[1] 0.775
[1] "M: "
[1] 810
[1] 0.7875
[1] "M: "
[1] 860
[1] 0.8
[1] "M: "
[1] 910
[1] 0.8
[1] "M: "
[1] 960
[1] 0.8375
[1] "M: "
[1] 1010
[1] 0.8375
[1] "M: "
[1] 1060
[1] 0.8375
[1] "M: "
[1] 1110
[1] 0.85
[1] "M: "
[1] 1160
[1] 0.8625
[1] "M: "
[1] 1210
[1] 0.875
[1] "M: "
[1] 1260
[1] 0.8875
[1] "M: "
[1] 1310
[1] 0.9
[1] "M: "
[1] 1360
[1] 0.9
[1] "M: "
[1] 1410
[1] 0.9
[1] "M: "
[1] 1460
[1] 0.9
[1] "M: "
[1] 1510
[1] 0.9
[1] "Iteration: "
[1] 83
[1] "M: "
[1] 10
[1] 0.6875
[1] "M: "
[1] 60
[1] 0.75
[1] "M: "
[1] 110
[1] 0.7125
[1] "M: "
[1] 160
[1] 0.7
[1] "M: "
[1] 210
[1] 0.6625
[1] "M: "
[1] 260
[1] 0.6625
[1] "M: "
[1] 310
[1] 0.65
[1] "M: "
[1] 360
[1] 0.6375
[1] "M: "
[1] 410
[1] 0.625
[1] "M: "
[1] 460
[1] 0.625
[1] "M: "
[1] 510
[1] 0.6375
[1] "M: "
[1] 560
[1] 0.65
[1] "M: "
[1] 610
[1] 0.6375
[1] "M: "
[1] 660
[1] 0.625
[1] "M: "
[1] 710
[1] 0.625
[1] "M: "
[1] 760
[1] 0.625
[1] "M: "
[1] 810
[1] 0.625
[1] "M: "
[1] 860
[1] 0.6125
[1] "M: "
[1] 910
[1] 0.6125
[1] "M: "
[1] 960
[1] 0.6
[1] "M: "
[1] 1010
[1] 0.6125
[1] "M: "
[1] 1060
[1] 0.6125
[1] "M: "
[1] 1110
[1] 0.6
[1] "M: "
[1] 1160
[1] 0.6
[1] "M: "
[1] 1210
[1] 0.6125
[1] "M: "
[1] 1260
[1] 0.6125
[1] "M: "
[1] 1310
[1] 0.6125
[1] "M: "
[1] 1360
[1] 0.6125
[1] "M: "
[1] 1410
[1] 0.6125
[1] "M: "
[1] 1460
[1] 0.625
[1] "M: "
[1] 1510
[1] 0.6375
[1] "Iteration: "
[1] 84
[1] "M: "
[1] 10
[1] 0.9
[1] "M: "
[1] 60
[1] 0.55
[1] "M: "
[1] 110
[1] 0.4125
[1] "M: "
[1] 160
[1] 0.4625
[1] "M: "
[1] 210
[1] 0.4875
[1] "M: "
[1] 260
[1] 0.5
[1] "M: "
[1] 310
[1] 0.5375
[1] "M: "
[1] 360
[1] 0.5625
[1] "M: "
[1] 410
[1] 0.6
[1] "M: "
[1] 460
[1] 0.6125
[1] "M: "
[1] 510
[1] 0.6625
[1] "M: "
[1] 560
[1] 0.6875
[1] "M: "
[1] 610
[1] 0.7125
[1] "M: "
[1] 660
[1] 0.725
[1] "M: "
[1] 710
[1] 0.725
[1] "M: "
[1] 760
[1] 0.75
[1] "M: "
[1] 810
[1] 0.7625
[1] "M: "
[1] 860
[1] 0.7875
[1] "M: "
[1] 910
[1] 0.7875
[1] "M: "
[1] 960
[1] 0.8
[1] "M: "
[1] 1010
[1] 0.8
[1] "M: "
[1] 1060
[1] 0.8
[1] "M: "
[1] 1110
[1] 0.8125
[1] "M: "
[1] 1160
[1] 0.825
[1] "M: "
[1] 1210
[1] 0.825
[1] "M: "
[1] 1260
[1] 0.825
[1] "M: "
[1] 1310
[1] 0.825
[1] "M: "
[1] 1360
[1] 0.825
[1] "M: "
[1] 1410
[1] 0.825
[1] "M: "
[1] 1460
[1] 0.8125
[1] "M: "
[1] 1510
[1] 0.8125
[1] "Iteration: "
[1] 85
[1] "M: "
[1] 10
[1] 0.925
[1] "M: "
[1] 60
[1] 0.6125
[1] "M: "
[1] 110
[1] 0.4875
[1] "M: "
[1] 160
[1] 0.5
[1] "M: "
[1] 210
[1] 0.475
[1] "M: "
[1] 260
[1] 0.475
[1] "M: "
[1] 310
[1] 0.4875
[1] "M: "
[1] 360
[1] 0.475
[1] "M: "
[1] 410
[1] 0.4875
[1] "M: "
[1] 460
[1] 0.475
[1] "M: "
[1] 510
[1] 0.4875
[1] "M: "
[1] 560
[1] 0.5125
[1] "M: "
[1] 610
[1] 0.525
[1] "M: "
[1] 660
[1] 0.525
[1] "M: "
[1] 710
[1] 0.5375
[1] "M: "
[1] 760
[1] 0.5625
[1] "M: "
[1] 810
[1] 0.575
[1] "M: "
[1] 860
[1] 0.6
[1] "M: "
[1] 910
[1] 0.6125
[1] "M: "
[1] 960
[1] 0.6625
[1] "M: "
[1] 1010
[1] 0.6875
[1] "M: "
[1] 1060
[1] 0.6875
[1] "M: "
[1] 1110
[1] 0.7
[1] "M: "
[1] 1160
[1] 0.6875
[1] "M: "
[1] 1210
[1] 0.6875
[1] "M: "
[1] 1260
[1] 0.7
[1] "M: "
[1] 1310
[1] 0.7125
[1] "M: "
[1] 1360
[1] 0.7
[1] "M: "
[1] 1410
[1] 0.7
[1] "M: "
[1] 1460
[1] 0.7125
[1] "M: "
[1] 1510
[1] 0.6875
[1] "Iteration: "
[1] 86
[1] "M: "
[1] 10
[1] 0.575
[1] "M: "
[1] 60
[1] 0.65
[1] "M: "
[1] 110
[1] 0.675
[1] "M: "
[1] 160
[1] 0.6625
[1] "M: "
[1] 210
[1] 0.625
[1] "M: "
[1] 260
[1] 0.675
[1] "M: "
[1] 310
[1] 0.675
[1] "M: "
[1] 360
[1] 0.675
[1] "M: "
[1] 410
[1] 0.6875
[1] "M: "
[1] 460
[1] 0.675
[1] "M: "
[1] 510
[1] 0.65
[1] "M: "
[1] 560
[1] 0.6625
[1] "M: "
[1] 610
[1] 0.6875
[1] "M: "
[1] 660
[1] 0.7
[1] "M: "
[1] 710
[1] 0.7125
[1] "M: "
[1] 760
[1] 0.775
[1] "M: "
[1] 810
[1] 0.7875
[1] "M: "
[1] 860
[1] 0.8
[1] "M: "
[1] 910
[1] 0.8
[1] "M: "
[1] 960
[1] 0.8
[1] "M: "
[1] 1010
[1] 0.8
[1] "M: "
[1] 1060
[1] 0.8
[1] "M: "
[1] 1110
[1] 0.8
[1] "M: "
[1] 1160
[1] 0.8125
[1] "M: "
[1] 1210
[1] 0.8125
[1] "M: "
[1] 1260
[1] 0.8125
[1] "M: "
[1] 1310
[1] 0.85
[1] "M: "
[1] 1360
[1] 0.85
[1] "M: "
[1] 1410
[1] 0.8375
[1] "M: "
[1] 1460
[1] 0.8
[1] "M: "
[1] 1510
[1] 0.8125
[1] "Iteration: "
[1] 87
[1] "M: "
[1] 10
[1] 0.525
[1] "M: "
[1] 60
[1] 0.4875
[1] "M: "
[1] 110
[1] 0.6875
[1] "M: "
[1] 160
[1] 0.8125
[1] "M: "
[1] 210
[1] 0.825
[1] "M: "
[1] 260
[1] 0.8625
[1] "M: "
[1] 310
[1] 0.875
[1] "M: "
[1] 360
[1] 0.9125
[1] "M: "
[1] 410
[1] 0.8875
[1] "M: "
[1] 460
[1] 0.875
[1] "M: "
[1] 510
[1] 0.875
[1] "M: "
[1] 560
[1] 0.875
[1] "M: "
[1] 610
[1] 0.875
[1] "M: "
[1] 660
[1] 0.875
[1] "M: "
[1] 710
[1] 0.8875
[1] "M: "
[1] 760
[1] 0.8875
[1] "M: "
[1] 810
[1] 0.9
[1] "M: "
[1] 860
[1] 0.9
[1] "M: "
[1] 910
[1] 0.9
[1] "M: "
[1] 960
[1] 0.9
[1] "M: "
[1] 1010
[1] 0.9
[1] "M: "
[1] 1060
[1] 0.9125
[1] "M: "
[1] 1110
[1] 0.9125
[1] "M: "
[1] 1160
[1] 0.9125
[1] "M: "
[1] 1210
[1] 0.9125
[1] "M: "
[1] 1260
[1] 0.9125
[1] "M: "
[1] 1310
[1] 0.9125
[1] "M: "
[1] 1360
[1] 0.9125
[1] "M: "
[1] 1410
[1] 0.9125
[1] "M: "
[1] 1460
[1] 0.9
[1] "M: "
[1] 1510
[1] 0.8875
[1] "Iteration: "
[1] 88
[1] "M: "
[1] 10
[1] 0.675
[1] "M: "
[1] 60
[1] 0.75
[1] "M: "
[1] 110
[1] 0.775
[1] "M: "
[1] 160
[1] 0.75
[1] "M: "
[1] 210
[1] 0.725
[1] "M: "
[1] 260
[1] 0.7125
[1] "M: "
[1] 310
[1] 0.7125
[1] "M: "
[1] 360
[1] 0.7375
[1] "M: "
[1] 410
[1] 0.7625
[1] "M: "
[1] 460
[1] 0.7375
[1] "M: "
[1] 510
[1] 0.775
[1] "M: "
[1] 560
[1] 0.825
[1] "M: "
[1] 610
[1] 0.8375
[1] "M: "
[1] 660
[1] 0.8875
[1] "M: "
[1] 710
[1] 0.9
[1] "M: "
[1] 760
[1] 0.9
[1] "M: "
[1] 810
[1] 0.9125
[1] "M: "
[1] 860
[1] 0.9125
[1] "M: "
[1] 910
[1] 0.9125
[1] "M: "
[1] 960
[1] 0.9375
[1] "M: "
[1] 1010
[1] 0.95
[1] "M: "
[1] 1060
[1] 0.95
[1] "M: "
[1] 1110
[1] 0.95
[1] "M: "
[1] 1160
[1] 0.95
[1] "M: "
[1] 1210
[1] 0.95
[1] "M: "
[1] 1260
[1] 0.9375
[1] "M: "
[1] 1310
[1] 0.925
[1] "M: "
[1] 1360
[1] 0.925
[1] "M: "
[1] 1410
[1] 0.925
[1] "M: "
[1] 1460
[1] 0.8875
[1] "M: "
[1] 1510
[1] 0.875
[1] "Iteration: "
[1] 89
[1] "M: "
[1] 10
[1] 0.5625
[1] "M: "
[1] 60
[1] 0.625
[1] "M: "
[1] 110
[1] 0.6375
[1] "M: "
[1] 160
[1] 0.6625
[1] "M: "
[1] 210
[1] 0.6625
[1] "M: "
[1] 260
[1] 0.65
[1] "M: "
[1] 310
[1] 0.6625
[1] "M: "
[1] 360
[1] 0.6
[1] "M: "
[1] 410
[1] 0.6
[1] "M: "
[1] 460
[1] 0.6125
[1] "M: "
[1] 510
[1] 0.6375
[1] "M: "
[1] 560
[1] 0.65
[1] "M: "
[1] 610
[1] 0.65
[1] "M: "
[1] 660
[1] 0.675
[1] "M: "
[1] 710
[1] 0.675
[1] "M: "
[1] 760
[1] 0.675
[1] "M: "
[1] 810
[1] 0.6875
[1] "M: "
[1] 860
[1] 0.7
[1] "M: "
[1] 910
[1] 0.7
[1] "M: "
[1] 960
[1] 0.7
[1] "M: "
[1] 1010
[1] 0.7
[1] "M: "
[1] 1060
[1] 0.7
[1] "M: "
[1] 1110
[1] 0.7125
[1] "M: "
[1] 1160
[1] 0.7125
[1] "M: "
[1] 1210
[1] 0.7125
[1] "M: "
[1] 1260
[1] 0.7
[1] "M: "
[1] 1310
[1] 0.7
[1] "M: "
[1] 1360
[1] 0.7
[1] "M: "
[1] 1410
[1] 0.6875
[1] "M: "
[1] 1460
[1] 0.6875
[1] "M: "
[1] 1510
[1] 0.6875
[1] "Iteration: "
[1] 90
[1] "M: "
[1] 10
[1] 0.6875
[1] "M: "
[1] 60
[1] 0.725
[1] "M: "
[1] 110
[1] 0.625
[1] "M: "
[1] 160
[1] 0.4625
[1] "M: "
[1] 210
[1] 0.4875
[1] "M: "
[1] 260
[1] 0.5
[1] "M: "
[1] 310
[1] 0.5125
[1] "M: "
[1] 360
[1] 0.525
[1] "M: "
[1] 410
[1] 0.5375
[1] "M: "
[1] 460
[1] 0.5375
[1] "M: "
[1] 510
[1] 0.55
[1] "M: "
[1] 560
[1] 0.6
[1] "M: "
[1] 610
[1] 0.5875
[1] "M: "
[1] 660
[1] 0.5875
[1] "M: "
[1] 710
[1] 0.5875
[1] "M: "
[1] 760
[1] 0.625
[1] "M: "
[1] 810
[1] 0.625
[1] "M: "
[1] 860
[1] 0.6125
[1] "M: "
[1] 910
[1] 0.625
[1] "M: "
[1] 960
[1] 0.625
[1] "M: "
[1] 1010
[1] 0.625
[1] "M: "
[1] 1060
[1] 0.625
[1] "M: "
[1] 1110
[1] 0.625
[1] "M: "
[1] 1160
[1] 0.625
[1] "M: "
[1] 1210
[1] 0.625
[1] "M: "
[1] 1260
[1] 0.625
[1] "M: "
[1] 1310
[1] 0.625
[1] "M: "
[1] 1360
[1] 0.625
[1] "M: "
[1] 1410
[1] 0.625
[1] "M: "
[1] 1460
[1] 0.625
[1] "M: "
[1] 1510
[1] 0.6
[1] "Iteration: "
[1] 91
[1] "M: "
[1] 10
[1] 0.7375
[1] "M: "
[1] 60
[1] 0.75
[1] "M: "
[1] 110
[1] 0.7125
[1] "M: "
[1] 160
[1] 0.6125
[1] "M: "
[1] 210
[1] 0.5375
[1] "M: "
[1] 260
[1] 0.575
[1] "M: "
[1] 310
[1] 0.625
[1] "M: "
[1] 360
[1] 0.625
[1] "M: "
[1] 410
[1] 0.65
[1] "M: "
[1] 460
[1] 0.675
[1] "M: "
[1] 510
[1] 0.7125
[1] "M: "
[1] 560
[1] 0.7125
[1] "M: "
[1] 610
[1] 0.7375
[1] "M: "
[1] 660
[1] 0.7375
[1] "M: "
[1] 710
[1] 0.75
[1] "M: "
[1] 760
[1] 0.7625
[1] "M: "
[1] 810
[1] 0.7625
[1] "M: "
[1] 860
[1] 0.7625
[1] "M: "
[1] 910
[1] 0.775
[1] "M: "
[1] 960
[1] 0.7875
[1] "M: "
[1] 1010
[1] 0.8
[1] "M: "
[1] 1060
[1] 0.8
[1] "M: "
[1] 1110
[1] 0.8125
[1] "M: "
[1] 1160
[1] 0.825
[1] "M: "
[1] 1210
[1] 0.8375
[1] "M: "
[1] 1260
[1] 0.8375
[1] "M: "
[1] 1310
[1] 0.85
[1] "M: "
[1] 1360
[1] 0.85
[1] "M: "
[1] 1410
[1] 0.85
[1] "M: "
[1] 1460
[1] 0.85
[1] "M: "
[1] 1510
[1] 0.85
[1] "Iteration: "
[1] 92
[1] "M: "
[1] 10
[1] 0.7875
[1] "M: "
[1] 60
[1] 0.8
[1] "M: "
[1] 110
[1] 0.8125
[1] "M: "
[1] 160
[1] 0.825
[1] "M: "
[1] 210
[1] 0.825
[1] "M: "
[1] 260
[1] 0.825
[1] "M: "
[1] 310
[1] 0.825
[1] "M: "
[1] 360
[1] 0.8125
[1] "M: "
[1] 410
[1] 0.825
[1] "M: "
[1] 460
[1] 0.8125
[1] "M: "
[1] 510
[1] 0.825
[1] "M: "
[1] 560
[1] 0.825
[1] "M: "
[1] 610
[1] 0.8125
[1] "M: "
[1] 660
[1] 0.8
[1] "M: "
[1] 710
[1] 0.8
[1] "M: "
[1] 760
[1] 0.8
[1] "M: "
[1] 810
[1] 0.8
[1] "M: "
[1] 860
[1] 0.8
[1] "M: "
[1] 910
[1] 0.8
[1] "M: "
[1] 960
[1] 0.8
[1] "M: "
[1] 1010
[1] 0.8
[1] "M: "
[1] 1060
[1] 0.7875
[1] "M: "
[1] 1110
[1] 0.7875
[1] "M: "
[1] 1160
[1] 0.7875
[1] "M: "
[1] 1210
[1] 0.7875
[1] "M: "
[1] 1260
[1] 0.7875
[1] "M: "
[1] 1310
[1] 0.8
[1] "M: "
[1] 1360
[1] 0.8
[1] "M: "
[1] 1410
[1] 0.8
[1] "M: "
[1] 1460
[1] 0.8125
[1] "M: "
[1] 1510
[1] 0.8125
[1] "Iteration: "
[1] 93
[1] "M: "
[1] 10
[1] 0.7875
[1] "M: "
[1] 60
[1] 0.5
[1] "M: "
[1] 110
[1] 0.525
[1] "M: "
[1] 160
[1] 0.5375
[1] "M: "
[1] 210
[1] 0.525
[1] "M: "
[1] 260
[1] 0.5
[1] "M: "
[1] 310
[1] 0.5125
[1] "M: "
[1] 360
[1] 0.5125
[1] "M: "
[1] 410
[1] 0.5375
[1] "M: "
[1] 460
[1] 0.5375
[1] "M: "
[1] 510
[1] 0.6125
[1] "M: "
[1] 560
[1] 0.65
[1] "M: "
[1] 610
[1] 0.65
[1] "M: "
[1] 660
[1] 0.6375
[1] "M: "
[1] 710
[1] 0.65
[1] "M: "
[1] 760
[1] 0.675
[1] "M: "
[1] 810
[1] 0.6875
[1] "M: "
[1] 860
[1] 0.7
[1] "M: "
[1] 910
[1] 0.725
[1] "M: "
[1] 960
[1] 0.7375
[1] "M: "
[1] 1010
[1] 0.75
[1] "M: "
[1] 1060
[1] 0.7625
[1] "M: "
[1] 1110
[1] 0.7875
[1] "M: "
[1] 1160
[1] 0.8
[1] "M: "
[1] 1210
[1] 0.8
[1] "M: "
[1] 1260
[1] 0.8
[1] "M: "
[1] 1310
[1] 0.8
[1] "M: "
[1] 1360
[1] 0.8
[1] "M: "
[1] 1410
[1] 0.7875
[1] "M: "
[1] 1460
[1] 0.775
[1] "M: "
[1] 1510
[1] 0.775
[1] "Iteration: "
[1] 94
[1] "M: "
[1] 10
[1] 0.9875
[1] "M: "
[1] 60
[1] 0.9375
[1] "M: "
[1] 110
[1] 0.6375
[1] "M: "
[1] 160
[1] 0.575
[1] "M: "
[1] 210
[1] 0.5375
[1] "M: "
[1] 260
[1] 0.525
[1] "M: "
[1] 310
[1] 0.5375
[1] "M: "
[1] 360
[1] 0.525
[1] "M: "
[1] 410
[1] 0.5
[1] "M: "
[1] 460
[1] 0.5
[1] "M: "
[1] 510
[1] 0.5125
[1] "M: "
[1] 560
[1] 0.525
[1] "M: "
[1] 610
[1] 0.5375
[1] "M: "
[1] 660
[1] 0.575
[1] "M: "
[1] 710
[1] 0.6125
[1] "M: "
[1] 760
[1] 0.6375
[1] "M: "
[1] 810
[1] 0.65
[1] "M: "
[1] 860
[1] 0.6625
[1] "M: "
[1] 910
[1] 0.6875
[1] "M: "
[1] 960
[1] 0.7
[1] "M: "
[1] 1010
[1] 0.725
[1] "M: "
[1] 1060
[1] 0.7375
[1] "M: "
[1] 1110
[1] 0.7375
[1] "M: "
[1] 1160
[1] 0.7625
[1] "M: "
[1] 1210
[1] 0.775
[1] "M: "
[1] 1260
[1] 0.775
[1] "M: "
[1] 1310
[1] 0.775
[1] "M: "
[1] 1360
[1] 0.775
[1] "M: "
[1] 1410
[1] 0.7875
[1] "M: "
[1] 1460
[1] 0.8
[1] "M: "
[1] 1510
[1] 0.775
[1] "Iteration: "
[1] 95
[1] "M: "
[1] 10
[1] 0.7625
[1] "M: "
[1] 60
[1] 0.6125
[1] "M: "
[1] 110
[1] 0.575
[1] "M: "
[1] 160
[1] 0.575
[1] "M: "
[1] 210
[1] 0.6125
[1] "M: "
[1] 260
[1] 0.65
[1] "M: "
[1] 310
[1] 0.65
[1] "M: "
[1] 360
[1] 0.6125
[1] "M: "
[1] 410
[1] 0.6
[1] "M: "
[1] 460
[1] 0.6125
[1] "M: "
[1] 510
[1] 0.6125
[1] "M: "
[1] 560
[1] 0.6125
[1] "M: "
[1] 610
[1] 0.6125
[1] "M: "
[1] 660
[1] 0.625
[1] "M: "
[1] 710
[1] 0.65
[1] "M: "
[1] 760
[1] 0.65
[1] "M: "
[1] 810
[1] 0.675
[1] "M: "
[1] 860
[1] 0.7
[1] "M: "
[1] 910
[1] 0.7375
[1] "M: "
[1] 960
[1] 0.7375
[1] "M: "
[1] 1010
[1] 0.75
[1] "M: "
[1] 1060
[1] 0.75
[1] "M: "
[1] 1110
[1] 0.7625
[1] "M: "
[1] 1160
[1] 0.7625
[1] "M: "
[1] 1210
[1] 0.7625
[1] "M: "
[1] 1260
[1] 0.7625
[1] "M: "
[1] 1310
[1] 0.7625
[1] "M: "
[1] 1360
[1] 0.75
[1] "M: "
[1] 1410
[1] 0.75
[1] "M: "
[1] 1460
[1] 0.725
[1] "M: "
[1] 1510
[1] 0.7375
[1] "Iteration: "
[1] 96
[1] "M: "
[1] 10
[1] 0.7
[1] "M: "
[1] 60
[1] 0.6125
[1] "M: "
[1] 110
[1] 0.725
[1] "M: "
[1] 160
[1] 0.775
[1] "M: "
[1] 210
[1] 0.8125
[1] "M: "
[1] 260
[1] 0.8125
[1] "M: "
[1] 310
[1] 0.8
[1] "M: "
[1] 360
[1] 0.8
[1] "M: "
[1] 410
[1] 0.7875
[1] "M: "
[1] 460
[1] 0.775
[1] "M: "
[1] 510
[1] 0.8
[1] "M: "
[1] 560
[1] 0.85
[1] "M: "
[1] 610
[1] 0.8375
[1] "M: "
[1] 660
[1] 0.8375
[1] "M: "
[1] 710
[1] 0.825
[1] "M: "
[1] 760
[1] 0.825
[1] "M: "
[1] 810
[1] 0.825
[1] "M: "
[1] 860
[1] 0.8375
[1] "M: "
[1] 910
[1] 0.8375
[1] "M: "
[1] 960
[1] 0.8375
[1] "M: "
[1] 1010
[1] 0.85
[1] "M: "
[1] 1060
[1] 0.875
[1] "M: "
[1] 1110
[1] 0.875
[1] "M: "
[1] 1160
[1] 0.875
[1] "M: "
[1] 1210
[1] 0.875
[1] "M: "
[1] 1260
[1] 0.875
[1] "M: "
[1] 1310
[1] 0.875
[1] "M: "
[1] 1360
[1] 0.8875
[1] "M: "
[1] 1410
[1] 0.9
[1] "M: "
[1] 1460
[1] 0.8875
[1] "M: "
[1] 1510
[1] 0.9
[1] "Iteration: "
[1] 97
[1] "M: "
[1] 10
[1] 0.9
[1] "M: "
[1] 60
[1] 0.8875
[1] "M: "
[1] 110
[1] 0.8
[1] "M: "
[1] 160
[1] 0.725
[1] "M: "
[1] 210
[1] 0.7
[1] "M: "
[1] 260
[1] 0.6875
[1] "M: "
[1] 310
[1] 0.65
[1] "M: "
[1] 360
[1] 0.6375
[1] "M: "
[1] 410
[1] 0.6375
[1] "M: "
[1] 460
[1] 0.625
[1] "M: "
[1] 510
[1] 0.65
[1] "M: "
[1] 560
[1] 0.725
[1] "M: "
[1] 610
[1] 0.75
[1] "M: "
[1] 660
[1] 0.75
[1] "M: "
[1] 710
[1] 0.75
[1] "M: "
[1] 760
[1] 0.775
[1] "M: "
[1] 810
[1] 0.8
[1] "M: "
[1] 860
[1] 0.8
[1] "M: "
[1] 910
[1] 0.825
[1] "M: "
[1] 960
[1] 0.825
[1] "M: "
[1] 1010
[1] 0.825
[1] "M: "
[1] 1060
[1] 0.85
[1] "M: "
[1] 1110
[1] 0.8625
[1] "M: "
[1] 1160
[1] 0.875
[1] "M: "
[1] 1210
[1] 0.875
[1] "M: "
[1] 1260
[1] 0.875
[1] "M: "
[1] 1310
[1] 0.875
[1] "M: "
[1] 1360
[1] 0.875
[1] "M: "
[1] 1410
[1] 0.8875
[1] "M: "
[1] 1460
[1] 0.8625
[1] "M: "
[1] 1510
[1] 0.85
[1] "Iteration: "
[1] 98
[1] "M: "
[1] 10
[1] 0.8375
[1] "M: "
[1] 60
[1] 0.8375
[1] "M: "
[1] 110
[1] 0.85
[1] "M: "
[1] 160
[1] 0.8375
[1] "M: "
[1] 210
[1] 0.8625
[1] "M: "
[1] 260
[1] 0.8625
[1] "M: "
[1] 310
[1] 0.8625
[1] "M: "
[1] 360
[1] 0.8625
[1] "M: "
[1] 410
[1] 0.8125
[1] "M: "
[1] 460
[1] 0.8125
[1] "M: "
[1] 510
[1] 0.825
[1] "M: "
[1] 560
[1] 0.825
[1] "M: "
[1] 610
[1] 0.825
[1] "M: "
[1] 660
[1] 0.8
[1] "M: "
[1] 710
[1] 0.8
[1] "M: "
[1] 760
[1] 0.7875
[1] "M: "
[1] 810
[1] 0.7875
[1] "M: "
[1] 860
[1] 0.7875
[1] "M: "
[1] 910
[1] 0.7875
[1] "M: "
[1] 960
[1] 0.7875
[1] "M: "
[1] 1010
[1] 0.7875
[1] "M: "
[1] 1060
[1] 0.7875
[1] "M: "
[1] 1110
[1] 0.7875
[1] "M: "
[1] 1160
[1] 0.7875
[1] "M: "
[1] 1210
[1] 0.7875
[1] "M: "
[1] 1260
[1] 0.7875
[1] "M: "
[1] 1310
[1] 0.7875
[1] "M: "
[1] 1360
[1] 0.7875
[1] "M: "
[1] 1410
[1] 0.7875
[1] "M: "
[1] 1460
[1] 0.7875
[1] "M: "
[1] 1510
[1] 0.8
[1] "Iteration: "
[1] 99
[1] "M: "
[1] 10
[1] 0.8125
[1] "M: "
[1] 60
[1] 0.8375
[1] "M: "
[1] 110
[1] 0.8625
[1] "M: "
[1] 160
[1] 0.85
[1] "M: "
[1] 210
[1] 0.85
[1] "M: "
[1] 260
[1] 0.8375
[1] "M: "
[1] 310
[1] 0.8375
[1] "M: "
[1] 360
[1] 0.825
[1] "M: "
[1] 410
[1] 0.825
[1] "M: "
[1] 460
[1] 0.825
[1] "M: "
[1] 510
[1] 0.825
[1] "M: "
[1] 560
[1] 0.825
[1] "M: "
[1] 610
[1] 0.825
[1] "M: "
[1] 660
[1] 0.825
[1] "M: "
[1] 710
[1] 0.825
[1] "M: "
[1] 760
[1] 0.825
[1] "M: "
[1] 810
[1] 0.825
[1] "M: "
[1] 860
[1] 0.825
[1] "M: "
[1] 910
[1] 0.825
[1] "M: "
[1] 960
[1] 0.825
[1] "M: "
[1] 1010
[1] 0.825
[1] "M: "
[1] 1060
[1] 0.825
[1] "M: "
[1] 1110
[1] 0.825
[1] "M: "
[1] 1160
[1] 0.825
[1] "M: "
[1] 1210
[1] 0.825
[1] "M: "
[1] 1260
[1] 0.825
[1] "M: "
[1] 1310
[1] 0.825
[1] "M: "
[1] 1360
[1] 0.825
[1] "M: "
[1] 1410
[1] 0.825
[1] "M: "
[1] 1460
[1] 0.8375
[1] "M: "
[1] 1510
[1] 0.85
There were 50 or more warnings (use warnings() to see the first 50)
[1] 1
[1] 2
[1] 3
[1] 4
[1] 5
[1] 6
[1] 7
[1] 8
[1] 9
[1] 10
[1] 11
[1] 12
[1] 13
[1] 14
[1] 15
[1] 16
[1] 17
[1] 18
[1] 19
[1] 20
[1] 21
[1] 22
[1] 23
[1] 24
[1] 25
[1] 26
[1] 27
[1] 28
[1] 29
[1] 30
[1] 31
[1] 32
[1] 33
[1] 34
[1] 35
[1] 36
[1] 37
[1] 38
[1] 39
[1] 40
[1] 41
[1] 42
[1] 43
[1] 44
[1] 45
[1] 46
[1] 47
[1] 48
[1] 49
[1] 50
[1] 51
[1] 52
[1] 53
[1] 54
[1] 55
[1] 56
[1] 57
[1] 58
[1] 59
[1] 60
[1] 61
[1] 62
[1] 63
[1] 64
[1] 65
[1] 66
[1] 67
[1] 68
[1] 69
[1] 70
[1] 71
[1] 72
[1] 73
[1] 74
[1] 75
[1] 76
[1] 77
[1] 78
[1] 79
[1] 80
[1] 81
[1] 82
[1] 83
[1] 84
[1] 85
[1] 86
[1] 87
[1] 88
[1] 89
[1] 90
[1] 91
[1] 92
[1] 93
[1] 94
[1] 95
[1] 96
[1] 97
[1] 98
[1] 99
There were 50 or more warnings (use warnings() to see the first 50)
[1] "Optimal M = "
[1] 1352
[1] "AUC CI = "
[1] 0.9162657 0.9473523 0.9784389
[1] 0.8888889
Warning message:
In spls(X, ind.mat, ncomp = ncomp, mode = "regression", keepX = keepX,  :
  Zero- or near-zero variance predictors.
Reset predictors matrix to not near-zero variance predictors.
See $nzv for problematic predictors.
