Loading required package: MASS
Loading required package: lattice
Warning messages:
1: In rgl.init(initValue, onlyNULL) : RGL: unable to open X11 display
2: In fun(libname, pkgname) : error in rgl_init
Type 'citation("pROC")' for a citation.

Attaching package: ‘pROC’

The following objects are masked from ‘package:stats’:

    cov, smooth, var

There were 20 warnings (use warnings() to see them)
[1] "Number of SNVs"
[1] 5708
 [1]    5   55  105  155  205  255  305  355  405  455  505  555  605  655  705
[16]  755  805  855  905  955 1005 1055 1105 1155 1205 1255
[1] "Iteration: "
[1] 1
[1] "M: "
[1] 5
[1] 0.8375
[1] "M: "
[1] 55
[1] 0.6375
[1] "M: "
[1] 105
[1] 0.625
[1] "M: "
[1] 155
[1] 0.6125
[1] "M: "
[1] 205
[1] 0.65
[1] "M: "
[1] 255
[1] 0.6375
[1] "M: "
[1] 305
[1] 0.625
[1] "M: "
[1] 355
[1] 0.625
[1] "M: "
[1] 405
[1] 0.625
[1] "M: "
[1] 455
[1] 0.6125
[1] "M: "
[1] 505
[1] 0.6
[1] "M: "
[1] 555
[1] 0.6
[1] "M: "
[1] 605
[1] 0.625
[1] "M: "
[1] 655
[1] 0.625
[1] "M: "
[1] 705
[1] 0.625
[1] "M: "
[1] 755
[1] 0.6125
[1] "M: "
[1] 805
[1] 0.6125
[1] "M: "
[1] 855
[1] 0.625
[1] "M: "
[1] 905
[1] 0.6375
[1] "M: "
[1] 955
[1] 0.6375
[1] "M: "
[1] 1005
[1] 0.625
[1] "M: "
[1] 1055
[1] 0.625
[1] "M: "
[1] 1105
[1] 0.625
[1] "M: "
[1] 1155
[1] 0.625
[1] "M: "
[1] 1205
[1] 0.6125
[1] "M: "
[1] 1255
[1] 0.625
[1] "Iteration: "
[1] 2
[1] "M: "
[1] 5
[1] 0.7625
[1] "M: "
[1] 55
[1] 0.7
[1] "M: "
[1] 105
[1] 0.7375
[1] "M: "
[1] 155
[1] 0.7375
[1] "M: "
[1] 205
[1] 0.75
[1] "M: "
[1] 255
[1] 0.7625
[1] "M: "
[1] 305
[1] 0.7625
[1] "M: "
[1] 355
[1] 0.75
[1] "M: "
[1] 405
[1] 0.75
[1] "M: "
[1] 455
[1] 0.75
[1] "M: "
[1] 505
[1] 0.75
[1] "M: "
[1] 555
[1] 0.7625
[1] "M: "
[1] 605
[1] 0.7625
[1] "M: "
[1] 655
[1] 0.7625
[1] "M: "
[1] 705
[1] 0.725
[1] "M: "
[1] 755
[1] 0.725
[1] "M: "
[1] 805
[1] 0.725
[1] "M: "
[1] 855
[1] 0.725
[1] "M: "
[1] 905
[1] 0.725
[1] "M: "
[1] 955
[1] 0.725
[1] "M: "
[1] 1005
[1] 0.725
[1] "M: "
[1] 1055
[1] 0.725
[1] "M: "
[1] 1105
[1] 0.725
[1] "M: "
[1] 1155
[1] 0.725
[1] "M: "
[1] 1205
[1] 0.725
[1] "M: "
[1] 1255
[1] 0.725
[1] "Iteration: "
[1] 3
[1] "M: "
[1] 5
[1] 1
[1] "M: "
[1] 55
[1] 0.7375
[1] "M: "
[1] 105
[1] 0.7875
[1] "M: "
[1] 155
[1] 0.75
[1] "M: "
[1] 205
[1] 0.7
[1] "M: "
[1] 255
[1] 0.7125
[1] "M: "
[1] 305
[1] 0.7
[1] "M: "
[1] 355
[1] 0.675
[1] "M: "
[1] 405
[1] 0.6625
[1] "M: "
[1] 455
[1] 0.6375
[1] "M: "
[1] 505
[1] 0.6375
[1] "M: "
[1] 555
[1] 0.6375
[1] "M: "
[1] 605
[1] 0.6375
[1] "M: "
[1] 655
[1] 0.6375
[1] "M: "
[1] 705
[1] 0.65
[1] "M: "
[1] 755
[1] 0.65
[1] "M: "
[1] 805
[1] 0.65
[1] "M: "
[1] 855
[1] 0.675
[1] "M: "
[1] 905
[1] 0.7
[1] "M: "
[1] 955
[1] 0.7
[1] "M: "
[1] 1005
[1] 0.725
[1] "M: "
[1] 1055
[1] 0.725
[1] "M: "
[1] 1105
[1] 0.725
[1] "M: "
[1] 1155
[1] 0.7125
[1] "M: "
[1] 1205
[1] 0.7
[1] "M: "
[1] 1255
[1] 0.6625
[1] "Iteration: "
[1] 4
[1] "M: "
[1] 5
[1] 0.9875
[1] "M: "
[1] 55
[1] 0.55
[1] "M: "
[1] 105
[1] 0.5
[1] "M: "
[1] 155
[1] 0.475
[1] "M: "
[1] 205
[1] 0.45
[1] "M: "
[1] 255
[1] 0.55
[1] "M: "
[1] 305
[1] 0.5625
[1] "M: "
[1] 355
[1] 0.5625
[1] "M: "
[1] 405
[1] 0.45
[1] "M: "
[1] 455
[1] 0.475
[1] "M: "
[1] 505
[1] 0.5125
[1] "M: "
[1] 555
[1] 0.5125
[1] "M: "
[1] 605
[1] 0.525
[1] "M: "
[1] 655
[1] 0.55
[1] "M: "
[1] 705
[1] 0.55
[1] "M: "
[1] 755
[1] 0.55
[1] "M: "
[1] 805
[1] 0.55
[1] "M: "
[1] 855
[1] 0.55
[1] "M: "
[1] 905
[1] 0.5625
[1] "M: "
[1] 955
[1] 0.575
[1] "M: "
[1] 1005
[1] 0.5625
[1] "M: "
[1] 1055
[1] 0.575
[1] "M: "
[1] 1105
[1] 0.575
[1] "M: "
[1] 1155
[1] 0.5875
[1] "M: "
[1] 1205
[1] 0.5875
[1] "M: "
[1] 1255
[1] 0.575
[1] "Iteration: "
[1] 5
[1] "M: "
[1] 5
[1] 0.95
[1] "M: "
[1] 55
[1] 0.675
[1] "M: "
[1] 105
[1] 0.6375
[1] "M: "
[1] 155
[1] 0.5875
[1] "M: "
[1] 205
[1] 0.6
[1] "M: "
[1] 255
[1] 0.6125
[1] "M: "
[1] 305
[1] 0.6125
[1] "M: "
[1] 355
[1] 0.625
[1] "M: "
[1] 405
[1] 0.6125
[1] "M: "
[1] 455
[1] 0.6125
[1] "M: "
[1] 505
[1] 0.6125
[1] "M: "
[1] 555
[1] 0.625
[1] "M: "
[1] 605
[1] 0.625
[1] "M: "
[1] 655
[1] 0.6125
[1] "M: "
[1] 705
[1] 0.625
[1] "M: "
[1] 755
[1] 0.625
[1] "M: "
[1] 805
[1] 0.625
[1] "M: "
[1] 855
[1] 0.6375
[1] "M: "
[1] 905
[1] 0.6375
[1] "M: "
[1] 955
[1] 0.6375
[1] "M: "
[1] 1005
[1] 0.6625
[1] "M: "
[1] 1055
[1] 0.65
[1] "M: "
[1] 1105
[1] 0.6625
[1] "M: "
[1] 1155
[1] 0.6625
[1] "M: "
[1] 1205
[1] 0.6625
[1] "M: "
[1] 1255
[1] 0.6375
[1] "Iteration: "
[1] 6
[1] "M: "
[1] 5
[1] 0.6875
[1] "M: "
[1] 55
[1] 0.5875
[1] "M: "
[1] 105
[1] 0.55
[1] "M: "
[1] 155
[1] 0.5625
[1] "M: "
[1] 205
[1] 0.55
[1] "M: "
[1] 255
[1] 0.55
[1] "M: "
[1] 305
[1] 0.55
[1] "M: "
[1] 355
[1] 0.525
[1] "M: "
[1] 405
[1] 0.5125
[1] "M: "
[1] 455
[1] 0.4875
[1] "M: "
[1] 505
[1] 0.4875
[1] "M: "
[1] 555
[1] 0.5
[1] "M: "
[1] 605
[1] 0.475
[1] "M: "
[1] 655
[1] 0.45
[1] "M: "
[1] 705
[1] 0.45
[1] "M: "
[1] 755
[1] 0.45
[1] "M: "
[1] 805
[1] 0.4625
[1] "M: "
[1] 855
[1] 0.4625
[1] "M: "
[1] 905
[1] 0.4625
[1] "M: "
[1] 955
[1] 0.4625
[1] "M: "
[1] 1005
[1] 0.4625
[1] "M: "
[1] 1055
[1] 0.45
[1] "M: "
[1] 1105
[1] 0.45
[1] "M: "
[1] 1155
[1] 0.45
[1] "M: "
[1] 1205
[1] 0.425
[1] "M: "
[1] 1255
[1] 0.425
[1] "Iteration: "
[1] 7
[1] "M: "
[1] 5
[1] 0.725
[1] "M: "
[1] 55
[1] 0.75
[1] "M: "
[1] 105
[1] 0.7625
[1] "M: "
[1] 155
[1] 0.7625
[1] "M: "
[1] 205
[1] 0.725
[1] "M: "
[1] 255
[1] 0.725
[1] "M: "
[1] 305
[1] 0.7625
[1] "M: "
[1] 355
[1] 0.775
[1] "M: "
[1] 405
[1] 0.775
[1] "M: "
[1] 455
[1] 0.775
[1] "M: "
[1] 505
[1] 0.75
[1] "M: "
[1] 555
[1] 0.75
[1] "M: "
[1] 605
[1] 0.75
[1] "M: "
[1] 655
[1] 0.7375
[1] "M: "
[1] 705
[1] 0.7375
[1] "M: "
[1] 755
[1] 0.7375
[1] "M: "
[1] 805
[1] 0.7375
[1] "M: "
[1] 855
[1] 0.75
[1] "M: "
[1] 905
[1] 0.75
[1] "M: "
[1] 955
[1] 0.75
[1] "M: "
[1] 1005
[1] 0.775
[1] "M: "
[1] 1055
[1] 0.7875
[1] "M: "
[1] 1105
[1] 0.775
[1] "M: "
[1] 1155
[1] 0.775
[1] "M: "
[1] 1205
[1] 0.75
[1] "M: "
[1] 1255
[1] 0.75
[1] "Iteration: "
[1] 8
[1] "M: "
[1] 5
[1] 0.75
[1] "M: "
[1] 55
[1] 0.7
[1] "M: "
[1] 105
[1] 0.7375
[1] "M: "
[1] 155
[1] 0.75
[1] "M: "
[1] 205
[1] 0.75
[1] "M: "
[1] 255
[1] 0.75
[1] "M: "
[1] 305
[1] 0.7125
[1] "M: "
[1] 355
[1] 0.7125
[1] "M: "
[1] 405
[1] 0.7125
[1] "M: "
[1] 455
[1] 0.725
[1] "M: "
[1] 505
[1] 0.725
[1] "M: "
[1] 555
[1] 0.725
[1] "M: "
[1] 605
[1] 0.725
[1] "M: "
[1] 655
[1] 0.725
[1] "M: "
[1] 705
[1] 0.725
[1] "M: "
[1] 755
[1] 0.725
[1] "M: "
[1] 805
[1] 0.725
[1] "M: "
[1] 855
[1] 0.725
[1] "M: "
[1] 905
[1] 0.725
[1] "M: "
[1] 955
[1] 0.725
[1] "M: "
[1] 1005
[1] 0.7125
[1] "M: "
[1] 1055
[1] 0.7125
[1] "M: "
[1] 1105
[1] 0.7125
[1] "M: "
[1] 1155
[1] 0.7125
[1] "M: "
[1] 1205
[1] 0.7125
[1] "M: "
[1] 1255
[1] 0.7125
[1] "Iteration: "
[1] 9
[1] "M: "
[1] 5
[1] 0.75
[1] "M: "
[1] 55
[1] 0.8125
[1] "M: "
[1] 105
[1] 0.7875
[1] "M: "
[1] 155
[1] 0.775
[1] "M: "
[1] 205
[1] 0.775
[1] "M: "
[1] 255
[1] 0.775
[1] "M: "
[1] 305
[1] 0.75
[1] "M: "
[1] 355
[1] 0.725
[1] "M: "
[1] 405
[1] 0.725
[1] "M: "
[1] 455
[1] 0.725
[1] "M: "
[1] 505
[1] 0.725
[1] "M: "
[1] 555
[1] 0.725
[1] "M: "
[1] 605
[1] 0.725
[1] "M: "
[1] 655
[1] 0.725
[1] "M: "
[1] 705
[1] 0.725
[1] "M: "
[1] 755
[1] 0.725
[1] "M: "
[1] 805
[1] 0.725
[1] "M: "
[1] 855
[1] 0.725
[1] "M: "
[1] 905
[1] 0.7125
[1] "M: "
[1] 955
[1] 0.7125
[1] "M: "
[1] 1005
[1] 0.7125
[1] "M: "
[1] 1055
[1] 0.7
[1] "M: "
[1] 1105
[1] 0.7
[1] "M: "
[1] 1155
[1] 0.7
[1] "M: "
[1] 1205
[1] 0.7
[1] "M: "
[1] 1255
[1] 0.7125
[1] "Iteration: "
[1] 10
[1] "M: "
[1] 5
[1] 0.6125
[1] "M: "
[1] 55
[1] 0.5875
[1] "M: "
[1] 105
[1] 0.575
[1] "M: "
[1] 155
[1] 0.55
[1] "M: "
[1] 205
[1] 0.5625
[1] "M: "
[1] 255
[1] 0.525
[1] "M: "
[1] 305
[1] 0.55
[1] "M: "
[1] 355
[1] 0.55
[1] "M: "
[1] 405
[1] 0.55
[1] "M: "
[1] 455
[1] 0.5625
[1] "M: "
[1] 505
[1] 0.575
[1] "M: "
[1] 555
[1] 0.5625
[1] "M: "
[1] 605
[1] 0.575
[1] "M: "
[1] 655
[1] 0.5625
[1] "M: "
[1] 705
[1] 0.5625
[1] "M: "
[1] 755
[1] 0.55
[1] "M: "
[1] 805
[1] 0.55
[1] "M: "
[1] 855
[1] 0.55
[1] "M: "
[1] 905
[1] 0.55
[1] "M: "
[1] 955
[1] 0.55
[1] "M: "
[1] 1005
[1] 0.55
[1] "M: "
[1] 1055
[1] 0.55
[1] "M: "
[1] 1105
[1] 0.55
[1] "M: "
[1] 1155
[1] 0.55
[1] "M: "
[1] 1205
[1] 0.5625
[1] "M: "
[1] 1255
[1] 0.575
[1] "Iteration: "
[1] 11
[1] "M: "
[1] 5
[1] 0.7
[1] "M: "
[1] 55
[1] 0.7375
[1] "M: "
[1] 105
[1] 0.725
[1] "M: "
[1] 155
[1] 0.7375
[1] "M: "
[1] 205
[1] 0.7375
[1] "M: "
[1] 255
[1] 0.7625
[1] "M: "
[1] 305
[1] 0.775
[1] "M: "
[1] 355
[1] 0.775
[1] "M: "
[1] 405
[1] 0.7625
[1] "M: "
[1] 455
[1] 0.775
[1] "M: "
[1] 505
[1] 0.7625
[1] "M: "
[1] 555
[1] 0.7625
[1] "M: "
[1] 605
[1] 0.7625
[1] "M: "
[1] 655
[1] 0.7625
[1] "M: "
[1] 705
[1] 0.7625
[1] "M: "
[1] 755
[1] 0.7625
[1] "M: "
[1] 805
[1] 0.7625
[1] "M: "
[1] 855
[1] 0.75
[1] "M: "
[1] 905
[1] 0.75
[1] "M: "
[1] 955
[1] 0.75
[1] "M: "
[1] 1005
[1] 0.725
[1] "M: "
[1] 1055
[1] 0.7125
[1] "M: "
[1] 1105
[1] 0.7125
[1] "M: "
[1] 1155
[1] 0.7125
[1] "M: "
[1] 1205
[1] 0.7
[1] "M: "
[1] 1255
[1] 0.7
[1] "Iteration: "
[1] 12
[1] "M: "
[1] 5
[1] 0.675
[1] "M: "
[1] 55
[1] 0.7
[1] "M: "
[1] 105
[1] 0.725
[1] "M: "
[1] 155
[1] 0.725
[1] "M: "
[1] 205
[1] 0.7
[1] "M: "
[1] 255
[1] 0.675
[1] "M: "
[1] 305
[1] 0.675
[1] "M: "
[1] 355
[1] 0.675
[1] "M: "
[1] 405
[1] 0.675
[1] "M: "
[1] 455
[1] 0.6625
[1] "M: "
[1] 505
[1] 0.6375
[1] "M: "
[1] 555
[1] 0.65
[1] "M: "
[1] 605
[1] 0.6125
[1] "M: "
[1] 655
[1] 0.6125
[1] "M: "
[1] 705
[1] 0.6125
[1] "M: "
[1] 755
[1] 0.6
[1] "M: "
[1] 805
[1] 0.6
[1] "M: "
[1] 855
[1] 0.575
[1] "M: "
[1] 905
[1] 0.55
[1] "M: "
[1] 955
[1] 0.55
[1] "M: "
[1] 1005
[1] 0.55
[1] "M: "
[1] 1055
[1] 0.575
[1] "M: "
[1] 1105
[1] 0.5875
[1] "M: "
[1] 1155
[1] 0.575
[1] "M: "
[1] 1205
[1] 0.5875
[1] "M: "
[1] 1255
[1] 0.575
[1] "Iteration: "
[1] 13
[1] "M: "
[1] 5
[1] 0.6375
[1] "M: "
[1] 55
[1] 0.6125
[1] "M: "
[1] 105
[1] 0.55
[1] "M: "
[1] 155
[1] 0.4625
[1] "M: "
[1] 205
[1] 0.625
[1] "M: "
[1] 255
[1] 0.625
[1] "M: "
[1] 305
[1] 0.6375
[1] "M: "
[1] 355
[1] 0.6375
[1] "M: "
[1] 405
[1] 0.6125
[1] "M: "
[1] 455
[1] 0.6125
[1] "M: "
[1] 505
[1] 0.6125
[1] "M: "
[1] 555
[1] 0.5875
[1] "M: "
[1] 605
[1] 0.5625
[1] "M: "
[1] 655
[1] 0.5625
[1] "M: "
[1] 705
[1] 0.5625
[1] "M: "
[1] 755
[1] 0.525
[1] "M: "
[1] 805
[1] 0.525
[1] "M: "
[1] 855
[1] 0.525
[1] "M: "
[1] 905
[1] 0.5375
[1] "M: "
[1] 955
[1] 0.5375
[1] "M: "
[1] 1005
[1] 0.5375
[1] "M: "
[1] 1055
[1] 0.5375
[1] "M: "
[1] 1105
[1] 0.5
[1] "M: "
[1] 1155
[1] 0.5
[1] "M: "
[1] 1205
[1] 0.5125
[1] "M: "
[1] 1255
[1] 0.5125
[1] "Iteration: "
[1] 14
[1] "M: "
[1] 5
[1] 0.5
[1] "M: "
[1] 55
[1] 0.7375
[1] "M: "
[1] 105
[1] 0.7125
[1] "M: "
[1] 155
[1] 0.725
[1] "M: "
[1] 205
[1] 0.6875
[1] "M: "
[1] 255
[1] 0.6375
[1] "M: "
[1] 305
[1] 0.625
[1] "M: "
[1] 355
[1] 0.625
[1] "M: "
[1] 405
[1] 0.6125
[1] "M: "
[1] 455
[1] 0.6125
[1] "M: "
[1] 505
[1] 0.6125
[1] "M: "
[1] 555
[1] 0.6
[1] "M: "
[1] 605
[1] 0.6125
[1] "M: "
[1] 655
[1] 0.6125
[1] "M: "
[1] 705
[1] 0.5875
[1] "M: "
[1] 755
[1] 0.575
[1] "M: "
[1] 805
[1] 0.575
[1] "M: "
[1] 855
[1] 0.55
[1] "M: "
[1] 905
[1] 0.55
[1] "M: "
[1] 955
[1] 0.525
[1] "M: "
[1] 1005
[1] 0.5375
[1] "M: "
[1] 1055
[1] 0.5625
[1] "M: "
[1] 1105
[1] 0.6
[1] "M: "
[1] 1155
[1] 0.6
[1] "M: "
[1] 1205
[1] 0.6
[1] "M: "
[1] 1255
[1] 0.6
[1] "Iteration: "
[1] 15
[1] "M: "
[1] 5
[1] 0.85
[1] "M: "
[1] 55
[1] 0.7875
[1] "M: "
[1] 105
[1] 0.825
[1] "M: "
[1] 155
[1] 0.8375
[1] "M: "
[1] 205
[1] 0.8
[1] "M: "
[1] 255
[1] 0.725
[1] "M: "
[1] 305
[1] 0.7
[1] "M: "
[1] 355
[1] 0.7
[1] "M: "
[1] 405
[1] 0.6875
[1] "M: "
[1] 455
[1] 0.675
[1] "M: "
[1] 505
[1] 0.6625
[1] "M: "
[1] 555
[1] 0.6375
[1] "M: "
[1] 605
[1] 0.6625
[1] "M: "
[1] 655
[1] 0.6625
[1] "M: "
[1] 705
[1] 0.6625
[1] "M: "
[1] 755
[1] 0.6625
[1] "M: "
[1] 805
[1] 0.6375
[1] "M: "
[1] 855
[1] 0.625
[1] "M: "
[1] 905
[1] 0.6125
[1] "M: "
[1] 955
[1] 0.6
[1] "M: "
[1] 1005
[1] 0.6125
[1] "M: "
[1] 1055
[1] 0.625
[1] "M: "
[1] 1105
[1] 0.6375
[1] "M: "
[1] 1155
[1] 0.6375
[1] "M: "
[1] 1205
[1] 0.625
[1] "M: "
[1] 1255
[1] 0.6375
[1] "Iteration: "
[1] 16
[1] "M: "
[1] 5
[1] 0.7
[1] "M: "
[1] 55
[1] 0.7375
[1] "M: "
[1] 105
[1] 0.7375
[1] "M: "
[1] 155
[1] 0.7125
[1] "M: "
[1] 205
[1] 0.6875
[1] "M: "
[1] 255
[1] 0.675
[1] "M: "
[1] 305
[1] 0.675
[1] "M: "
[1] 355
[1] 0.6625
[1] "M: "
[1] 405
[1] 0.65
[1] "M: "
[1] 455
[1] 0.65
[1] "M: "
[1] 505
[1] 0.625
[1] "M: "
[1] 555
[1] 0.6375
[1] "M: "
[1] 605
[1] 0.6375
[1] "M: "
[1] 655
[1] 0.625
[1] "M: "
[1] 705
[1] 0.6125
[1] "M: "
[1] 755
[1] 0.6125
[1] "M: "
[1] 805
[1] 0.6
[1] "M: "
[1] 855
[1] 0.5875
[1] "M: "
[1] 905
[1] 0.5875
[1] "M: "
[1] 955
[1] 0.5875
[1] "M: "
[1] 1005
[1] 0.5875
[1] "M: "
[1] 1055
[1] 0.6
[1] "M: "
[1] 1105
[1] 0.6125
[1] "M: "
[1] 1155
[1] 0.6375
[1] "M: "
[1] 1205
[1] 0.65
[1] "M: "
[1] 1255
[1] 0.6625
[1] "Iteration: "
[1] 17
[1] "M: "
[1] 5
[1] 0.675
[1] "M: "
[1] 55
[1] 0.7125
[1] "M: "
[1] 105
[1] 0.725
[1] "M: "
[1] 155
[1] 0.725
[1] "M: "
[1] 205
[1] 0.7625
[1] "M: "
[1] 255
[1] 0.775
[1] "M: "
[1] 305
[1] 0.775
[1] "M: "
[1] 355
[1] 0.7625
[1] "M: "
[1] 405
[1] 0.7375
[1] "M: "
[1] 455
[1] 0.7125
[1] "M: "
[1] 505
[1] 0.7125
[1] "M: "
[1] 555
[1] 0.7125
[1] "M: "
[1] 605
[1] 0.7125
[1] "M: "
[1] 655
[1] 0.7
[1] "M: "
[1] 705
[1] 0.7
[1] "M: "
[1] 755
[1] 0.7
[1] "M: "
[1] 805
[1] 0.7
[1] "M: "
[1] 855
[1] 0.7
[1] "M: "
[1] 905
[1] 0.6875
[1] "M: "
[1] 955
[1] 0.6875
[1] "M: "
[1] 1005
[1] 0.675
[1] "M: "
[1] 1055
[1] 0.675
[1] "M: "
[1] 1105
[1] 0.675
[1] "M: "
[1] 1155
[1] 0.675
[1] "M: "
[1] 1205
[1] 0.675
[1] "M: "
[1] 1255
[1] 0.675
[1] "Iteration: "
[1] 18
[1] "M: "
[1] 5
[1] 0.6875
[1] "M: "
[1] 55
[1] 0.825
[1] "M: "
[1] 105
[1] 0.8125
[1] "M: "
[1] 155
[1] 0.8125
[1] "M: "
[1] 205
[1] 0.8
[1] "M: "
[1] 255
[1] 0.775
[1] "M: "
[1] 305
[1] 0.775
[1] "M: "
[1] 355
[1] 0.75
[1] "M: "
[1] 405
[1] 0.75
[1] "M: "
[1] 455
[1] 0.7375
[1] "M: "
[1] 505
[1] 0.725
[1] "M: "
[1] 555
[1] 0.725
[1] "M: "
[1] 605
[1] 0.725
[1] "M: "
[1] 655
[1] 0.7125
[1] "M: "
[1] 705
[1] 0.7
[1] "M: "
[1] 755
[1] 0.7
[1] "M: "
[1] 805
[1] 0.7
[1] "M: "
[1] 855
[1] 0.7125
[1] "M: "
[1] 905
[1] 0.7
[1] "M: "
[1] 955
[1] 0.7
[1] "M: "
[1] 1005
[1] 0.7
[1] "M: "
[1] 1055
[1] 0.7
[1] "M: "
[1] 1105
[1] 0.6875
[1] "M: "
[1] 1155
[1] 0.6875
[1] "M: "
[1] 1205
[1] 0.675
[1] "M: "
[1] 1255
[1] 0.675
[1] "Iteration: "
[1] 19
[1] "M: "
[1] 5
[1] 0.575
[1] "M: "
[1] 55
[1] 0.725
[1] "M: "
[1] 105
[1] 0.7375
[1] "M: "
[1] 155
[1] 0.7625
[1] "M: "
[1] 205
[1] 0.775
[1] "M: "
[1] 255
[1] 0.7625
[1] "M: "
[1] 305
[1] 0.7625
[1] "M: "
[1] 355
[1] 0.75
[1] "M: "
[1] 405
[1] 0.7625
[1] "M: "
[1] 455
[1] 0.7375
[1] "M: "
[1] 505
[1] 0.7375
[1] "M: "
[1] 555
[1] 0.7375
[1] "M: "
[1] 605
[1] 0.7375
[1] "M: "
[1] 655
[1] 0.75
[1] "M: "
[1] 705
[1] 0.75
[1] "M: "
[1] 755
[1] 0.75
[1] "M: "
[1] 805
[1] 0.75
[1] "M: "
[1] 855
[1] 0.75
[1] "M: "
[1] 905
[1] 0.75
[1] "M: "
[1] 955
[1] 0.75
[1] "M: "
[1] 1005
[1] 0.75
[1] "M: "
[1] 1055
[1] 0.75
[1] "M: "
[1] 1105
[1] 0.75
[1] "M: "
[1] 1155
[1] 0.75
[1] "M: "
[1] 1205
[1] 0.775
[1] "M: "
[1] 1255
[1] 0.7875
[1] "Iteration: "
[1] 20
[1] "M: "
[1] 5
[1] 0.5875
[1] "M: "
[1] 55
[1] 0.6625
[1] "M: "
[1] 105
[1] 0.625
[1] "M: "
[1] 155
[1] 0.6375
[1] "M: "
[1] 205
[1] 0.6625
[1] "M: "
[1] 255
[1] 0.65
[1] "M: "
[1] 305
[1] 0.65
[1] "M: "
[1] 355
[1] 0.625
[1] "M: "
[1] 405
[1] 0.65
[1] "M: "
[1] 455
[1] 0.6375
[1] "M: "
[1] 505
[1] 0.6375
[1] "M: "
[1] 555
[1] 0.625
[1] "M: "
[1] 605
[1] 0.6125
[1] "M: "
[1] 655
[1] 0.6
[1] "M: "
[1] 705
[1] 0.6
[1] "M: "
[1] 755
[1] 0.575
[1] "M: "
[1] 805
[1] 0.5625
[1] "M: "
[1] 855
[1] 0.575
[1] "M: "
[1] 905
[1] 0.6125
[1] "M: "
[1] 955
[1] 0.6375
[1] "M: "
[1] 1005
[1] 0.6375
[1] "M: "
[1] 1055
[1] 0.6375
[1] "M: "
[1] 1105
[1] 0.65
[1] "M: "
[1] 1155
[1] 0.6375
[1] "M: "
[1] 1205
[1] 0.6375
[1] "M: "
[1] 1255
[1] 0.6375
[1] "Iteration: "
[1] 21
[1] "M: "
[1] 5
[1] 0.7625
[1] "M: "
[1] 55
[1] 0.6625
[1] "M: "
[1] 105
[1] 0.75
[1] "M: "
[1] 155
[1] 0.8
[1] "M: "
[1] 205
[1] 0.7
[1] "M: "
[1] 255
[1] 0.675
[1] "M: "
[1] 305
[1] 0.6875
[1] "M: "
[1] 355
[1] 0.7
[1] "M: "
[1] 405
[1] 0.675
[1] "M: "
[1] 455
[1] 0.675
[1] "M: "
[1] 505
[1] 0.6625
[1] "M: "
[1] 555
[1] 0.6625
[1] "M: "
[1] 605
[1] 0.65
[1] "M: "
[1] 655
[1] 0.6125
[1] "M: "
[1] 705
[1] 0.6
[1] "M: "
[1] 755
[1] 0.5875
[1] "M: "
[1] 805
[1] 0.575
[1] "M: "
[1] 855
[1] 0.5875
[1] "M: "
[1] 905
[1] 0.6125
[1] "M: "
[1] 955
[1] 0.625
[1] "M: "
[1] 1005
[1] 0.625
[1] "M: "
[1] 1055
[1] 0.625
[1] "M: "
[1] 1105
[1] 0.6375
[1] "M: "
[1] 1155
[1] 0.65
[1] "M: "
[1] 1205
[1] 0.65
[1] "M: "
[1] 1255
[1] 0.6625
[1] "Iteration: "
[1] 22
[1] "M: "
[1] 5
[1] 0.65
[1] "M: "
[1] 55
[1] 0.6
[1] "M: "
[1] 105
[1] 0.6125
[1] "M: "
[1] 155
[1] 0.6
[1] "M: "
[1] 205
[1] 0.6
[1] "M: "
[1] 255
[1] 0.6375
[1] "M: "
[1] 305
[1] 0.625
[1] "M: "
[1] 355
[1] 0.6125
[1] "M: "
[1] 405
[1] 0.575
[1] "M: "
[1] 455
[1] 0.575
[1] "M: "
[1] 505
[1] 0.55
[1] "M: "
[1] 555
[1] 0.5375
[1] "M: "
[1] 605
[1] 0.525
[1] "M: "
[1] 655
[1] 0.5125
[1] "M: "
[1] 705
[1] 0.5125
[1] "M: "
[1] 755
[1] 0.5125
[1] "M: "
[1] 805
[1] 0.5125
[1] "M: "
[1] 855
[1] 0.5125
[1] "M: "
[1] 905
[1] 0.5
[1] "M: "
[1] 955
[1] 0.5
[1] "M: "
[1] 1005
[1] 0.5375
[1] "M: "
[1] 1055
[1] 0.5625
[1] "M: "
[1] 1105
[1] 0.5625
[1] "M: "
[1] 1155
[1] 0.5625
[1] "M: "
[1] 1205
[1] 0.6125
[1] "M: "
[1] 1255
[1] 0.6125
[1] "Iteration: "
[1] 23
[1] "M: "
[1] 5
[1] 0.675
[1] "M: "
[1] 55
[1] 0.6375
[1] "M: "
[1] 105
[1] 0.675
[1] "M: "
[1] 155
[1] 0.6625
[1] "M: "
[1] 205
[1] 0.6125
[1] "M: "
[1] 255
[1] 0.6125
[1] "M: "
[1] 305
[1] 0.6
[1] "M: "
[1] 355
[1] 0.6
[1] "M: "
[1] 405
[1] 0.6125
[1] "M: "
[1] 455
[1] 0.6125
[1] "M: "
[1] 505
[1] 0.6125
[1] "M: "
[1] 555
[1] 0.6
[1] "M: "
[1] 605
[1] 0.6125
[1] "M: "
[1] 655
[1] 0.6125
[1] "M: "
[1] 705
[1] 0.5875
[1] "M: "
[1] 755
[1] 0.5875
[1] "M: "
[1] 805
[1] 0.475
[1] "M: "
[1] 855
[1] 0.475
[1] "M: "
[1] 905
[1] 0.5625
[1] "M: "
[1] 955
[1] 0.5875
[1] "M: "
[1] 1005
[1] 0.6
[1] "M: "
[1] 1055
[1] 0.6
[1] "M: "
[1] 1105
[1] 0.625
[1] "M: "
[1] 1155
[1] 0.625
[1] "M: "
[1] 1205
[1] 0.6625
[1] "M: "
[1] 1255
[1] 0.65
[1] "Iteration: "
[1] 24
[1] "M: "
[1] 5
[1] 0.525
[1] "M: "
[1] 55
[1] 0.4625
[1] "M: "
[1] 105
[1] 0.45
[1] "M: "
[1] 155
[1] 0.475
[1] "M: "
[1] 205
[1] 0.4625
[1] "M: "
[1] 255
[1] 0.4375
[1] "M: "
[1] 305
[1] 0.425
[1] "M: "
[1] 355
[1] 0.4125
[1] "M: "
[1] 405
[1] 0.375
[1] "M: "
[1] 455
[1] 0.375
[1] "M: "
[1] 505
[1] 0.35
[1] "M: "
[1] 555
[1] 0.35
[1] "M: "
[1] 605
[1] 0.35
[1] "M: "
[1] 655
[1] 0.35
[1] "M: "
[1] 705
[1] 0.35
[1] "M: "
[1] 755
[1] 0.35
[1] "M: "
[1] 805
[1] 0.35
[1] "M: "
[1] 855
[1] 0.3625
[1] "M: "
[1] 905
[1] 0.375
[1] "M: "
[1] 955
[1] 0.375
[1] "M: "
[1] 1005
[1] 0.375
[1] "M: "
[1] 1055
[1] 0.375
[1] "M: "
[1] 1105
[1] 0.375
[1] "M: "
[1] 1155
[1] 0.375
[1] "M: "
[1] 1205
[1] 0.3875
[1] "M: "
[1] 1255
[1] 0.3875
[1] "Iteration: "
[1] 25
[1] "M: "
[1] 5
[1] 0.55
[1] "M: "
[1] 55
[1] 0.6875
[1] "M: "
[1] 105
[1] 0.7375
[1] "M: "
[1] 155
[1] 0.725
[1] "M: "
[1] 205
[1] 0.7
[1] "M: "
[1] 255
[1] 0.7
[1] "M: "
[1] 305
[1] 0.725
[1] "M: "
[1] 355
[1] 0.7375
[1] "M: "
[1] 405
[1] 0.725
[1] "M: "
[1] 455
[1] 0.7
[1] "M: "
[1] 505
[1] 0.7
[1] "M: "
[1] 555
[1] 0.7
[1] "M: "
[1] 605
[1] 0.7125
[1] "M: "
[1] 655
[1] 0.725
[1] "M: "
[1] 705
[1] 0.725
[1] "M: "
[1] 755
[1] 0.725
[1] "M: "
[1] 805
[1] 0.675
[1] "M: "
[1] 855
[1] 0.675
[1] "M: "
[1] 905
[1] 0.6875
[1] "M: "
[1] 955
[1] 0.75
[1] "M: "
[1] 1005
[1] 0.7625
[1] "M: "
[1] 1055
[1] 0.7625
[1] "M: "
[1] 1105
[1] 0.775
[1] "M: "
[1] 1155
[1] 0.775
[1] "M: "
[1] 1205
[1] 0.775
[1] "M: "
[1] 1255
[1] 0.7875
[1] "Iteration: "
[1] 26
[1] "M: "
[1] 5
[1] 0.625
[1] "M: "
[1] 55
[1] 0.6375
[1] "M: "
[1] 105
[1] 0.65
[1] "M: "
[1] 155
[1] 0.6375
[1] "M: "
[1] 205
[1] 0.625
[1] "M: "
[1] 255
[1] 0.625
[1] "M: "
[1] 305
[1] 0.6375
[1] "M: "
[1] 355
[1] 0.6625
[1] "M: "
[1] 405
[1] 0.6625
[1] "M: "
[1] 455
[1] 0.6625
[1] "M: "
[1] 505
[1] 0.6625
[1] "M: "
[1] 555
[1] 0.65
[1] "M: "
[1] 605
[1] 0.6375
[1] "M: "
[1] 655
[1] 0.6375
[1] "M: "
[1] 705
[1] 0.6125
[1] "M: "
[1] 755
[1] 0.6125
[1] "M: "
[1] 805
[1] 0.6125
[1] "M: "
[1] 855
[1] 0.5625
[1] "M: "
[1] 905
[1] 0.5625
[1] "M: "
[1] 955
[1] 0.5875
[1] "M: "
[1] 1005
[1] 0.5875
[1] "M: "
[1] 1055
[1] 0.5875
[1] "M: "
[1] 1105
[1] 0.575
[1] "M: "
[1] 1155
[1] 0.575
[1] "M: "
[1] 1205
[1] 0.575
[1] "M: "
[1] 1255
[1] 0.575
[1] "Iteration: "
[1] 27
[1] "M: "
[1] 5
[1] 0.6
[1] "M: "
[1] 55
[1] 0.6625
[1] "M: "
[1] 105
[1] 0.6375
[1] "M: "
[1] 155
[1] 0.625
[1] "M: "
[1] 205
[1] 0.6125
[1] "M: "
[1] 255
[1] 0.5875
[1] "M: "
[1] 305
[1] 0.5625
[1] "M: "
[1] 355
[1] 0.4875
[1] "M: "
[1] 405
[1] 0.5125
[1] "M: "
[1] 455
[1] 0.525
[1] "M: "
[1] 505
[1] 0.5375
[1] "M: "
[1] 555
[1] 0.55
[1] "M: "
[1] 605
[1] 0.55
[1] "M: "
[1] 655
[1] 0.5625
[1] "M: "
[1] 705
[1] 0.5625
[1] "M: "
[1] 755
[1] 0.5625
[1] "M: "
[1] 805
[1] 0.55
[1] "M: "
[1] 855
[1] 0.55
[1] "M: "
[1] 905
[1] 0.55
[1] "M: "
[1] 955
[1] 0.55
[1] "M: "
[1] 1005
[1] 0.5625
[1] "M: "
[1] 1055
[1] 0.5625
[1] "M: "
[1] 1105
[1] 0.5875
[1] "M: "
[1] 1155
[1] 0.575
[1] "M: "
[1] 1205
[1] 0.575
[1] "M: "
[1] 1255
[1] 0.5625
[1] "Iteration: "
[1] 28
[1] "M: "
[1] 5
[1] 0.7125
[1] "M: "
[1] 55
[1] 0.75
[1] "M: "
[1] 105
[1] 0.775
[1] "M: "
[1] 155
[1] 0.75
[1] "M: "
[1] 205
[1] 0.75
[1] "M: "
[1] 255
[1] 0.75
[1] "M: "
[1] 305
[1] 0.7625
[1] "M: "
[1] 355
[1] 0.7625
[1] "M: "
[1] 405
[1] 0.7625
[1] "M: "
[1] 455
[1] 0.775
[1] "M: "
[1] 505
[1] 0.775
[1] "M: "
[1] 555
[1] 0.775
[1] "M: "
[1] 605
[1] 0.775
[1] "M: "
[1] 655
[1] 0.7625
[1] "M: "
[1] 705
[1] 0.7625
[1] "M: "
[1] 755
[1] 0.75
[1] "M: "
[1] 805
[1] 0.7375
[1] "M: "
[1] 855
[1] 0.7375
[1] "M: "
[1] 905
[1] 0.7375
[1] "M: "
[1] 955
[1] 0.7375
[1] "M: "
[1] 1005
[1] 0.725
[1] "M: "
[1] 1055
[1] 0.725
[1] "M: "
[1] 1105
[1] 0.725
[1] "M: "
[1] 1155
[1] 0.725
[1] "M: "
[1] 1205
[1] 0.725
[1] "M: "
[1] 1255
[1] 0.725
[1] "Iteration: "
[1] 29
[1] "M: "
[1] 5
[1] 0.475
[1] "M: "
[1] 55
[1] 0.6625
[1] "M: "
[1] 105
[1] 0.6625
[1] "M: "
[1] 155
[1] 0.625
[1] "M: "
[1] 205
[1] 0.6
[1] "M: "
[1] 255
[1] 0.5875
[1] "M: "
[1] 305
[1] 0.5625
[1] "M: "
[1] 355
[1] 0.5625
[1] "M: "
[1] 405
[1] 0.5375
[1] "M: "
[1] 455
[1] 0.5
[1] "M: "
[1] 505
[1] 0.4625
[1] "M: "
[1] 555
[1] 0.4625
[1] "M: "
[1] 605
[1] 0.45
[1] "M: "
[1] 655
[1] 0.45
[1] "M: "
[1] 705
[1] 0.4625
[1] "M: "
[1] 755
[1] 0.4625
[1] "M: "
[1] 805
[1] 0.4625
[1] "M: "
[1] 855
[1] 0.4625
[1] "M: "
[1] 905
[1] 0.4625
[1] "M: "
[1] 955
[1] 0.4625
[1] "M: "
[1] 1005
[1] 0.475
[1] "M: "
[1] 1055
[1] 0.475
[1] "M: "
[1] 1105
[1] 0.475
[1] "M: "
[1] 1155
[1] 0.5
[1] "M: "
[1] 1205
[1] 0.5375
[1] "M: "
[1] 1255
[1] 0.55
[1] "Iteration: "
[1] 30
[1] "M: "
[1] 5
[1] 0.6375
[1] "M: "
[1] 55
[1] 0.6125
[1] "M: "
[1] 105
[1] 0.675
[1] "M: "
[1] 155
[1] 0.6625
[1] "M: "
[1] 205
[1] 0.65
[1] "M: "
[1] 255
[1] 0.675
[1] "M: "
[1] 305
[1] 0.675
[1] "M: "
[1] 355
[1] 0.65
[1] "M: "
[1] 405
[1] 0.6625
[1] "M: "
[1] 455
[1] 0.65
[1] "M: "
[1] 505
[1] 0.6375
[1] "M: "
[1] 555
[1] 0.6375
[1] "M: "
[1] 605
[1] 0.65
[1] "M: "
[1] 655
[1] 0.65
[1] "M: "
[1] 705
[1] 0.65
[1] "M: "
[1] 755
[1] 0.65
[1] "M: "
[1] 805
[1] 0.65
[1] "M: "
[1] 855
[1] 0.65
[1] "M: "
[1] 905
[1] 0.65
[1] "M: "
[1] 955
[1] 0.65
[1] "M: "
[1] 1005
[1] 0.6625
[1] "M: "
[1] 1055
[1] 0.675
[1] "M: "
[1] 1105
[1] 0.6875
[1] "M: "
[1] 1155
[1] 0.6875
[1] "M: "
[1] 1205
[1] 0.6875
[1] "M: "
[1] 1255
[1] 0.7
[1] "Iteration: "
[1] 31
[1] "M: "
[1] 5
[1] 0.725
[1] "M: "
[1] 55
[1] 0.4625
[1] "M: "
[1] 105
[1] 0.5
[1] "M: "
[1] 155
[1] 0.55
[1] "M: "
[1] 205
[1] 0.5875
[1] "M: "
[1] 255
[1] 0.6125
[1] "M: "
[1] 305
[1] 0.6125
[1] "M: "
[1] 355
[1] 0.6125
[1] "M: "
[1] 405
[1] 0.6125
[1] "M: "
[1] 455
[1] 0.6
[1] "M: "
[1] 505
[1] 0.5875
[1] "M: "
[1] 555
[1] 0.5875
[1] "M: "
[1] 605
[1] 0.575
[1] "M: "
[1] 655
[1] 0.55
[1] "M: "
[1] 705
[1] 0.475
[1] "M: "
[1] 755
[1] 0.5
[1] "M: "
[1] 805
[1] 0.525
[1] "M: "
[1] 855
[1] 0.5375
[1] "M: "
[1] 905
[1] 0.5375
[1] "M: "
[1] 955
[1] 0.55
[1] "M: "
[1] 1005
[1] 0.525
[1] "M: "
[1] 1055
[1] 0.55
[1] "M: "
[1] 1105
[1] 0.55
[1] "M: "
[1] 1155
[1] 0.5625
[1] "M: "
[1] 1205
[1] 0.5625
[1] "M: "
[1] 1255
[1] 0.575
[1] "Iteration: "
[1] 32
[1] "M: "
[1] 5
[1] 0.6125
[1] "M: "
[1] 55
[1] 0.7125
[1] "M: "
[1] 105
[1] 0.7125
[1] "M: "
[1] 155
[1] 0.675
[1] "M: "
[1] 205
[1] 0.625
[1] "M: "
[1] 255
[1] 0.6
[1] "M: "
[1] 305
[1] 0.5875
[1] "M: "
[1] 355
[1] 0.5625
[1] "M: "
[1] 405
[1] 0.55
[1] "M: "
[1] 455
[1] 0.5375
[1] "M: "
[1] 505
[1] 0.5375
[1] "M: "
[1] 555
[1] 0.55
[1] "M: "
[1] 605
[1] 0.55
[1] "M: "
[1] 655
[1] 0.5625
[1] "M: "
[1] 705
[1] 0.5625
[1] "M: "
[1] 755
[1] 0.5625
[1] "M: "
[1] 805
[1] 0.55
[1] "M: "
[1] 855
[1] 0.55
[1] "M: "
[1] 905
[1] 0.5625
[1] "M: "
[1] 955
[1] 0.5625
[1] "M: "
[1] 1005
[1] 0.575
[1] "M: "
[1] 1055
[1] 0.575
[1] "M: "
[1] 1105
[1] 0.575
[1] "M: "
[1] 1155
[1] 0.5875
[1] "M: "
[1] 1205
[1] 0.6
[1] "M: "
[1] 1255
[1] 0.6125
[1] "Iteration: "
[1] 33
[1] "M: "
[1] 5
[1] 0.6125
[1] "M: "
[1] 55
[1] 0.4625
[1] "M: "
[1] 105
[1] 0.4625
[1] "M: "
[1] 155
[1] 0.4125
[1] "M: "
[1] 205
[1] 0.375
[1] "M: "
[1] 255
[1] 0.375
[1] "M: "
[1] 305
[1] 0.375
[1] "M: "
[1] 355
[1] 0.375
[1] "M: "
[1] 405
[1] 0.375
[1] "M: "
[1] 455
[1] 0.375
[1] "M: "
[1] 505
[1] 0.375
[1] "M: "
[1] 555
[1] 0.375
[1] "M: "
[1] 605
[1] 0.375
[1] "M: "
[1] 655
[1] 0.3875
[1] "M: "
[1] 705
[1] 0.3875
[1] "M: "
[1] 755
[1] 0.3875
[1] "M: "
[1] 805
[1] 0.4
[1] "M: "
[1] 855
[1] 0.4
[1] "M: "
[1] 905
[1] 0.4
[1] "M: "
[1] 955
[1] 0.4
[1] "M: "
[1] 1005
[1] 0.4
[1] "M: "
[1] 1055
[1] 0.425
[1] "M: "
[1] 1105
[1] 0.425
[1] "M: "
[1] 1155
[1] 0.4375
[1] "M: "
[1] 1205
[1] 0.475
[1] "M: "
[1] 1255
[1] 0.475
[1] "Iteration: "
[1] 34
[1] "M: "
[1] 5
[1] 0.85
[1] "M: "
[1] 55
[1] 0.775
[1] "M: "
[1] 105
[1] 0.725
[1] "M: "
[1] 155
[1] 0.7
[1] "M: "
[1] 205
[1] 0.6875
[1] "M: "
[1] 255
[1] 0.7125
[1] "M: "
[1] 305
[1] 0.675
[1] "M: "
[1] 355
[1] 0.675
[1] "M: "
[1] 405
[1] 0.675
[1] "M: "
[1] 455
[1] 0.7125
[1] "M: "
[1] 505
[1] 0.75
[1] "M: "
[1] 555
[1] 0.775
[1] "M: "
[1] 605
[1] 0.7875
[1] "M: "
[1] 655
[1] 0.775
[1] "M: "
[1] 705
[1] 0.775
[1] "M: "
[1] 755
[1] 0.7875
[1] "M: "
[1] 805
[1] 0.7625
[1] "M: "
[1] 855
[1] 0.7875
[1] "M: "
[1] 905
[1] 0.7875
[1] "M: "
[1] 955
[1] 0.8
[1] "M: "
[1] 1005
[1] 0.8
[1] "M: "
[1] 1055
[1] 0.8
[1] "M: "
[1] 1105
[1] 0.8
[1] "M: "
[1] 1155
[1] 0.825
[1] "M: "
[1] 1205
[1] 0.8375
[1] "M: "
[1] 1255
[1] 0.85
[1] "Iteration: "
[1] 35
[1] "M: "
[1] 5
[1] 0.6625
[1] "M: "
[1] 55
[1] 0.65
[1] "M: "
[1] 105
[1] 0.625
[1] "M: "
[1] 155
[1] 0.6
[1] "M: "
[1] 205
[1] 0.575
[1] "M: "
[1] 255
[1] 0.5875
[1] "M: "
[1] 305
[1] 0.5375
[1] "M: "
[1] 355
[1] 0.5125
[1] "M: "
[1] 405
[1] 0.5125
[1] "M: "
[1] 455
[1] 0.5
[1] "M: "
[1] 505
[1] 0.5125
[1] "M: "
[1] 555
[1] 0.525
[1] "M: "
[1] 605
[1] 0.5625
[1] "M: "
[1] 655
[1] 0.575
[1] "M: "
[1] 705
[1] 0.575
[1] "M: "
[1] 755
[1] 0.5875
[1] "M: "
[1] 805
[1] 0.5875
[1] "M: "
[1] 855
[1] 0.575
[1] "M: "
[1] 905
[1] 0.575
[1] "M: "
[1] 955
[1] 0.5625
[1] "M: "
[1] 1005
[1] 0.5625
[1] "M: "
[1] 1055
[1] 0.5625
[1] "M: "
[1] 1105
[1] 0.575
[1] "M: "
[1] 1155
[1] 0.575
[1] "M: "
[1] 1205
[1] 0.575
[1] "M: "
[1] 1255
[1] 0.5875
[1] "Iteration: "
[1] 36
[1] "M: "
[1] 5
[1] 0.775
[1] "M: "
[1] 55
[1] 0.4625
[1] "M: "
[1] 105
[1] 0.425
[1] "M: "
[1] 155
[1] 0.45
[1] "M: "
[1] 205
[1] 0.4375
[1] "M: "
[1] 255
[1] 0.4375
[1] "M: "
[1] 305
[1] 0.4125
[1] "M: "
[1] 355
[1] 0.4
[1] "M: "
[1] 405
[1] 0.425
[1] "M: "
[1] 455
[1] 0.425
[1] "M: "
[1] 505
[1] 0.425
[1] "M: "
[1] 555
[1] 0.425
[1] "M: "
[1] 605
[1] 0.425
[1] "M: "
[1] 655
[1] 0.425
[1] "M: "
[1] 705
[1] 0.4625
[1] "M: "
[1] 755
[1] 0.475
[1] "M: "
[1] 805
[1] 0.475
[1] "M: "
[1] 855
[1] 0.4875
[1] "M: "
[1] 905
[1] 0.4875
[1] "M: "
[1] 955
[1] 0.4875
[1] "M: "
[1] 1005
[1] 0.4875
[1] "M: "
[1] 1055
[1] 0.4875
[1] "M: "
[1] 1105
[1] 0.5
[1] "M: "
[1] 1155
[1] 0.525
[1] "M: "
[1] 1205
[1] 0.5375
[1] "M: "
[1] 1255
[1] 0.5375
[1] "Iteration: "
[1] 37
[1] "M: "
[1] 5
[1] 0.45
[1] "M: "
[1] 55
[1] 0.6875
[1] "M: "
[1] 105
[1] 0.7375
[1] "M: "
[1] 155
[1] 0.7
[1] "M: "
[1] 205
[1] 0.7125
[1] "M: "
[1] 255
[1] 0.7125
[1] "M: "
[1] 305
[1] 0.7125
[1] "M: "
[1] 355
[1] 0.7125
[1] "M: "
[1] 405
[1] 0.7125
[1] "M: "
[1] 455
[1] 0.7125
[1] "M: "
[1] 505
[1] 0.7125
[1] "M: "
[1] 555
[1] 0.7125
[1] "M: "
[1] 605
[1] 0.7125
[1] "M: "
[1] 655
[1] 0.7125
[1] "M: "
[1] 705
[1] 0.7125
[1] "M: "
[1] 755
[1] 0.7125
[1] "M: "
[1] 805
[1] 0.7125
[1] "M: "
[1] 855
[1] 0.725
[1] "M: "
[1] 905
[1] 0.725
[1] "M: "
[1] 955
[1] 0.725
[1] "M: "
[1] 1005
[1] 0.725
[1] "M: "
[1] 1055
[1] 0.725
[1] "M: "
[1] 1105
[1] 0.725
[1] "M: "
[1] 1155
[1] 0.725
[1] "M: "
[1] 1205
[1] 0.725
[1] "M: "
[1] 1255
[1] 0.725
[1] "Iteration: "
[1] 38
[1] "M: "
[1] 5
[1] 0.8
[1] "M: "
[1] 55
[1] 0.8375
[1] "M: "
[1] 105
[1] 0.825
[1] "M: "
[1] 155
[1] 0.825
[1] "M: "
[1] 205
[1] 0.825
[1] "M: "
[1] 255
[1] 0.825
[1] "M: "
[1] 305
[1] 0.825
[1] "M: "
[1] 355
[1] 0.825
[1] "M: "
[1] 405
[1] 0.8375
[1] "M: "
[1] 455
[1] 0.85
[1] "M: "
[1] 505
[1] 0.8375
[1] "M: "
[1] 555
[1] 0.8375
[1] "M: "
[1] 605
[1] 0.8375
[1] "M: "
[1] 655
[1] 0.8375
[1] "M: "
[1] 705
[1] 0.8375
[1] "M: "
[1] 755
[1] 0.8375
[1] "M: "
[1] 805
[1] 0.8375
[1] "M: "
[1] 855
[1] 0.825
[1] "M: "
[1] 905
[1] 0.8375
[1] "M: "
[1] 955
[1] 0.8375
[1] "M: "
[1] 1005
[1] 0.8375
[1] "M: "
[1] 1055
[1] 0.8375
[1] "M: "
[1] 1105
[1] 0.825
[1] "M: "
[1] 1155
[1] 0.825
[1] "M: "
[1] 1205
[1] 0.825
[1] "M: "
[1] 1255
[1] 0.825
[1] "Iteration: "
[1] 39
[1] "M: "
[1] 5
[1] 0.925
[1] "M: "
[1] 55
[1] 0.6625
[1] "M: "
[1] 105
[1] 0.7125
[1] "M: "
[1] 155
[1] 0.7625
[1] "M: "
[1] 205
[1] 0.7625
[1] "M: "
[1] 255
[1] 0.7625
[1] "M: "
[1] 305
[1] 0.7625
[1] "M: "
[1] 355
[1] 0.775
[1] "M: "
[1] 405
[1] 0.775
[1] "M: "
[1] 455
[1] 0.7875
[1] "M: "
[1] 505
[1] 0.7875
[1] "M: "
[1] 555
[1] 0.7875
[1] "M: "
[1] 605
[1] 0.8
[1] "M: "
[1] 655
[1] 0.775
[1] "M: "
[1] 705
[1] 0.775
[1] "M: "
[1] 755
[1] 0.775
[1] "M: "
[1] 805
[1] 0.775
[1] "M: "
[1] 855
[1] 0.7625
[1] "M: "
[1] 905
[1] 0.7625
[1] "M: "
[1] 955
[1] 0.7875
[1] "M: "
[1] 1005
[1] 0.7875
[1] "M: "
[1] 1055
[1] 0.7625
[1] "M: "
[1] 1105
[1] 0.7625
[1] "M: "
[1] 1155
[1] 0.7625
[1] "M: "
[1] 1205
[1] 0.7625
[1] "M: "
[1] 1255
[1] 0.775
[1] "Iteration: "
[1] 40
[1] "M: "
[1] 5
[1] 0.85
[1] "M: "
[1] 55
[1] 0.625
[1] "M: "
[1] 105
[1] 0.6
[1] "M: "
[1] 155
[1] 0.625
[1] "M: "
[1] 205
[1] 0.6125
[1] "M: "
[1] 255
[1] 0.6
[1] "M: "
[1] 305
[1] 0.575
[1] "M: "
[1] 355
[1] 0.4375
[1] "M: "
[1] 405
[1] 0.4375
[1] "M: "
[1] 455
[1] 0.45
[1] "M: "
[1] 505
[1] 0.475
[1] "M: "
[1] 555
[1] 0.475
[1] "M: "
[1] 605
[1] 0.4875
[1] "M: "
[1] 655
[1] 0.5125
[1] "M: "
[1] 705
[1] 0.525
[1] "M: "
[1] 755
[1] 0.5375
[1] "M: "
[1] 805
[1] 0.5375
[1] "M: "
[1] 855
[1] 0.5375
[1] "M: "
[1] 905
[1] 0.525
[1] "M: "
[1] 955
[1] 0.5375
[1] "M: "
[1] 1005
[1] 0.525
[1] "M: "
[1] 1055
[1] 0.5375
[1] "M: "
[1] 1105
[1] 0.5375
[1] "M: "
[1] 1155
[1] 0.5625
[1] "M: "
[1] 1205
[1] 0.5625
[1] "M: "
[1] 1255
[1] 0.575
[1] "Iteration: "
[1] 41
[1] "M: "
[1] 5
[1] 0.7125
[1] "M: "
[1] 55
[1] 0.7
[1] "M: "
[1] 105
[1] 0.6875
[1] "M: "
[1] 155
[1] 0.6625
[1] "M: "
[1] 205
[1] 0.6625
[1] "M: "
[1] 255
[1] 0.6125
[1] "M: "
[1] 305
[1] 0.6
[1] "M: "
[1] 355
[1] 0.6
[1] "M: "
[1] 405
[1] 0.625
[1] "M: "
[1] 455
[1] 0.625
[1] "M: "
[1] 505
[1] 0.6375
[1] "M: "
[1] 555
[1] 0.65
[1] "M: "
[1] 605
[1] 0.65
[1] "M: "
[1] 655
[1] 0.65
[1] "M: "
[1] 705
[1] 0.65
[1] "M: "
[1] 755
[1] 0.6375
[1] "M: "
[1] 805
[1] 0.6375
[1] "M: "
[1] 855
[1] 0.6375
[1] "M: "
[1] 905
[1] 0.65
[1] "M: "
[1] 955
[1] 0.65
[1] "M: "
[1] 1005
[1] 0.65
[1] "M: "
[1] 1055
[1] 0.65
[1] "M: "
[1] 1105
[1] 0.65
[1] "M: "
[1] 1155
[1] 0.6375
[1] "M: "
[1] 1205
[1] 0.6375
[1] "M: "
[1] 1255
[1] 0.65
[1] "Iteration: "
[1] 42
[1] "M: "
[1] 5
[1] 0.4
[1] "M: "
[1] 55
[1] 0.5
[1] "M: "
[1] 105
[1] 0.4875
[1] "M: "
[1] 155
[1] 0.45
[1] "M: "
[1] 205
[1] 0.425
[1] "M: "
[1] 255
[1] 0.425
[1] "M: "
[1] 305
[1] 0.425
[1] "M: "
[1] 355
[1] 0.4375
[1] "M: "
[1] 405
[1] 0.4375
[1] "M: "
[1] 455
[1] 0.4375
[1] "M: "
[1] 505
[1] 0.45
[1] "M: "
[1] 555
[1] 0.45
[1] "M: "
[1] 605
[1] 0.45
[1] "M: "
[1] 655
[1] 0.45
[1] "M: "
[1] 705
[1] 0.4625
[1] "M: "
[1] 755
[1] 0.4625
[1] "M: "
[1] 805
[1] 0.4625
[1] "M: "
[1] 855
[1] 0.4625
[1] "M: "
[1] 905
[1] 0.45
[1] "M: "
[1] 955
[1] 0.45
[1] "M: "
[1] 1005
[1] 0.4375
[1] "M: "
[1] 1055
[1] 0.4375
[1] "M: "
[1] 1105
[1] 0.4375
[1] "M: "
[1] 1155
[1] 0.4375
[1] "M: "
[1] 1205
[1] 0.45
[1] "M: "
[1] 1255
[1] 0.45
[1] "Iteration: "
[1] 43
[1] "M: "
[1] 5
[1] 0.6
[1] "M: "
[1] 55
[1] 0.7875
[1] "M: "
[1] 105
[1] 0.8375
[1] "M: "
[1] 155
[1] 0.8
[1] "M: "
[1] 205
[1] 0.8
[1] "M: "
[1] 255
[1] 0.7875
[1] "M: "
[1] 305
[1] 0.75
[1] "M: "
[1] 355
[1] 0.75
[1] "M: "
[1] 405
[1] 0.75
[1] "M: "
[1] 455
[1] 0.7625
[1] "M: "
[1] 505
[1] 0.7625
[1] "M: "
[1] 555
[1] 0.775
[1] "M: "
[1] 605
[1] 0.775
[1] "M: "
[1] 655
[1] 0.775
[1] "M: "
[1] 705
[1] 0.775
[1] "M: "
[1] 755
[1] 0.7875
[1] "M: "
[1] 805
[1] 0.8
[1] "M: "
[1] 855
[1] 0.8
[1] "M: "
[1] 905
[1] 0.7875
[1] "M: "
[1] 955
[1] 0.8
[1] "M: "
[1] 1005
[1] 0.8
[1] "M: "
[1] 1055
[1] 0.825
[1] "M: "
[1] 1105
[1] 0.825
[1] "M: "
[1] 1155
[1] 0.8125
[1] "M: "
[1] 1205
[1] 0.825
[1] "M: "
[1] 1255
[1] 0.825
[1] "Iteration: "
[1] 44
[1] "M: "
[1] 5
[1] 0.7125
[1] "M: "
[1] 55
[1] 0.7375
[1] "M: "
[1] 105
[1] 0.7375
[1] "M: "
[1] 155
[1] 0.725
[1] "M: "
[1] 205
[1] 0.7125
[1] "M: "
[1] 255
[1] 0.7
[1] "M: "
[1] 305
[1] 0.65
[1] "M: "
[1] 355
[1] 0.65
[1] "M: "
[1] 405
[1] 0.65
[1] "M: "
[1] 455
[1] 0.65
[1] "M: "
[1] 505
[1] 0.65
[1] "M: "
[1] 555
[1] 0.65
[1] "M: "
[1] 605
[1] 0.65
[1] "M: "
[1] 655
[1] 0.65
[1] "M: "
[1] 705
[1] 0.65
[1] "M: "
[1] 755
[1] 0.6375
[1] "M: "
[1] 805
[1] 0.6375
[1] "M: "
[1] 855
[1] 0.6375
[1] "M: "
[1] 905
[1] 0.6375
[1] "M: "
[1] 955
[1] 0.6375
[1] "M: "
[1] 1005
[1] 0.625
[1] "M: "
[1] 1055
[1] 0.625
[1] "M: "
[1] 1105
[1] 0.6125
[1] "M: "
[1] 1155
[1] 0.6125
[1] "M: "
[1] 1205
[1] 0.625
[1] "M: "
[1] 1255
[1] 0.625
[1] "Iteration: "
[1] 45
[1] "M: "
[1] 5
[1] 0.575
[1] "M: "
[1] 55
[1] 0.55
[1] "M: "
[1] 105
[1] 0.55
[1] "M: "
[1] 155
[1] 0.5875
[1] "M: "
[1] 205
[1] 0.5875
[1] "M: "
[1] 255
[1] 0.5875
[1] "M: "
[1] 305
[1] 0.6
[1] "M: "
[1] 355
[1] 0.6
[1] "M: "
[1] 405
[1] 0.6125
[1] "M: "
[1] 455
[1] 0.6125
[1] "M: "
[1] 505
[1] 0.6125
[1] "M: "
[1] 555
[1] 0.6125
[1] "M: "
[1] 605
[1] 0.6
[1] "M: "
[1] 655
[1] 0.6
[1] "M: "
[1] 705
[1] 0.6
[1] "M: "
[1] 755
[1] 0.6
[1] "M: "
[1] 805
[1] 0.5875
[1] "M: "
[1] 855
[1] 0.5875
[1] "M: "
[1] 905
[1] 0.5875
[1] "M: "
[1] 955
[1] 0.5875
[1] "M: "
[1] 1005
[1] 0.5875
[1] "M: "
[1] 1055
[1] 0.5875
[1] "M: "
[1] 1105
[1] 0.5875
[1] "M: "
[1] 1155
[1] 0.5875
[1] "M: "
[1] 1205
[1] 0.5875
[1] "M: "
[1] 1255
[1] 0.6
[1] "Iteration: "
[1] 46
[1] "M: "
[1] 5
[1] 0.5375
[1] "M: "
[1] 55
[1] 0.6625
[1] "M: "
[1] 105
[1] 0.675
[1] "M: "
[1] 155
[1] 0.6875
[1] "M: "
[1] 205
[1] 0.7
[1] "M: "
[1] 255
[1] 0.7
[1] "M: "
[1] 305
[1] 0.7
[1] "M: "
[1] 355
[1] 0.7
[1] "M: "
[1] 405
[1] 0.7125
[1] "M: "
[1] 455
[1] 0.7125
[1] "M: "
[1] 505
[1] 0.7125
[1] "M: "
[1] 555
[1] 0.725
[1] "M: "
[1] 605
[1] 0.7375
[1] "M: "
[1] 655
[1] 0.7375
[1] "M: "
[1] 705
[1] 0.725
[1] "M: "
[1] 755
[1] 0.725
[1] "M: "
[1] 805
[1] 0.725
[1] "M: "
[1] 855
[1] 0.7375
[1] "M: "
[1] 905
[1] 0.725
[1] "M: "
[1] 955
[1] 0.725
[1] "M: "
[1] 1005
[1] 0.725
[1] "M: "
[1] 1055
[1] 0.725
[1] "M: "
[1] 1105
[1] 0.725
[1] "M: "
[1] 1155
[1] 0.725
[1] "M: "
[1] 1205
[1] 0.725
[1] "M: "
[1] 1255
[1] 0.725
[1] "Iteration: "
[1] 47
[1] "M: "
[1] 5
[1] 0.7875
[1] "M: "
[1] 55
[1] 0.8125
[1] "M: "
[1] 105
[1] 0.8
[1] "M: "
[1] 155
[1] 0.8
[1] "M: "
[1] 205
[1] 0.8125
[1] "M: "
[1] 255
[1] 0.8125
[1] "M: "
[1] 305
[1] 0.825
[1] "M: "
[1] 355
[1] 0.825
[1] "M: "
[1] 405
[1] 0.8125
[1] "M: "
[1] 455
[1] 0.825
[1] "M: "
[1] 505
[1] 0.8375
[1] "M: "
[1] 555
[1] 0.8375
[1] "M: "
[1] 605
[1] 0.8375
[1] "M: "
[1] 655
[1] 0.8375
[1] "M: "
[1] 705
[1] 0.8375
[1] "M: "
[1] 755
[1] 0.8375
[1] "M: "
[1] 805
[1] 0.8375
[1] "M: "
[1] 855
[1] 0.8375
[1] "M: "
[1] 905
[1] 0.8375
[1] "M: "
[1] 955
[1] 0.8375
[1] "M: "
[1] 1005
[1] 0.8375
[1] "M: "
[1] 1055
[1] 0.8375
[1] "M: "
[1] 1105
[1] 0.8375
[1] "M: "
[1] 1155
[1] 0.825
[1] "M: "
[1] 1205
[1] 0.825
[1] "M: "
[1] 1255
[1] 0.825
[1] "Iteration: "
[1] 48
[1] "M: "
[1] 5
[1] 0.775
[1] "M: "
[1] 55
[1] 0.8375
[1] "M: "
[1] 105
[1] 0.8125
[1] "M: "
[1] 155
[1] 0.7625
[1] "M: "
[1] 205
[1] 0.775
[1] "M: "
[1] 255
[1] 0.775
[1] "M: "
[1] 305
[1] 0.7875
[1] "M: "
[1] 355
[1] 0.8125
[1] "M: "
[1] 405
[1] 0.8
[1] "M: "
[1] 455
[1] 0.8375
[1] "M: "
[1] 505
[1] 0.8375
[1] "M: "
[1] 555
[1] 0.8125
[1] "M: "
[1] 605
[1] 0.825
[1] "M: "
[1] 655
[1] 0.825
[1] "M: "
[1] 705
[1] 0.825
[1] "M: "
[1] 755
[1] 0.825
[1] "M: "
[1] 805
[1] 0.825
[1] "M: "
[1] 855
[1] 0.8375
[1] "M: "
[1] 905
[1] 0.8375
[1] "M: "
[1] 955
[1] 0.8375
[1] "M: "
[1] 1005
[1] 0.8375
[1] "M: "
[1] 1055
[1] 0.825
[1] "M: "
[1] 1105
[1] 0.825
[1] "M: "
[1] 1155
[1] 0.85
[1] "M: "
[1] 1205
[1] 0.85
[1] "M: "
[1] 1255
[1] 0.85
[1] "Iteration: "
[1] 49
[1] "M: "
[1] 5
[1] 0.8125
[1] "M: "
[1] 55
[1] 0.7375
[1] "M: "
[1] 105
[1] 0.6
[1] "M: "
[1] 155
[1] 0.55
[1] "M: "
[1] 205
[1] 0.5125
[1] "M: "
[1] 255
[1] 0.525
[1] "M: "
[1] 305
[1] 0.5375
[1] "M: "
[1] 355
[1] 0.55
[1] "M: "
[1] 405
[1] 0.55
[1] "M: "
[1] 455
[1] 0.5375
[1] "M: "
[1] 505
[1] 0.525
[1] "M: "
[1] 555
[1] 0.4875
[1] "M: "
[1] 605
[1] 0.4875
[1] "M: "
[1] 655
[1] 0.525
[1] "M: "
[1] 705
[1] 0.525
[1] "M: "
[1] 755
[1] 0.525
[1] "M: "
[1] 805
[1] 0.525
[1] "M: "
[1] 855
[1] 0.55
[1] "M: "
[1] 905
[1] 0.55
[1] "M: "
[1] 955
[1] 0.55
[1] "M: "
[1] 1005
[1] 0.55
[1] "M: "
[1] 1055
[1] 0.55
[1] "M: "
[1] 1105
[1] 0.55
[1] "M: "
[1] 1155
[1] 0.5625
[1] "M: "
[1] 1205
[1] 0.575
[1] "M: "
[1] 1255
[1] 0.6
[1] "Iteration: "
[1] 50
[1] "M: "
[1] 5
[1] 0.75
[1] "M: "
[1] 55
[1] 0.7625
[1] "M: "
[1] 105
[1] 0.75
[1] "M: "
[1] 155
[1] 0.7125
[1] "M: "
[1] 205
[1] 0.7125
[1] "M: "
[1] 255
[1] 0.725
[1] "M: "
[1] 305
[1] 0.725
[1] "M: "
[1] 355
[1] 0.7125
[1] "M: "
[1] 405
[1] 0.7
[1] "M: "
[1] 455
[1] 0.675
[1] "M: "
[1] 505
[1] 0.675
[1] "M: "
[1] 555
[1] 0.675
[1] "M: "
[1] 605
[1] 0.675
[1] "M: "
[1] 655
[1] 0.6625
[1] "M: "
[1] 705
[1] 0.675
[1] "M: "
[1] 755
[1] 0.6875
[1] "M: "
[1] 805
[1] 0.6875
[1] "M: "
[1] 855
[1] 0.6875
[1] "M: "
[1] 905
[1] 0.6875
[1] "M: "
[1] 955
[1] 0.6625
[1] "M: "
[1] 1005
[1] 0.6625
[1] "M: "
[1] 1055
[1] 0.675
[1] "M: "
[1] 1105
[1] 0.7
[1] "M: "
[1] 1155
[1] 0.7125
[1] "M: "
[1] 1205
[1] 0.7125
[1] "M: "
[1] 1255
[1] 0.725
[1] "Iteration: "
[1] 51
[1] "M: "
[1] 5
[1] 0.625
[1] "M: "
[1] 55
[1] 0.575
[1] "M: "
[1] 105
[1] 0.5625
[1] "M: "
[1] 155
[1] 0.5625
[1] "M: "
[1] 205
[1] 0.5625
[1] "M: "
[1] 255
[1] 0.5375
[1] "M: "
[1] 305
[1] 0.5375
[1] "M: "
[1] 355
[1] 0.4875
[1] "M: "
[1] 405
[1] 0.475
[1] "M: "
[1] 455
[1] 0.45
[1] "M: "
[1] 505
[1] 0.45
[1] "M: "
[1] 555
[1] 0.4375
[1] "M: "
[1] 605
[1] 0.4375
[1] "M: "
[1] 655
[1] 0.425
[1] "M: "
[1] 705
[1] 0.425
[1] "M: "
[1] 755
[1] 0.425
[1] "M: "
[1] 805
[1] 0.4375
[1] "M: "
[1] 855
[1] 0.425
[1] "M: "
[1] 905
[1] 0.425
[1] "M: "
[1] 955
[1] 0.425
[1] "M: "
[1] 1005
[1] 0.425
[1] "M: "
[1] 1055
[1] 0.425
[1] "M: "
[1] 1105
[1] 0.4125
[1] "M: "
[1] 1155
[1] 0.4125
[1] "M: "
[1] 1205
[1] 0.4375
[1] "M: "
[1] 1255
[1] 0.4625
[1] "Iteration: "
[1] 52
[1] "M: "
[1] 5
[1] 0.6625
[1] "M: "
[1] 55
[1] 0.875
[1] "M: "
[1] 105
[1] 0.8375
[1] "M: "
[1] 155
[1] 0.8125
[1] "M: "
[1] 205
[1] 0.8375
[1] "M: "
[1] 255
[1] 0.85
[1] "M: "
[1] 305
[1] 0.8375
[1] "M: "
[1] 355
[1] 0.8375
[1] "M: "
[1] 405
[1] 0.875
[1] "M: "
[1] 455
[1] 0.8375
[1] "M: "
[1] 505
[1] 0.825
[1] "M: "
[1] 555
[1] 0.825
[1] "M: "
[1] 605
[1] 0.8125
[1] "M: "
[1] 655
[1] 0.8125
[1] "M: "
[1] 705
[1] 0.8125
[1] "M: "
[1] 755
[1] 0.8125
[1] "M: "
[1] 805
[1] 0.8125
[1] "M: "
[1] 855
[1] 0.8125
[1] "M: "
[1] 905
[1] 0.8
[1] "M: "
[1] 955
[1] 0.8
[1] "M: "
[1] 1005
[1] 0.8
[1] "M: "
[1] 1055
[1] 0.8125
[1] "M: "
[1] 1105
[1] 0.8125
[1] "M: "
[1] 1155
[1] 0.8125
[1] "M: "
[1] 1205
[1] 0.8
[1] "M: "
[1] 1255
[1] 0.8375
[1] "Iteration: "
[1] 53
[1] "M: "
[1] 5
[1] 0.7875
[1] "M: "
[1] 55
[1] 0.775
[1] "M: "
[1] 105
[1] 0.7375
[1] "M: "
[1] 155
[1] 0.725
[1] "M: "
[1] 205
[1] 0.6875
[1] "M: "
[1] 255
[1] 0.7
[1] "M: "
[1] 305
[1] 0.6875
[1] "M: "
[1] 355
[1] 0.675
[1] "M: "
[1] 405
[1] 0.6875
[1] "M: "
[1] 455
[1] 0.6875
[1] "M: "
[1] 505
[1] 0.6875
[1] "M: "
[1] 555
[1] 0.6625
[1] "M: "
[1] 605
[1] 0.6375
[1] "M: "
[1] 655
[1] 0.65
[1] "M: "
[1] 705
[1] 0.65
[1] "M: "
[1] 755
[1] 0.65
[1] "M: "
[1] 805
[1] 0.65
[1] "M: "
[1] 855
[1] 0.65
[1] "M: "
[1] 905
[1] 0.65
[1] "M: "
[1] 955
[1] 0.65
[1] "M: "
[1] 1005
[1] 0.65
[1] "M: "
[1] 1055
[1] 0.625
[1] "M: "
[1] 1105
[1] 0.6375
[1] "M: "
[1] 1155
[1] 0.6375
[1] "M: "
[1] 1205
[1] 0.65
[1] "M: "
[1] 1255
[1] 0.65
[1] "Iteration: "
[1] 54
[1] "M: "
[1] 5
[1] 0.575
[1] "M: "
[1] 55
[1] 0.65
[1] "M: "
[1] 105
[1] 0.65
[1] "M: "
[1] 155
[1] 0.65
[1] "M: "
[1] 205
[1] 0.625
[1] "M: "
[1] 255
[1] 0.6
[1] "M: "
[1] 305
[1] 0.6
[1] "M: "
[1] 355
[1] 0.5875
[1] "M: "
[1] 405
[1] 0.5875
[1] "M: "
[1] 455
[1] 0.6
[1] "M: "
[1] 505
[1] 0.6
[1] "M: "
[1] 555
[1] 0.6
[1] "M: "
[1] 605
[1] 0.6
[1] "M: "
[1] 655
[1] 0.6125
[1] "M: "
[1] 705
[1] 0.6
[1] "M: "
[1] 755
[1] 0.5875
[1] "M: "
[1] 805
[1] 0.5625
[1] "M: "
[1] 855
[1] 0.575
[1] "M: "
[1] 905
[1] 0.5625
[1] "M: "
[1] 955
[1] 0.5625
[1] "M: "
[1] 1005
[1] 0.5625
[1] "M: "
[1] 1055
[1] 0.5625
[1] "M: "
[1] 1105
[1] 0.55
[1] "M: "
[1] 1155
[1] 0.55
[1] "M: "
[1] 1205
[1] 0.55
[1] "M: "
[1] 1255
[1] 0.5625
[1] "Iteration: "
[1] 55
[1] "M: "
[1] 5
[1] 0.5375
[1] "M: "
[1] 55
[1] 0.7125
[1] "M: "
[1] 105
[1] 0.725
[1] "M: "
[1] 155
[1] 0.7375
[1] "M: "
[1] 205
[1] 0.7
[1] "M: "
[1] 255
[1] 0.7
[1] "M: "
[1] 305
[1] 0.7
[1] "M: "
[1] 355
[1] 0.7
[1] "M: "
[1] 405
[1] 0.7125
[1] "M: "
[1] 455
[1] 0.7125
[1] "M: "
[1] 505
[1] 0.7125
[1] "M: "
[1] 555
[1] 0.7125
[1] "M: "
[1] 605
[1] 0.7125
[1] "M: "
[1] 655
[1] 0.7125
[1] "M: "
[1] 705
[1] 0.7125
[1] "M: "
[1] 755
[1] 0.7125
[1] "M: "
[1] 805
[1] 0.7125
[1] "M: "
[1] 855
[1] 0.7125
[1] "M: "
[1] 905
[1] 0.7125
[1] "M: "
[1] 955
[1] 0.7125
[1] "M: "
[1] 1005
[1] 0.7125
[1] "M: "
[1] 1055
[1] 0.7125
[1] "M: "
[1] 1105
[1] 0.7125
[1] "M: "
[1] 1155
[1] 0.7
[1] "M: "
[1] 1205
[1] 0.7
[1] "M: "
[1] 1255
[1] 0.7
[1] "Iteration: "
[1] 56
[1] "M: "
[1] 5
[1] 0.75
[1] "M: "
[1] 55
[1] 0.8
[1] "M: "
[1] 105
[1] 0.775
[1] "M: "
[1] 155
[1] 0.7875
[1] "M: "
[1] 205
[1] 0.7875
[1] "M: "
[1] 255
[1] 0.775
[1] "M: "
[1] 305
[1] 0.7625
[1] "M: "
[1] 355
[1] 0.7625
[1] "M: "
[1] 405
[1] 0.7625
[1] "M: "
[1] 455
[1] 0.75
[1] "M: "
[1] 505
[1] 0.7375
[1] "M: "
[1] 555
[1] 0.725
[1] "M: "
[1] 605
[1] 0.725
[1] "M: "
[1] 655
[1] 0.725
[1] "M: "
[1] 705
[1] 0.725
[1] "M: "
[1] 755
[1] 0.7375
[1] "M: "
[1] 805
[1] 0.75
[1] "M: "
[1] 855
[1] 0.7375
[1] "M: "
[1] 905
[1] 0.7375
[1] "M: "
[1] 955
[1] 0.7375
[1] "M: "
[1] 1005
[1] 0.7375
[1] "M: "
[1] 1055
[1] 0.725
[1] "M: "
[1] 1105
[1] 0.7125
[1] "M: "
[1] 1155
[1] 0.7125
[1] "M: "
[1] 1205
[1] 0.7125
[1] "M: "
[1] 1255
[1] 0.7125
[1] "Iteration: "
[1] 57
[1] "M: "
[1] 5
[1] 1
[1] "M: "
[1] 55
[1] 0.65
[1] "M: "
[1] 105
[1] 0.5375
[1] "M: "
[1] 155
[1] 0.6125
[1] "M: "
[1] 205
[1] 0.6375
[1] "M: "
[1] 255
[1] 0.6375
[1] "M: "
[1] 305
[1] 0.65
[1] "M: "
[1] 355
[1] 0.65
[1] "M: "
[1] 405
[1] 0.6625
[1] "M: "
[1] 455
[1] 0.675
[1] "M: "
[1] 505
[1] 0.6875
[1] "M: "
[1] 555
[1] 0.7
[1] "M: "
[1] 605
[1] 0.7
[1] "M: "
[1] 655
[1] 0.7
[1] "M: "
[1] 705
[1] 0.7
[1] "M: "
[1] 755
[1] 0.7
[1] "M: "
[1] 805
[1] 0.7
[1] "M: "
[1] 855
[1] 0.7
[1] "M: "
[1] 905
[1] 0.725
[1] "M: "
[1] 955
[1] 0.725
[1] "M: "
[1] 1005
[1] 0.7125
[1] "M: "
[1] 1055
[1] 0.7125
[1] "M: "
[1] 1105
[1] 0.7125
[1] "M: "
[1] 1155
[1] 0.7125
[1] "M: "
[1] 1205
[1] 0.7125
[1] "M: "
[1] 1255
[1] 0.7125
[1] "Iteration: "
[1] 58
[1] "M: "
[1] 5
[1] 1
[1] "M: "
[1] 55
[1] 0.7
[1] "M: "
[1] 105
[1] 0.5625
[1] "M: "
[1] 155
[1] 0.55
[1] "M: "
[1] 205
[1] 0.525
[1] "M: "
[1] 255
[1] 0.4875
[1] "M: "
[1] 305
[1] 0.525
[1] "M: "
[1] 355
[1] 0.5375
[1] "M: "
[1] 405
[1] 0.5375
[1] "M: "
[1] 455
[1] 0.55
[1] "M: "
[1] 505
[1] 0.55
[1] "M: "
[1] 555
[1] 0.5625
[1] "M: "
[1] 605
[1] 0.5875
[1] "M: "
[1] 655
[1] 0.6125
[1] "M: "
[1] 705
[1] 0.625
[1] "M: "
[1] 755
[1] 0.625
[1] "M: "
[1] 805
[1] 0.625
[1] "M: "
[1] 855
[1] 0.6375
[1] "M: "
[1] 905
[1] 0.6375
[1] "M: "
[1] 955
[1] 0.6625
[1] "M: "
[1] 1005
[1] 0.65
[1] "M: "
[1] 1055
[1] 0.65
[1] "M: "
[1] 1105
[1] 0.6625
[1] "M: "
[1] 1155
[1] 0.6875
[1] "M: "
[1] 1205
[1] 0.6875
[1] "M: "
[1] 1255
[1] 0.6875
[1] "Iteration: "
[1] 59
[1] "M: "
[1] 5
[1] 0.7375
[1] "M: "
[1] 55
[1] 0.55
[1] "M: "
[1] 105
[1] 0.6
[1] "M: "
[1] 155
[1] 0.6
[1] "M: "
[1] 205
[1] 0.6
[1] "M: "
[1] 255
[1] 0.6
[1] "M: "
[1] 305
[1] 0.6
[1] "M: "
[1] 355
[1] 0.6
[1] "M: "
[1] 405
[1] 0.6
[1] "M: "
[1] 455
[1] 0.6
[1] "M: "
[1] 505
[1] 0.6125
[1] "M: "
[1] 555
[1] 0.65
[1] "M: "
[1] 605
[1] 0.65
[1] "M: "
[1] 655
[1] 0.65
[1] "M: "
[1] 705
[1] 0.65
[1] "M: "
[1] 755
[1] 0.65
[1] "M: "
[1] 805
[1] 0.65
[1] "M: "
[1] 855
[1] 0.6625
[1] "M: "
[1] 905
[1] 0.65
[1] "M: "
[1] 955
[1] 0.6625
[1] "M: "
[1] 1005
[1] 0.675
[1] "M: "
[1] 1055
[1] 0.675
[1] "M: "
[1] 1105
[1] 0.7
[1] "M: "
[1] 1155
[1] 0.7125
[1] "M: "
[1] 1205
[1] 0.7125
[1] "M: "
[1] 1255
[1] 0.7375
[1] "Iteration: "
[1] 60
[1] "M: "
[1] 5
[1] 0.725
[1] "M: "
[1] 55
[1] 0.7875
[1] "M: "
[1] 105
[1] 0.8
[1] "M: "
[1] 155
[1] 0.8125
[1] "M: "
[1] 205
[1] 0.8125
[1] "M: "
[1] 255
[1] 0.8125
[1] "M: "
[1] 305
[1] 0.8125
[1] "M: "
[1] 355
[1] 0.8125
[1] "M: "
[1] 405
[1] 0.825
[1] "M: "
[1] 455
[1] 0.8375
[1] "M: "
[1] 505
[1] 0.8375
[1] "M: "
[1] 555
[1] 0.8375
[1] "M: "
[1] 605
[1] 0.8375
[1] "M: "
[1] 655
[1] 0.8375
[1] "M: "
[1] 705
[1] 0.8375
[1] "M: "
[1] 755
[1] 0.8375
[1] "M: "
[1] 805
[1] 0.8375
[1] "M: "
[1] 855
[1] 0.8375
[1] "M: "
[1] 905
[1] 0.8375
[1] "M: "
[1] 955
[1] 0.8375
[1] "M: "
[1] 1005
[1] 0.8375
[1] "M: "
[1] 1055
[1] 0.8375
[1] "M: "
[1] 1105
[1] 0.8375
[1] "M: "
[1] 1155
[1] 0.8375
[1] "M: "
[1] 1205
[1] 0.8375
[1] "M: "
[1] 1255
[1] 0.8375
[1] "Iteration: "
[1] 61
[1] "M: "
[1] 5
[1] 0.625
[1] "M: "
[1] 55
[1] 0.4375
[1] "M: "
[1] 105
[1] 0.6375
[1] "M: "
[1] 155
[1] 0.6375
[1] "M: "
[1] 205
[1] 0.6625
[1] "M: "
[1] 255
[1] 0.6625
[1] "M: "
[1] 305
[1] 0.6875
[1] "M: "
[1] 355
[1] 0.7
[1] "M: "
[1] 405
[1] 0.7
[1] "M: "
[1] 455
[1] 0.7
[1] "M: "
[1] 505
[1] 0.7125
[1] "M: "
[1] 555
[1] 0.7125
[1] "M: "
[1] 605
[1] 0.7125
[1] "M: "
[1] 655
[1] 0.7125
[1] "M: "
[1] 705
[1] 0.7125
[1] "M: "
[1] 755
[1] 0.725
[1] "M: "
[1] 805
[1] 0.725
[1] "M: "
[1] 855
[1] 0.7375
[1] "M: "
[1] 905
[1] 0.7375
[1] "M: "
[1] 955
[1] 0.7625
[1] "M: "
[1] 1005
[1] 0.75
[1] "M: "
[1] 1055
[1] 0.75
[1] "M: "
[1] 1105
[1] 0.7625
[1] "M: "
[1] 1155
[1] 0.775
[1] "M: "
[1] 1205
[1] 0.775
[1] "M: "
[1] 1255
[1] 0.775
[1] "Iteration: "
[1] 62
[1] "M: "
[1] 5
[1] 0.6875
[1] "M: "
[1] 55
[1] 0.675
[1] "M: "
[1] 105
[1] 0.65
[1] "M: "
[1] 155
[1] 0.675
[1] "M: "
[1] 205
[1] 0.675
[1] "M: "
[1] 255
[1] 0.675
[1] "M: "
[1] 305
[1] 0.675
[1] "M: "
[1] 355
[1] 0.65
[1] "M: "
[1] 405
[1] 0.6375
[1] "M: "
[1] 455
[1] 0.6375
[1] "M: "
[1] 505
[1] 0.6375
[1] "M: "
[1] 555
[1] 0.6375
[1] "M: "
[1] 605
[1] 0.6625
[1] "M: "
[1] 655
[1] 0.6625
[1] "M: "
[1] 705
[1] 0.6625
[1] "M: "
[1] 755
[1] 0.6625
[1] "M: "
[1] 805
[1] 0.6625
[1] "M: "
[1] 855
[1] 0.6625
[1] "M: "
[1] 905
[1] 0.65
[1] "M: "
[1] 955
[1] 0.65
[1] "M: "
[1] 1005
[1] 0.6375
[1] "M: "
[1] 1055
[1] 0.65
[1] "M: "
[1] 1105
[1] 0.65
[1] "M: "
[1] 1155
[1] 0.65
[1] "M: "
[1] 1205
[1] 0.65
[1] "M: "
[1] 1255
[1] 0.6625
[1] "Iteration: "
[1] 63
[1] "M: "
[1] 5
[1] 0.625
[1] "M: "
[1] 55
[1] 0.65
[1] "M: "
[1] 105
[1] 0.65
[1] "M: "
[1] 155
[1] 0.65
[1] "M: "
[1] 205
[1] 0.65
[1] "M: "
[1] 255
[1] 0.65
[1] "M: "
[1] 305
[1] 0.65
[1] "M: "
[1] 355
[1] 0.6375
[1] "M: "
[1] 405
[1] 0.65
[1] "M: "
[1] 455
[1] 0.6375
[1] "M: "
[1] 505
[1] 0.6375
[1] "M: "
[1] 555
[1] 0.6375
[1] "M: "
[1] 605
[1] 0.6375
[1] "M: "
[1] 655
[1] 0.6375
[1] "M: "
[1] 705
[1] 0.6375
[1] "M: "
[1] 755
[1] 0.6375
[1] "M: "
[1] 805
[1] 0.6375
[1] "M: "
[1] 855
[1] 0.6375
[1] "M: "
[1] 905
[1] 0.6375
[1] "M: "
[1] 955
[1] 0.6375
[1] "M: "
[1] 1005
[1] 0.625
[1] "M: "
[1] 1055
[1] 0.6125
[1] "M: "
[1] 1105
[1] 0.6125
[1] "M: "
[1] 1155
[1] 0.6125
[1] "M: "
[1] 1205
[1] 0.6125
[1] "M: "
[1] 1255
[1] 0.6125
[1] "Iteration: "
[1] 64
[1] "M: "
[1] 5
[1] 0.575
[1] "M: "
[1] 55
[1] 0.675
[1] "M: "
[1] 105
[1] 0.725
[1] "M: "
[1] 155
[1] 0.7
[1] "M: "
[1] 205
[1] 0.725
[1] "M: "
[1] 255
[1] 0.7
[1] "M: "
[1] 305
[1] 0.6875
[1] "M: "
[1] 355
[1] 0.7
[1] "M: "
[1] 405
[1] 0.6875
[1] "M: "
[1] 455
[1] 0.6875
[1] "M: "
[1] 505
[1] 0.7
[1] "M: "
[1] 555
[1] 0.7
[1] "M: "
[1] 605
[1] 0.7
[1] "M: "
[1] 655
[1] 0.7
[1] "M: "
[1] 705
[1] 0.7125
[1] "M: "
[1] 755
[1] 0.7125
[1] "M: "
[1] 805
[1] 0.7125
[1] "M: "
[1] 855
[1] 0.7125
[1] "M: "
[1] 905
[1] 0.7125
[1] "M: "
[1] 955
[1] 0.7125
[1] "M: "
[1] 1005
[1] 0.7125
[1] "M: "
[1] 1055
[1] 0.7
[1] "M: "
[1] 1105
[1] 0.7
[1] "M: "
[1] 1155
[1] 0.7
[1] "M: "
[1] 1205
[1] 0.7
[1] "M: "
[1] 1255
[1] 0.6875
[1] "Iteration: "
[1] 65
[1] "M: "
[1] 5
[1] 0.8125
[1] "M: "
[1] 55
[1] 0.825
[1] "M: "
[1] 105
[1] 0.8125
[1] "M: "
[1] 155
[1] 0.8125
[1] "M: "
[1] 205
[1] 0.825
[1] "M: "
[1] 255
[1] 0.8125
[1] "M: "
[1] 305
[1] 0.8125
[1] "M: "
[1] 355
[1] 0.8125
[1] "M: "
[1] 405
[1] 0.825
[1] "M: "
[1] 455
[1] 0.825
[1] "M: "
[1] 505
[1] 0.8125
[1] "M: "
[1] 555
[1] 0.8
[1] "M: "
[1] 605
[1] 0.8
[1] "M: "
[1] 655
[1] 0.8125
[1] "M: "
[1] 705
[1] 0.8125
[1] "M: "
[1] 755
[1] 0.8125
[1] "M: "
[1] 805
[1] 0.8125
[1] "M: "
[1] 855
[1] 0.825
[1] "M: "
[1] 905
[1] 0.825
[1] "M: "
[1] 955
[1] 0.825
[1] "M: "
[1] 1005
[1] 0.825
[1] "M: "
[1] 1055
[1] 0.825
[1] "M: "
[1] 1105
[1] 0.825
[1] "M: "
[1] 1155
[1] 0.8125
[1] "M: "
[1] 1205
[1] 0.8125
[1] "M: "
[1] 1255
[1] 0.8125
[1] "Iteration: "
[1] 66
[1] "M: "
[1] 5
[1] 0.7
[1] "M: "
[1] 55
[1] 0.7875
[1] "M: "
[1] 105
[1] 0.8125
[1] "M: "
[1] 155
[1] 0.85
[1] "M: "
[1] 205
[1] 0.8375
[1] "M: "
[1] 255
[1] 0.7875
[1] "M: "
[1] 305
[1] 0.8
[1] "M: "
[1] 355
[1] 0.8
[1] "M: "
[1] 405
[1] 0.7875
[1] "M: "
[1] 455
[1] 0.7875
[1] "M: "
[1] 505
[1] 0.8
[1] "M: "
[1] 555
[1] 0.8
[1] "M: "
[1] 605
[1] 0.7875
[1] "M: "
[1] 655
[1] 0.7875
[1] "M: "
[1] 705
[1] 0.775
[1] "M: "
[1] 755
[1] 0.7875
[1] "M: "
[1] 805
[1] 0.7875
[1] "M: "
[1] 855
[1] 0.7875
[1] "M: "
[1] 905
[1] 0.7875
[1] "M: "
[1] 955
[1] 0.8125
[1] "M: "
[1] 1005
[1] 0.8375
[1] "M: "
[1] 1055
[1] 0.8375
[1] "M: "
[1] 1105
[1] 0.8375
[1] "M: "
[1] 1155
[1] 0.85
[1] "M: "
[1] 1205
[1] 0.8375
[1] "M: "
[1] 1255
[1] 0.8375
[1] "Iteration: "
[1] 67
[1] "M: "
[1] 5
[1] 0.725
[1] "M: "
[1] 55
[1] 0.4125
[1] "M: "
[1] 105
[1] 0.6
[1] "M: "
[1] 155
[1] 0.6375
[1] "M: "
[1] 205
[1] 0.6375
[1] "M: "
[1] 255
[1] 0.6375
[1] "M: "
[1] 305
[1] 0.6375
[1] "M: "
[1] 355
[1] 0.6375
[1] "M: "
[1] 405
[1] 0.6375
[1] "M: "
[1] 455
[1] 0.6375
[1] "M: "
[1] 505
[1] 0.6375
[1] "M: "
[1] 555
[1] 0.6375
[1] "M: "
[1] 605
[1] 0.6375
[1] "M: "
[1] 655
[1] 0.6375
[1] "M: "
[1] 705
[1] 0.6375
[1] "M: "
[1] 755
[1] 0.65
[1] "M: "
[1] 805
[1] 0.65
[1] "M: "
[1] 855
[1] 0.6625
[1] "M: "
[1] 905
[1] 0.6625
[1] "M: "
[1] 955
[1] 0.65
[1] "M: "
[1] 1005
[1] 0.6625
[1] "M: "
[1] 1055
[1] 0.6375
[1] "M: "
[1] 1105
[1] 0.6625
[1] "M: "
[1] 1155
[1] 0.675
[1] "M: "
[1] 1205
[1] 0.675
[1] "M: "
[1] 1255
[1] 0.6875
[1] "Iteration: "
[1] 68
[1] "M: "
[1] 5
[1] 0.65
[1] "M: "
[1] 55
[1] 0.7625
[1] "M: "
[1] 105
[1] 0.8
[1] "M: "
[1] 155
[1] 0.775
[1] "M: "
[1] 205
[1] 0.7625
[1] "M: "
[1] 255
[1] 0.75
[1] "M: "
[1] 305
[1] 0.7375
[1] "M: "
[1] 355
[1] 0.725
[1] "M: "
[1] 405
[1] 0.7
[1] "M: "
[1] 455
[1] 0.6875
[1] "M: "
[1] 505
[1] 0.675
[1] "M: "
[1] 555
[1] 0.725
[1] "M: "
[1] 605
[1] 0.725
[1] "M: "
[1] 655
[1] 0.7375
[1] "M: "
[1] 705
[1] 0.725
[1] "M: "
[1] 755
[1] 0.7125
[1] "M: "
[1] 805
[1] 0.7125
[1] "M: "
[1] 855
[1] 0.7125
[1] "M: "
[1] 905
[1] 0.7
[1] "M: "
[1] 955
[1] 0.7
[1] "M: "
[1] 1005
[1] 0.675
[1] "M: "
[1] 1055
[1] 0.675
[1] "M: "
[1] 1105
[1] 0.6875
[1] "M: "
[1] 1155
[1] 0.7
[1] "M: "
[1] 1205
[1] 0.7125
[1] "M: "
[1] 1255
[1] 0.7125
[1] "Iteration: "
[1] 69
[1] "M: "
[1] 5
[1] 0.6875
[1] "M: "
[1] 55
[1] 0.625
[1] "M: "
[1] 105
[1] 0.625
[1] "M: "
[1] 155
[1] 0.6125
[1] "M: "
[1] 205
[1] 0.6
[1] "M: "
[1] 255
[1] 0.575
[1] "M: "
[1] 305
[1] 0.575
[1] "M: "
[1] 355
[1] 0.575
[1] "M: "
[1] 405
[1] 0.5625
[1] "M: "
[1] 455
[1] 0.5625
[1] "M: "
[1] 505
[1] 0.55
[1] "M: "
[1] 555
[1] 0.55
[1] "M: "
[1] 605
[1] 0.55
[1] "M: "
[1] 655
[1] 0.5375
[1] "M: "
[1] 705
[1] 0.5375
[1] "M: "
[1] 755
[1] 0.5375
[1] "M: "
[1] 805
[1] 0.5375
[1] "M: "
[1] 855
[1] 0.5375
[1] "M: "
[1] 905
[1] 0.525
[1] "M: "
[1] 955
[1] 0.525
[1] "M: "
[1] 1005
[1] 0.525
[1] "M: "
[1] 1055
[1] 0.525
[1] "M: "
[1] 1105
[1] 0.5
[1] "M: "
[1] 1155
[1] 0.5
[1] "M: "
[1] 1205
[1] 0.5125
[1] "M: "
[1] 1255
[1] 0.5125
[1] "Iteration: "
[1] 70
[1] "M: "
[1] 5
[1] 0.55
[1] "M: "
[1] 55
[1] 0.725
[1] "M: "
[1] 105
[1] 0.85
[1] "M: "
[1] 155
[1] 0.8625
[1] "M: "
[1] 205
[1] 0.875
[1] "M: "
[1] 255
[1] 0.875
[1] "M: "
[1] 305
[1] 0.825
[1] "M: "
[1] 355
[1] 0.85
[1] "M: "
[1] 405
[1] 0.8375
[1] "M: "
[1] 455
[1] 0.8375
[1] "M: "
[1] 505
[1] 0.85
[1] "M: "
[1] 555
[1] 0.8625
[1] "M: "
[1] 605
[1] 0.8625
[1] "M: "
[1] 655
[1] 0.8625
[1] "M: "
[1] 705
[1] 0.8625
[1] "M: "
[1] 755
[1] 0.8625
[1] "M: "
[1] 805
[1] 0.875
[1] "M: "
[1] 855
[1] 0.875
[1] "M: "
[1] 905
[1] 0.875
[1] "M: "
[1] 955
[1] 0.875
[1] "M: "
[1] 1005
[1] 0.875
[1] "M: "
[1] 1055
[1] 0.875
[1] "M: "
[1] 1105
[1] 0.9
[1] "M: "
[1] 1155
[1] 0.9
[1] "M: "
[1] 1205
[1] 0.9
[1] "M: "
[1] 1255
[1] 0.9
[1] "Iteration: "
[1] 71
[1] "M: "
[1] 5
[1] 0.625
[1] "M: "
[1] 55
[1] 0.7
[1] "M: "
[1] 105
[1] 0.6875
[1] "M: "
[1] 155
[1] 0.6875
[1] "M: "
[1] 205
[1] 0.7
[1] "M: "
[1] 255
[1] 0.7125
[1] "M: "
[1] 305
[1] 0.7
[1] "M: "
[1] 355
[1] 0.6875
[1] "M: "
[1] 405
[1] 0.6875
[1] "M: "
[1] 455
[1] 0.6625
[1] "M: "
[1] 505
[1] 0.6625
[1] "M: "
[1] 555
[1] 0.675
[1] "M: "
[1] 605
[1] 0.6625
[1] "M: "
[1] 655
[1] 0.6625
[1] "M: "
[1] 705
[1] 0.6625
[1] "M: "
[1] 755
[1] 0.6625
[1] "M: "
[1] 805
[1] 0.6625
[1] "M: "
[1] 855
[1] 0.6625
[1] "M: "
[1] 905
[1] 0.6625
[1] "M: "
[1] 955
[1] 0.6625
[1] "M: "
[1] 1005
[1] 0.6625
[1] "M: "
[1] 1055
[1] 0.6625
[1] "M: "
[1] 1105
[1] 0.6625
[1] "M: "
[1] 1155
[1] 0.6625
[1] "M: "
[1] 1205
[1] 0.6625
[1] "M: "
[1] 1255
[1] 0.6625
[1] "Iteration: "
[1] 72
[1] "M: "
[1] 5
[1] 0.5875
[1] "M: "
[1] 55
[1] 0.5625
[1] "M: "
[1] 105
[1] 0.6
[1] "M: "
[1] 155
[1] 0.6
[1] "M: "
[1] 205
[1] 0.6125
[1] "M: "
[1] 255
[1] 0.6
[1] "M: "
[1] 305
[1] 0.6
[1] "M: "
[1] 355
[1] 0.6
[1] "M: "
[1] 405
[1] 0.6
[1] "M: "
[1] 455
[1] 0.625
[1] "M: "
[1] 505
[1] 0.625
[1] "M: "
[1] 555
[1] 0.625
[1] "M: "
[1] 605
[1] 0.625
[1] "M: "
[1] 655
[1] 0.625
[1] "M: "
[1] 705
[1] 0.625
[1] "M: "
[1] 755
[1] 0.625
[1] "M: "
[1] 805
[1] 0.625
[1] "M: "
[1] 855
[1] 0.625
[1] "M: "
[1] 905
[1] 0.625
[1] "M: "
[1] 955
[1] 0.625
[1] "M: "
[1] 1005
[1] 0.625
[1] "M: "
[1] 1055
[1] 0.625
[1] "M: "
[1] 1105
[1] 0.6375
[1] "M: "
[1] 1155
[1] 0.6375
[1] "M: "
[1] 1205
[1] 0.65
[1] "M: "
[1] 1255
[1] 0.6625
[1] "Iteration: "
[1] 73
[1] "M: "
[1] 5
[1] 0.6875
[1] "M: "
[1] 55
[1] 0.525
[1] "M: "
[1] 105
[1] 0.525
[1] "M: "
[1] 155
[1] 0.5375
[1] "M: "
[1] 205
[1] 0.55
[1] "M: "
[1] 255
[1] 0.5625
[1] "M: "
[1] 305
[1] 0.525
[1] "M: "
[1] 355
[1] 0.525
[1] "M: "
[1] 405
[1] 0.5125
[1] "M: "
[1] 455
[1] 0.5125
[1] "M: "
[1] 505
[1] 0.5
[1] "M: "
[1] 555
[1] 0.5
[1] "M: "
[1] 605
[1] 0.5125
[1] "M: "
[1] 655
[1] 0.5125
[1] "M: "
[1] 705
[1] 0.5125
[1] "M: "
[1] 755
[1] 0.5375
[1] "M: "
[1] 805
[1] 0.55
[1] "M: "
[1] 855
[1] 0.5375
[1] "M: "
[1] 905
[1] 0.525
[1] "M: "
[1] 955
[1] 0.525
[1] "M: "
[1] 1005
[1] 0.5375
[1] "M: "
[1] 1055
[1] 0.525
[1] "M: "
[1] 1105
[1] 0.5375
[1] "M: "
[1] 1155
[1] 0.5375
[1] "M: "
[1] 1205
[1] 0.5375
[1] "M: "
[1] 1255
[1] 0.5375
[1] "Iteration: "
[1] 74
[1] "M: "
[1] 5
[1] 0.6875
[1] "M: "
[1] 55
[1] 0.7625
[1] "M: "
[1] 105
[1] 0.775
[1] "M: "
[1] 155
[1] 0.775
[1] "M: "
[1] 205
[1] 0.775
[1] "M: "
[1] 255
[1] 0.775
[1] "M: "
[1] 305
[1] 0.7625
[1] "M: "
[1] 355
[1] 0.75
[1] "M: "
[1] 405
[1] 0.775
[1] "M: "
[1] 455
[1] 0.775
[1] "M: "
[1] 505
[1] 0.775
[1] "M: "
[1] 555
[1] 0.775
[1] "M: "
[1] 605
[1] 0.775
[1] "M: "
[1] 655
[1] 0.775
[1] "M: "
[1] 705
[1] 0.775
[1] "M: "
[1] 755
[1] 0.775
[1] "M: "
[1] 805
[1] 0.75
[1] "M: "
[1] 855
[1] 0.75
[1] "M: "
[1] 905
[1] 0.75
[1] "M: "
[1] 955
[1] 0.75
[1] "M: "
[1] 1005
[1] 0.7625
[1] "M: "
[1] 1055
[1] 0.7625
[1] "M: "
[1] 1105
[1] 0.7375
[1] "M: "
[1] 1155
[1] 0.7375
[1] "M: "
[1] 1205
[1] 0.7375
[1] "M: "
[1] 1255
[1] 0.7375
[1] "Iteration: "
[1] 75
[1] "M: "
[1] 5
[1] 0.975
[1] "M: "
[1] 55
[1] 0.6875
[1] "M: "
[1] 105
[1] 0.775
[1] "M: "
[1] 155
[1] 0.75
[1] "M: "
[1] 205
[1] 0.7
[1] "M: "
[1] 255
[1] 0.65
[1] "M: "
[1] 305
[1] 0.625
[1] "M: "
[1] 355
[1] 0.6
[1] "M: "
[1] 405
[1] 0.575
[1] "M: "
[1] 455
[1] 0.575
[1] "M: "
[1] 505
[1] 0.575
[1] "M: "
[1] 555
[1] 0.575
[1] "M: "
[1] 605
[1] 0.5875
[1] "M: "
[1] 655
[1] 0.6125
[1] "M: "
[1] 705
[1] 0.625
[1] "M: "
[1] 755
[1] 0.6125
[1] "M: "
[1] 805
[1] 0.6
[1] "M: "
[1] 855
[1] 0.6
[1] "M: "
[1] 905
[1] 0.5875
[1] "M: "
[1] 955
[1] 0.5875
[1] "M: "
[1] 1005
[1] 0.575
[1] "M: "
[1] 1055
[1] 0.6
[1] "M: "
[1] 1105
[1] 0.575
[1] "M: "
[1] 1155
[1] 0.6
[1] "M: "
[1] 1205
[1] 0.6125
[1] "M: "
[1] 1255
[1] 0.625
[1] "Iteration: "
[1] 76
[1] "M: "
[1] 5
[1] 1
[1] "M: "
[1] 55
[1] 0.5375
[1] "M: "
[1] 105
[1] 0.5
[1] "M: "
[1] 155
[1] 0.575
[1] "M: "
[1] 205
[1] 0.65
[1] "M: "
[1] 255
[1] 0.6625
[1] "M: "
[1] 305
[1] 0.7
[1] "M: "
[1] 355
[1] 0.7
[1] "M: "
[1] 405
[1] 0.7
[1] "M: "
[1] 455
[1] 0.7
[1] "M: "
[1] 505
[1] 0.6875
[1] "M: "
[1] 555
[1] 0.6875
[1] "M: "
[1] 605
[1] 0.65
[1] "M: "
[1] 655
[1] 0.65
[1] "M: "
[1] 705
[1] 0.625
[1] "M: "
[1] 755
[1] 0.625
[1] "M: "
[1] 805
[1] 0.6125
[1] "M: "
[1] 855
[1] 0.6
[1] "M: "
[1] 905
[1] 0.5875
[1] "M: "
[1] 955
[1] 0.5875
[1] "M: "
[1] 1005
[1] 0.5625
[1] "M: "
[1] 1055
[1] 0.5625
[1] "M: "
[1] 1105
[1] 0.5625
[1] "M: "
[1] 1155
[1] 0.5375
[1] "M: "
[1] 1205
[1] 0.475
[1] "M: "
[1] 1255
[1] 0.5125
[1] "Iteration: "
[1] 77
[1] "M: "
[1] 5
[1] 0.975
[1] "M: "
[1] 55
[1] 0.5875
[1] "M: "
[1] 105
[1] 0.6875
[1] "M: "
[1] 155
[1] 0.6375
[1] "M: "
[1] 205
[1] 0.575
[1] "M: "
[1] 255
[1] 0.55
[1] "M: "
[1] 305
[1] 0.5375
[1] "M: "
[1] 355
[1] 0.525
[1] "M: "
[1] 405
[1] 0.5125
[1] "M: "
[1] 455
[1] 0.5125
[1] "M: "
[1] 505
[1] 0.525
[1] "M: "
[1] 555
[1] 0.5375
[1] "M: "
[1] 605
[1] 0.5125
[1] "M: "
[1] 655
[1] 0.5125
[1] "M: "
[1] 705
[1] 0.5375
[1] "M: "
[1] 755
[1] 0.55
[1] "M: "
[1] 805
[1] 0.55
[1] "M: "
[1] 855
[1] 0.55
[1] "M: "
[1] 905
[1] 0.55
[1] "M: "
[1] 955
[1] 0.5375
[1] "M: "
[1] 1005
[1] 0.5375
[1] "M: "
[1] 1055
[1] 0.55
[1] "M: "
[1] 1105
[1] 0.5625
[1] "M: "
[1] 1155
[1] 0.5625
[1] "M: "
[1] 1205
[1] 0.575
[1] "M: "
[1] 1255
[1] 0.5875
[1] "Iteration: "
[1] 78
[1] "M: "
[1] 5
[1] 0.55
[1] "M: "
[1] 55
[1] 0.525
[1] "M: "
[1] 105
[1] 0.5
[1] "M: "
[1] 155
[1] 0.4375
[1] "M: "
[1] 205
[1] 0.375
[1] "M: "
[1] 255
[1] 0.35
[1] "M: "
[1] 305
[1] 0.325
[1] "M: "
[1] 355
[1] 0.325
[1] "M: "
[1] 405
[1] 0.325
[1] "M: "
[1] 455
[1] 0.325
[1] "M: "
[1] 505
[1] 0.325
[1] "M: "
[1] 555
[1] 0.325
[1] "M: "
[1] 605
[1] 0.325
[1] "M: "
[1] 655
[1] 0.325
[1] "M: "
[1] 705
[1] 0.325
[1] "M: "
[1] 755
[1] 0.325
[1] "M: "
[1] 805
[1] 0.325
[1] "M: "
[1] 855
[1] 0.325
[1] "M: "
[1] 905
[1] 0.325
[1] "M: "
[1] 955
[1] 0.325
[1] "M: "
[1] 1005
[1] 0.325
[1] "M: "
[1] 1055
[1] 0.325
[1] "M: "
[1] 1105
[1] 0.3375
[1] "M: "
[1] 1155
[1] 0.3375
[1] "M: "
[1] 1205
[1] 0.35
[1] "M: "
[1] 1255
[1] 0.375
[1] "Iteration: "
[1] 79
[1] "M: "
[1] 5
[1] 0.4875
[1] "M: "
[1] 55
[1] 0.6625
[1] "M: "
[1] 105
[1] 0.65
[1] "M: "
[1] 155
[1] 0.65
[1] "M: "
[1] 205
[1] 0.65
[1] "M: "
[1] 255
[1] 0.6625
[1] "M: "
[1] 305
[1] 0.65
[1] "M: "
[1] 355
[1] 0.6375
[1] "M: "
[1] 405
[1] 0.6625
[1] "M: "
[1] 455
[1] 0.725
[1] "M: "
[1] 505
[1] 0.7375
[1] "M: "
[1] 555
[1] 0.75
[1] "M: "
[1] 605
[1] 0.75
[1] "M: "
[1] 655
[1] 0.7625
[1] "M: "
[1] 705
[1] 0.775
[1] "M: "
[1] 755
[1] 0.7875
[1] "M: "
[1] 805
[1] 0.7875
[1] "M: "
[1] 855
[1] 0.7625
[1] "M: "
[1] 905
[1] 0.7625
[1] "M: "
[1] 955
[1] 0.7625
[1] "M: "
[1] 1005
[1] 0.775
[1] "M: "
[1] 1055
[1] 0.775
[1] "M: "
[1] 1105
[1] 0.775
[1] "M: "
[1] 1155
[1] 0.8
[1] "M: "
[1] 1205
[1] 0.8
[1] "M: "
[1] 1255
[1] 0.8125
[1] "Iteration: "
[1] 80
[1] "M: "
[1] 5
[1] 0.7625
[1] "M: "
[1] 55
[1] 0.7875
[1] "M: "
[1] 105
[1] 0.8
[1] "M: "
[1] 155
[1] 0.7375
[1] "M: "
[1] 205
[1] 0.725
[1] "M: "
[1] 255
[1] 0.7125
[1] "M: "
[1] 305
[1] 0.675
[1] "M: "
[1] 355
[1] 0.6625
[1] "M: "
[1] 405
[1] 0.6625
[1] "M: "
[1] 455
[1] 0.6625
[1] "M: "
[1] 505
[1] 0.6625
[1] "M: "
[1] 555
[1] 0.675
[1] "M: "
[1] 605
[1] 0.6625
[1] "M: "
[1] 655
[1] 0.6875
[1] "M: "
[1] 705
[1] 0.7125
[1] "M: "
[1] 755
[1] 0.7125
[1] "M: "
[1] 805
[1] 0.7
[1] "M: "
[1] 855
[1] 0.6875
[1] "M: "
[1] 905
[1] 0.6875
[1] "M: "
[1] 955
[1] 0.6875
[1] "M: "
[1] 1005
[1] 0.6625
[1] "M: "
[1] 1055
[1] 0.625
[1] "M: "
[1] 1105
[1] 0.625
[1] "M: "
[1] 1155
[1] 0.625
[1] "M: "
[1] 1205
[1] 0.65
[1] "M: "
[1] 1255
[1] 0.65
[1] "Iteration: "
[1] 81
[1] "M: "
[1] 5
[1] 0.7
[1] "M: "
[1] 55
[1] 0.525
[1] "M: "
[1] 105
[1] 0.575
[1] "M: "
[1] 155
[1] 0.5875
[1] "M: "
[1] 205
[1] 0.6
[1] "M: "
[1] 255
[1] 0.5875
[1] "M: "
[1] 305
[1] 0.575
[1] "M: "
[1] 355
[1] 0.55
[1] "M: "
[1] 405
[1] 0.5375
[1] "M: "
[1] 455
[1] 0.525
[1] "M: "
[1] 505
[1] 0.525
[1] "M: "
[1] 555
[1] 0.525
[1] "M: "
[1] 605
[1] 0.5125
[1] "M: "
[1] 655
[1] 0.525
[1] "M: "
[1] 705
[1] 0.5375
[1] "M: "
[1] 755
[1] 0.5125
[1] "M: "
[1] 805
[1] 0.525
[1] "M: "
[1] 855
[1] 0.525
[1] "M: "
[1] 905
[1] 0.525
[1] "M: "
[1] 955
[1] 0.5375
[1] "M: "
[1] 1005
[1] 0.5375
[1] "M: "
[1] 1055
[1] 0.55
[1] "M: "
[1] 1105
[1] 0.5375
[1] "M: "
[1] 1155
[1] 0.5375
[1] "M: "
[1] 1205
[1] 0.55
[1] "M: "
[1] 1255
[1] 0.55
[1] "Iteration: "
[1] 82
[1] "M: "
[1] 5
[1] 0.875
[1] "M: "
[1] 55
[1] 0.525
[1] "M: "
[1] 105
[1] 0.5375
[1] "M: "
[1] 155
[1] 0.525
[1] "M: "
[1] 205
[1] 0.5125
[1] "M: "
[1] 255
[1] 0.5125
[1] "M: "
[1] 305
[1] 0.5
[1] "M: "
[1] 355
[1] 0.5
[1] "M: "
[1] 405
[1] 0.5
[1] "M: "
[1] 455
[1] 0.5
[1] "M: "
[1] 505
[1] 0.525
[1] "M: "
[1] 555
[1] 0.5375
[1] "M: "
[1] 605
[1] 0.5375
[1] "M: "
[1] 655
[1] 0.5375
[1] "M: "
[1] 705
[1] 0.5625
[1] "M: "
[1] 755
[1] 0.55
[1] "M: "
[1] 805
[1] 0.5625
[1] "M: "
[1] 855
[1] 0.5625
[1] "M: "
[1] 905
[1] 0.5375
[1] "M: "
[1] 955
[1] 0.575
[1] "M: "
[1] 1005
[1] 0.575
[1] "M: "
[1] 1055
[1] 0.5875
[1] "M: "
[1] 1105
[1] 0.6
[1] "M: "
[1] 1155
[1] 0.6125
[1] "M: "
[1] 1205
[1] 0.6
[1] "M: "
[1] 1255
[1] 0.625
[1] "Iteration: "
[1] 83
[1] "M: "
[1] 5
[1] 0.575
[1] "M: "
[1] 55
[1] 0.725
[1] "M: "
[1] 105
[1] 0.7
[1] "M: "
[1] 155
[1] 0.6875
[1] "M: "
[1] 205
[1] 0.6625
[1] "M: "
[1] 255
[1] 0.6375
[1] "M: "
[1] 305
[1] 0.625
[1] "M: "
[1] 355
[1] 0.6
[1] "M: "
[1] 405
[1] 0.6
[1] "M: "
[1] 455
[1] 0.5875
[1] "M: "
[1] 505
[1] 0.5875
[1] "M: "
[1] 555
[1] 0.575
[1] "M: "
[1] 605
[1] 0.5625
[1] "M: "
[1] 655
[1] 0.5125
[1] "M: "
[1] 705
[1] 0.5
[1] "M: "
[1] 755
[1] 0.5
[1] "M: "
[1] 805
[1] 0.5
[1] "M: "
[1] 855
[1] 0.5125
[1] "M: "
[1] 905
[1] 0.5125
[1] "M: "
[1] 955
[1] 0.525
[1] "M: "
[1] 1005
[1] 0.525
[1] "M: "
[1] 1055
[1] 0.5375
[1] "M: "
[1] 1105
[1] 0.5375
[1] "M: "
[1] 1155
[1] 0.5625
[1] "M: "
[1] 1205
[1] 0.575
[1] "M: "
[1] 1255
[1] 0.5875
[1] "Iteration: "
[1] 84
[1] "M: "
[1] 5
[1] 0.5
[1] "M: "
[1] 55
[1] 0.6
[1] "M: "
[1] 105
[1] 0.6375
[1] "M: "
[1] 155
[1] 0.575
[1] "M: "
[1] 205
[1] 0.6125
[1] "M: "
[1] 255
[1] 0.625
[1] "M: "
[1] 305
[1] 0.6
[1] "M: "
[1] 355
[1] 0.6125
[1] "M: "
[1] 405
[1] 0.6
[1] "M: "
[1] 455
[1] 0.6125
[1] "M: "
[1] 505
[1] 0.6375
[1] "M: "
[1] 555
[1] 0.6375
[1] "M: "
[1] 605
[1] 0.625
[1] "M: "
[1] 655
[1] 0.6375
[1] "M: "
[1] 705
[1] 0.6375
[1] "M: "
[1] 755
[1] 0.65
[1] "M: "
[1] 805
[1] 0.65
[1] "M: "
[1] 855
[1] 0.65
[1] "M: "
[1] 905
[1] 0.65
[1] "M: "
[1] 955
[1] 0.6875
[1] "M: "
[1] 1005
[1] 0.7125
[1] "M: "
[1] 1055
[1] 0.7125
[1] "M: "
[1] 1105
[1] 0.7125
[1] "M: "
[1] 1155
[1] 0.7125
[1] "M: "
[1] 1205
[1] 0.725
[1] "M: "
[1] 1255
[1] 0.7625
[1] "Iteration: "
[1] 85
[1] "M: "
[1] 5
[1] 0.75
[1] "M: "
[1] 55
[1] 0.5
[1] "M: "
[1] 105
[1] 0.4625
[1] "M: "
[1] 155
[1] 0.6
[1] "M: "
[1] 205
[1] 0.6375
[1] "M: "
[1] 255
[1] 0.6625
[1] "M: "
[1] 305
[1] 0.7
[1] "M: "
[1] 355
[1] 0.6625
[1] "M: "
[1] 405
[1] 0.65
[1] "M: "
[1] 455
[1] 0.6375
[1] "M: "
[1] 505
[1] 0.6375
[1] "M: "
[1] 555
[1] 0.625
[1] "M: "
[1] 605
[1] 0.6125
[1] "M: "
[1] 655
[1] 0.5875
[1] "M: "
[1] 705
[1] 0.5875
[1] "M: "
[1] 755
[1] 0.5625
[1] "M: "
[1] 805
[1] 0.55
[1] "M: "
[1] 855
[1] 0.5625
[1] "M: "
[1] 905
[1] 0.575
[1] "M: "
[1] 955
[1] 0.55
[1] "M: "
[1] 1005
[1] 0.525
[1] "M: "
[1] 1055
[1] 0.5125
[1] "M: "
[1] 1105
[1] 0.525
[1] "M: "
[1] 1155
[1] 0.5375
[1] "M: "
[1] 1205
[1] 0.55
[1] "M: "
[1] 1255
[1] 0.55
[1] "Iteration: "
[1] 86
[1] "M: "
[1] 5
[1] 0.5375
[1] "M: "
[1] 55
[1] 0.7375
[1] "M: "
[1] 105
[1] 0.7375
[1] "M: "
[1] 155
[1] 0.7375
[1] "M: "
[1] 205
[1] 0.65
[1] "M: "
[1] 255
[1] 0.65
[1] "M: "
[1] 305
[1] 0.6125
[1] "M: "
[1] 355
[1] 0.5875
[1] "M: "
[1] 405
[1] 0.6
[1] "M: "
[1] 455
[1] 0.6
[1] "M: "
[1] 505
[1] 0.6375
[1] "M: "
[1] 555
[1] 0.65
[1] "M: "
[1] 605
[1] 0.65
[1] "M: "
[1] 655
[1] 0.65
[1] "M: "
[1] 705
[1] 0.6625
[1] "M: "
[1] 755
[1] 0.675
[1] "M: "
[1] 805
[1] 0.675
[1] "M: "
[1] 855
[1] 0.675
[1] "M: "
[1] 905
[1] 0.675
[1] "M: "
[1] 955
[1] 0.6875
[1] "M: "
[1] 1005
[1] 0.7125
[1] "M: "
[1] 1055
[1] 0.7
[1] "M: "
[1] 1105
[1] 0.7125
[1] "M: "
[1] 1155
[1] 0.7
[1] "M: "
[1] 1205
[1] 0.7125
[1] "M: "
[1] 1255
[1] 0.725
[1] "Iteration: "
[1] 87
[1] "M: "
[1] 5
[1] 0.5
[1] "M: "
[1] 55
[1] 0.45
[1] "M: "
[1] 105
[1] 0.525
[1] "M: "
[1] 155
[1] 0.5375
[1] "M: "
[1] 205
[1] 0.5375
[1] "M: "
[1] 255
[1] 0.5375
[1] "M: "
[1] 305
[1] 0.55
[1] "M: "
[1] 355
[1] 0.5375
[1] "M: "
[1] 405
[1] 0.5375
[1] "M: "
[1] 455
[1] 0.525
[1] "M: "
[1] 505
[1] 0.5125
[1] "M: "
[1] 555
[1] 0.5125
[1] "M: "
[1] 605
[1] 0.525
[1] "M: "
[1] 655
[1] 0.525
[1] "M: "
[1] 705
[1] 0.5125
[1] "M: "
[1] 755
[1] 0.5125
[1] "M: "
[1] 805
[1] 0.5125
[1] "M: "
[1] 855
[1] 0.5125
[1] "M: "
[1] 905
[1] 0.5125
[1] "M: "
[1] 955
[1] 0.525
[1] "M: "
[1] 1005
[1] 0.55
[1] "M: "
[1] 1055
[1] 0.5375
[1] "M: "
[1] 1105
[1] 0.525
[1] "M: "
[1] 1155
[1] 0.525
[1] "M: "
[1] 1205
[1] 0.525
[1] "M: "
[1] 1255
[1] 0.525
[1] "Iteration: "
[1] 88
[1] "M: "
[1] 5
[1] 0.6125
[1] "M: "
[1] 55
[1] 0.7
[1] "M: "
[1] 105
[1] 0.775
[1] "M: "
[1] 155
[1] 0.7625
[1] "M: "
[1] 205
[1] 0.7375
[1] "M: "
[1] 255
[1] 0.725
[1] "M: "
[1] 305
[1] 0.7125
[1] "M: "
[1] 355
[1] 0.75
[1] "M: "
[1] 405
[1] 0.7625
[1] "M: "
[1] 455
[1] 0.7625
[1] "M: "
[1] 505
[1] 0.7625
[1] "M: "
[1] 555
[1] 0.7875
[1] "M: "
[1] 605
[1] 0.8
[1] "M: "
[1] 655
[1] 0.8
[1] "M: "
[1] 705
[1] 0.8125
[1] "M: "
[1] 755
[1] 0.825
[1] "M: "
[1] 805
[1] 0.825
[1] "M: "
[1] 855
[1] 0.8125
[1] "M: "
[1] 905
[1] 0.8125
[1] "M: "
[1] 955
[1] 0.825
[1] "M: "
[1] 1005
[1] 0.8375
[1] "M: "
[1] 1055
[1] 0.8375
[1] "M: "
[1] 1105
[1] 0.8375
[1] "M: "
[1] 1155
[1] 0.8375
[1] "M: "
[1] 1205
[1] 0.825
[1] "M: "
[1] 1255
[1] 0.85
[1] "Iteration: "
[1] 89
[1] "M: "
[1] 5
[1] 0.4125
[1] "M: "
[1] 55
[1] 0.675
[1] "M: "
[1] 105
[1] 0.6875
[1] "M: "
[1] 155
[1] 0.675
[1] "M: "
[1] 205
[1] 0.6375
[1] "M: "
[1] 255
[1] 0.6375
[1] "M: "
[1] 305
[1] 0.6375
[1] "M: "
[1] 355
[1] 0.6625
[1] "M: "
[1] 405
[1] 0.6625
[1] "M: "
[1] 455
[1] 0.675
[1] "M: "
[1] 505
[1] 0.675
[1] "M: "
[1] 555
[1] 0.675
[1] "M: "
[1] 605
[1] 0.6625
[1] "M: "
[1] 655
[1] 0.6625
[1] "M: "
[1] 705
[1] 0.6625
[1] "M: "
[1] 755
[1] 0.65
[1] "M: "
[1] 805
[1] 0.6375
[1] "M: "
[1] 855
[1] 0.6125
[1] "M: "
[1] 905
[1] 0.6125
[1] "M: "
[1] 955
[1] 0.6125
[1] "M: "
[1] 1005
[1] 0.6
[1] "M: "
[1] 1055
[1] 0.6
[1] "M: "
[1] 1105
[1] 0.6
[1] "M: "
[1] 1155
[1] 0.5875
[1] "M: "
[1] 1205
[1] 0.5875
[1] "M: "
[1] 1255
[1] 0.6125
[1] "Iteration: "
[1] 90
[1] "M: "
[1] 5
[1] 0.85
[1] "M: "
[1] 55
[1] 0.5125
[1] "M: "
[1] 105
[1] 0.55
[1] "M: "
[1] 155
[1] 0.575
[1] "M: "
[1] 205
[1] 0.55
[1] "M: "
[1] 255
[1] 0.5
[1] "M: "
[1] 305
[1] 0.525
[1] "M: "
[1] 355
[1] 0.55
[1] "M: "
[1] 405
[1] 0.55
[1] "M: "
[1] 455
[1] 0.5125
[1] "M: "
[1] 505
[1] 0.525
[1] "M: "
[1] 555
[1] 0.5375
[1] "M: "
[1] 605
[1] 0.5625
[1] "M: "
[1] 655
[1] 0.55
[1] "M: "
[1] 705
[1] 0.5375
[1] "M: "
[1] 755
[1] 0.5375
[1] "M: "
[1] 805
[1] 0.5375
[1] "M: "
[1] 855
[1] 0.525
[1] "M: "
[1] 905
[1] 0.525
[1] "M: "
[1] 955
[1] 0.525
[1] "M: "
[1] 1005
[1] 0.5375
[1] "M: "
[1] 1055
[1] 0.55
[1] "M: "
[1] 1105
[1] 0.5625
[1] "M: "
[1] 1155
[1] 0.575
[1] "M: "
[1] 1205
[1] 0.5625
[1] "M: "
[1] 1255
[1] 0.5625
[1] "Iteration: "
[1] 91
[1] "M: "
[1] 5
[1] 0.8625
[1] "M: "
[1] 55
[1] 0.7
[1] "M: "
[1] 105
[1] 0.5625
[1] "M: "
[1] 155
[1] 0.475
[1] "M: "
[1] 205
[1] 0.5375
[1] "M: "
[1] 255
[1] 0.5375
[1] "M: "
[1] 305
[1] 0.525
[1] "M: "
[1] 355
[1] 0.55
[1] "M: "
[1] 405
[1] 0.5375
[1] "M: "
[1] 455
[1] 0.55
[1] "M: "
[1] 505
[1] 0.55
[1] "M: "
[1] 555
[1] 0.55
[1] "M: "
[1] 605
[1] 0.5375
[1] "M: "
[1] 655
[1] 0.5375
[1] "M: "
[1] 705
[1] 0.5625
[1] "M: "
[1] 755
[1] 0.575
[1] "M: "
[1] 805
[1] 0.575
[1] "M: "
[1] 855
[1] 0.575
[1] "M: "
[1] 905
[1] 0.575
[1] "M: "
[1] 955
[1] 0.5875
[1] "M: "
[1] 1005
[1] 0.5875
[1] "M: "
[1] 1055
[1] 0.5875
[1] "M: "
[1] 1105
[1] 0.5875
[1] "M: "
[1] 1155
[1] 0.6125
[1] "M: "
[1] 1205
[1] 0.6125
[1] "M: "
[1] 1255
[1] 0.6125
[1] "Iteration: "
[1] 92
[1] "M: "
[1] 5
[1] 0.8125
[1] "M: "
[1] 55
[1] 0.85
[1] "M: "
[1] 105
[1] 0.85
[1] "M: "
[1] 155
[1] 0.85
[1] "M: "
[1] 205
[1] 0.85
[1] "M: "
[1] 255
[1] 0.8625
[1] "M: "
[1] 305
[1] 0.875
[1] "M: "
[1] 355
[1] 0.875
[1] "M: "
[1] 405
[1] 0.875
[1] "M: "
[1] 455
[1] 0.875
[1] "M: "
[1] 505
[1] 0.875
[1] "M: "
[1] 555
[1] 0.8625
[1] "M: "
[1] 605
[1] 0.875
[1] "M: "
[1] 655
[1] 0.8625
[1] "M: "
[1] 705
[1] 0.8625
[1] "M: "
[1] 755
[1] 0.8625
[1] "M: "
[1] 805
[1] 0.8625
[1] "M: "
[1] 855
[1] 0.8625
[1] "M: "
[1] 905
[1] 0.8625
[1] "M: "
[1] 955
[1] 0.8625
[1] "M: "
[1] 1005
[1] 0.85
[1] "M: "
[1] 1055
[1] 0.85
[1] "M: "
[1] 1105
[1] 0.85
[1] "M: "
[1] 1155
[1] 0.85
[1] "M: "
[1] 1205
[1] 0.85
[1] "M: "
[1] 1255
[1] 0.85
[1] "Iteration: "
[1] 93
[1] "M: "
[1] 5
[1] 0.8875
[1] "M: "
[1] 55
[1] 0.6125
[1] "M: "
[1] 105
[1] 0.6625
[1] "M: "
[1] 155
[1] 0.65
[1] "M: "
[1] 205
[1] 0.6
[1] "M: "
[1] 255
[1] 0.575
[1] "M: "
[1] 305
[1] 0.5875
[1] "M: "
[1] 355
[1] 0.575
[1] "M: "
[1] 405
[1] 0.5875
[1] "M: "
[1] 455
[1] 0.625
[1] "M: "
[1] 505
[1] 0.6125
[1] "M: "
[1] 555
[1] 0.6125
[1] "M: "
[1] 605
[1] 0.6125
[1] "M: "
[1] 655
[1] 0.6125
[1] "M: "
[1] 705
[1] 0.6125
[1] "M: "
[1] 755
[1] 0.6125
[1] "M: "
[1] 805
[1] 0.6125
[1] "M: "
[1] 855
[1] 0.6125
[1] "M: "
[1] 905
[1] 0.625
[1] "M: "
[1] 955
[1] 0.6375
[1] "M: "
[1] 1005
[1] 0.6375
[1] "M: "
[1] 1055
[1] 0.65
[1] "M: "
[1] 1105
[1] 0.6625
[1] "M: "
[1] 1155
[1] 0.675
[1] "M: "
[1] 1205
[1] 0.675
[1] "M: "
[1] 1255
[1] 0.675
[1] "Iteration: "
[1] 94
[1] "M: "
[1] 5
[1] 0.85
[1] "M: "
[1] 55
[1] 0.675
[1] "M: "
[1] 105
[1] 0.65
[1] "M: "
[1] 155
[1] 0.6625
[1] "M: "
[1] 205
[1] 0.7125
[1] "M: "
[1] 255
[1] 0.75
[1] "M: "
[1] 305
[1] 0.725
[1] "M: "
[1] 355
[1] 0.7125
[1] "M: "
[1] 405
[1] 0.6875
[1] "M: "
[1] 455
[1] 0.625
[1] "M: "
[1] 505
[1] 0.575
[1] "M: "
[1] 555
[1] 0.525
[1] "M: "
[1] 605
[1] 0.525
[1] "M: "
[1] 655
[1] 0.525
[1] "M: "
[1] 705
[1] 0.55
[1] "M: "
[1] 755
[1] 0.5625
[1] "M: "
[1] 805
[1] 0.575
[1] "M: "
[1] 855
[1] 0.575
[1] "M: "
[1] 905
[1] 0.525
[1] "M: "
[1] 955
[1] 0.525
[1] "M: "
[1] 1005
[1] 0.5625
[1] "M: "
[1] 1055
[1] 0.5625
[1] "M: "
[1] 1105
[1] 0.5875
[1] "M: "
[1] 1155
[1] 0.6
[1] "M: "
[1] 1205
[1] 0.6
[1] "M: "
[1] 1255
[1] 0.6125
[1] "Iteration: "
[1] 95
[1] "M: "
[1] 5
[1] 0.7375
[1] "M: "
[1] 55
[1] 0.4625
[1] "M: "
[1] 105
[1] 0.625
[1] "M: "
[1] 155
[1] 0.625
[1] "M: "
[1] 205
[1] 0.6125
[1] "M: "
[1] 255
[1] 0.5875
[1] "M: "
[1] 305
[1] 0.6
[1] "M: "
[1] 355
[1] 0.5625
[1] "M: "
[1] 405
[1] 0.5625
[1] "M: "
[1] 455
[1] 0.55
[1] "M: "
[1] 505
[1] 0.5375
[1] "M: "
[1] 555
[1] 0.5375
[1] "M: "
[1] 605
[1] 0.5625
[1] "M: "
[1] 655
[1] 0.55
[1] "M: "
[1] 705
[1] 0.5625
[1] "M: "
[1] 755
[1] 0.5625
[1] "M: "
[1] 805
[1] 0.5375
[1] "M: "
[1] 855
[1] 0.5375
[1] "M: "
[1] 905
[1] 0.5375
[1] "M: "
[1] 955
[1] 0.55
[1] "M: "
[1] 1005
[1] 0.5875
[1] "M: "
[1] 1055
[1] 0.6
[1] "M: "
[1] 1105
[1] 0.6125
[1] "M: "
[1] 1155
[1] 0.6125
[1] "M: "
[1] 1205
[1] 0.6125
[1] "M: "
[1] 1255
[1] 0.625
[1] "Iteration: "
[1] 96
[1] "M: "
[1] 5
[1] 0.65
[1] "M: "
[1] 55
[1] 0.4625
[1] "M: "
[1] 105
[1] 0.5
[1] "M: "
[1] 155
[1] 0.525
[1] "M: "
[1] 205
[1] 0.5125
[1] "M: "
[1] 255
[1] 0.5375
[1] "M: "
[1] 305
[1] 0.55
[1] "M: "
[1] 355
[1] 0.55
[1] "M: "
[1] 405
[1] 0.55
[1] "M: "
[1] 455
[1] 0.575
[1] "M: "
[1] 505
[1] 0.5625
[1] "M: "
[1] 555
[1] 0.5625
[1] "M: "
[1] 605
[1] 0.55
[1] "M: "
[1] 655
[1] 0.5375
[1] "M: "
[1] 705
[1] 0.5375
[1] "M: "
[1] 755
[1] 0.525
[1] "M: "
[1] 805
[1] 0.5
[1] "M: "
[1] 855
[1] 0.5
[1] "M: "
[1] 905
[1] 0.5
[1] "M: "
[1] 955
[1] 0.5
[1] "M: "
[1] 1005
[1] 0.5125
[1] "M: "
[1] 1055
[1] 0.5125
[1] "M: "
[1] 1105
[1] 0.5
[1] "M: "
[1] 1155
[1] 0.5
[1] "M: "
[1] 1205
[1] 0.5
[1] "M: "
[1] 1255
[1] 0.5125
[1] "Iteration: "
[1] 97
[1] "M: "
[1] 5
[1] 0.675
[1] "M: "
[1] 55
[1] 0.625
[1] "M: "
[1] 105
[1] 0.65
[1] "M: "
[1] 155
[1] 0.6375
[1] "M: "
[1] 205
[1] 0.6125
[1] "M: "
[1] 255
[1] 0.6125
[1] "M: "
[1] 305
[1] 0.6375
[1] "M: "
[1] 355
[1] 0.6375
[1] "M: "
[1] 405
[1] 0.6625
[1] "M: "
[1] 455
[1] 0.675
[1] "M: "
[1] 505
[1] 0.7
[1] "M: "
[1] 555
[1] 0.7125
[1] "M: "
[1] 605
[1] 0.7125
[1] "M: "
[1] 655
[1] 0.725
[1] "M: "
[1] 705
[1] 0.7375
[1] "M: "
[1] 755
[1] 0.75
[1] "M: "
[1] 805
[1] 0.7375
[1] "M: "
[1] 855
[1] 0.7375
[1] "M: "
[1] 905
[1] 0.7375
[1] "M: "
[1] 955
[1] 0.7375
[1] "M: "
[1] 1005
[1] 0.75
[1] "M: "
[1] 1055
[1] 0.7625
[1] "M: "
[1] 1105
[1] 0.775
[1] "M: "
[1] 1155
[1] 0.7625
[1] "M: "
[1] 1205
[1] 0.75
[1] "M: "
[1] 1255
[1] 0.75
[1] "Iteration: "
[1] 98
[1] "M: "
[1] 5
[1] 0.8375
[1] "M: "
[1] 55
[1] 0.85
[1] "M: "
[1] 105
[1] 0.85
[1] "M: "
[1] 155
[1] 0.85
[1] "M: "
[1] 205
[1] 0.85
[1] "M: "
[1] 255
[1] 0.85
[1] "M: "
[1] 305
[1] 0.85
[1] "M: "
[1] 355
[1] 0.8375
[1] "M: "
[1] 405
[1] 0.8375
[1] "M: "
[1] 455
[1] 0.825
[1] "M: "
[1] 505
[1] 0.825
[1] "M: "
[1] 555
[1] 0.825
[1] "M: "
[1] 605
[1] 0.825
[1] "M: "
[1] 655
[1] 0.825
[1] "M: "
[1] 705
[1] 0.825
[1] "M: "
[1] 755
[1] 0.825
[1] "M: "
[1] 805
[1] 0.825
[1] "M: "
[1] 855
[1] 0.825
[1] "M: "
[1] 905
[1] 0.825
[1] "M: "
[1] 955
[1] 0.825
[1] "M: "
[1] 1005
[1] 0.825
[1] "M: "
[1] 1055
[1] 0.825
[1] "M: "
[1] 1105
[1] 0.825
[1] "M: "
[1] 1155
[1] 0.825
[1] "M: "
[1] 1205
[1] 0.825
[1] "M: "
[1] 1255
[1] 0.825
[1] "Iteration: "
[1] 99
[1] "M: "
[1] 5
[1] 0.6625
[1] "M: "
[1] 55
[1] 0.8625
[1] "M: "
[1] 105
[1] 0.8625
[1] "M: "
[1] 155
[1] 0.8625
[1] "M: "
[1] 205
[1] 0.8625
[1] "M: "
[1] 255
[1] 0.8625
[1] "M: "
[1] 305
[1] 0.8625
[1] "M: "
[1] 355
[1] 0.8625
[1] "M: "
[1] 405
[1] 0.8625
[1] "M: "
[1] 455
[1] 0.85
[1] "M: "
[1] 505
[1] 0.85
[1] "M: "
[1] 555
[1] 0.85
[1] "M: "
[1] 605
[1] 0.8375
[1] "M: "
[1] 655
[1] 0.8375
[1] "M: "
[1] 705
[1] 0.8375
[1] "M: "
[1] 755
[1] 0.8375
[1] "M: "
[1] 805
[1] 0.8375
[1] "M: "
[1] 855
[1] 0.8375
[1] "M: "
[1] 905
[1] 0.85
[1] "M: "
[1] 955
[1] 0.85
[1] "M: "
[1] 1005
[1] 0.825
[1] "M: "
[1] 1055
[1] 0.825
[1] "M: "
[1] 1105
[1] 0.825
[1] "M: "
[1] 1155
[1] 0.825
[1] "M: "
[1] 1205
[1] 0.825
[1] "M: "
[1] 1255
[1] 0.825
There were 50 or more warnings (use warnings() to see the first 50)
[1] 1
[1] 2
[1] 3
[1] 4
[1] 5
[1] 6
[1] 7
[1] 8
[1] 9
[1] 10
[1] 11
[1] 12
[1] 13
[1] 14
[1] 15
[1] 16
[1] 17
[1] 18
[1] 19
[1] 20
[1] 21
[1] 22
[1] 23
[1] 24
[1] 25
[1] 26
[1] 27
[1] 28
[1] 29
[1] 30
[1] 31
[1] 32
[1] 33
[1] 34
[1] 35
[1] 36
[1] 37
[1] 38
[1] 39
[1] 40
[1] 41
[1] 42
[1] 43
[1] 44
[1] 45
[1] 46
[1] 47
[1] 48
[1] 49
[1] 50
[1] 51
[1] 52
[1] 53
[1] 54
[1] 55
[1] 56
[1] 57
[1] 58
[1] 59
[1] 60
[1] 61
[1] 62
[1] 63
[1] 64
[1] 65
[1] 66
[1] 67
[1] 68
[1] 69
[1] 70
[1] 71
[1] 72
[1] 73
[1] 74
[1] 75
[1] 76
[1] 77
[1] 78
[1] 79
[1] 80
[1] 81
[1] 82
[1] 83
[1] 84
[1] 85
[1] 86
[1] 87
[1] 88
[1] 89
[1] 90
[1] 91
[1] 92
[1] 93
[1] 94
[1] 95
[1] 96
[1] 97
[1] 98
[1] 99
There were 50 or more warnings (use warnings() to see the first 50)
[1] "Optimal M = "
[1] 44
[1] "AUC CI = "
[1] 0.7046951 0.7684930 0.8322909
[1] 0.6818182
Warning message:
In spls(X, ind.mat, ncomp = ncomp, mode = "regression", keepX = keepX,  :
  Zero- or near-zero variance predictors.
Reset predictors matrix to not near-zero variance predictors.
See $nzv for problematic predictors.
