Number of SNVs: 0
10 60 110 160 210
260 310 360 410 460
510 560 610 660 710
760 810 860 910 960
1010 1060 1110 1160 1210
1260 1310 1360 1410 1460
1
2
3
45
6

7
8
9
10
11
12
13
14
15
16
17
18
19
20
21
22
23
24
25
26
27
28
29
30
31
32
33
34
35
36
37
38
39
4140

42
43
44
45
46
47
48
49
51
5350

52
54
55
56
57
58
59
60
61
62
63
64
65
66
67
68
69
70
72
71
74
73
75
76
77
78
79
80
81
82
83
84
85
86
87
88
89
90
91
93
92
94
95
96
97
98
99
Number of SNVs: 0
10 60 110 160 210
260 310 360 410 460
510 560 610 660 710
760 810 860 910 960
1010 1060 1110 1160 1210
1260 1310 1360 1410 1460
1
23

4
5
6
7
8
9
10
11
12
1314

15
16
17
18
19
20
21
23
2224

25
26
27
28
29
30
31
32
33
34
35
36
37
38
39
40
41
42
43
44
45
46
47
48
49
50
515253


54
55
56
57
58
59
60
61
62
63
64
65
66
67
68
69
70
7172

73
74
75
76
77
78
7980

81
8283

84
85
86
8788

89
90
91
92
93
94
95
96
97
98
99
Number of SNVs: 0
10 60 110 160 210
260 310 360 410 460
510 560 610 660 710
760 810 860 910 960
1010 1060 1110 1160 1210
1260 1310 1360 1410 1460
12

3
5
64

8
7
9
10
11
12
13
14
15
16
17
18
19
20
22
2123

24
25
26
27
28
29
30
31
32
33
34
35
36
37
38
39
40
41
42
43
44
45
4647

48
49
50
51
52
53
54
55
56
57
58
59
60
61
62
63
64
65
66
67
68
69
70
71
72
73
74
75
76
77
78
79
80
81
82
83
84
85
86
87
88
89
90
91
92
93
94
95
96
97
98
99
Number of SNVs: 25449
10 60 110 160 210
260 310 360 410 460
510 560 610 660 710
760 810 860 910 960
1010 1060 1110 1160 1210
1260 1310 1360 1410 1460
1
23

4
5
6
8
7
9
10
11
12
13
14
15
16
17
18
19
20
21
22
23
24
25
26
27
28
29
30
31
32
33
34
35
36
37
38
39
40
41
42
43
44
45
46
47
48
49
50
51
52
53
54
55
56
57
58
59
60
61
62
63
64
65
66
67
68
69
70
71
72
73
74
75
76
77
78
79
80
81
82
83
84
85
86
87
88
89
90
91
92
93
94
95
96
97
98
99
Optimal M =  32
AUC CI =  0.593469891560841
AUC CI =  0.669013365983063
AUC CI =  0.744556840405286
Accuracy: 0.611111111111111
