Number of SNVs: 19654
10 60 110 160 210
260 310 360 410 460
510 560 610 660 710
760 810 860 910 960
1010 1060 1110 1160 1210
1260 1310 1360 1410 1460
1
23

4
5
6
7
8
Number of SNVs: 19654
10 60 110 160 210
260 310 360 410 460
510 560 610 660 710
760 810 860 910 960
1010 1060 1110 1160 1210
1260 1310 1360 1410 1460
1
24
3

5
6
7
8
9
10
11
12
13
14
15
16
17
18
19
20
21
22
23
24
25
26
27
28
29
30
31
32
33
34
35
36
37
38
39
40
41
42
43
44
45
46
47
48
49
50
51
52
53
54
55
56
57
58
59
60
61
62
63
64
65
66
67
68
69
70
71
72
73
74
75
76
77
78
79
80
81
82
83
84
85
86
87
88
89
90
91
92
93
94
95
96
97
98
99
Optimal M =  32
AUC CI =  0.622472077661487
AUC CI =  0.695643301703908
AUC CI =  0.768814525746328
Accuracy: 0.616161616161616
