Number of SNVs: 927
10 15 20 25 30
35 40 45 50 55
60 65 70 75 80
85 90 95 100 105
110 115 120 125 130
135 140 145 150 155
160
1
23

4
56

78

Number of SNVs: 927
10 15 20 25 30
35 40 45 50 55
60 65 70 75 80
85 90 95 100 105
110 115 120 125 130
135 140 145 150 155
160
1
2
34

6
5
7
8
9
10
11
12
13
14
15
16
17
18
19
20
21
22
23
24
25
26
27
28
29
30
31
32
33
34
35
36
37
38
39
40
41
42
43
44
45
46
47
48
49
50
51
52
53
54
55
56
57
58
59
60
61
62
63
64
65
66
67
68
69
70
71
72
73
74
75
76
77
78
79
80
81
82
83
84
85
86
87
88
89
90
91
92
93
94
95
96
97
98
99
Optimal M =  12
AUC CI =  0.632258827821639
AUC CI =  0.704315886134068
AUC CI =  0.776372944446497
Accuracy: 0.641414141414141
