Loading required package: iterators
Loading required package: parallel
Loading required package: MASS
Loading required package: lattice
Warning messages:
1: In rgl.init(initValue, onlyNULL) : RGL: unable to open X11 display
2: In fun(libname, pkgname) : error in rgl_init
Type 'citation("pROC")' for a citation.

Attaching package: ‘pROC’

The following objects are masked from ‘package:stats’:

    cov, smooth, var

Error in file(file, "rt") : cannot open the connection
Calls: data.matrix -> is.data.frame -> read.csv -> read.table -> file
In addition: Warning message:
In file(file, "rt") : cannot open file 'nonsyn': No such file or directory
Execution halted
Loading required package: iterators
Loading required package: parallel
Loading required package: MASS
Loading required package: lattice
Warning messages:
1: In rgl.init(initValue, onlyNULL) : RGL: unable to open X11 display
2: In fun(libname, pkgname) : error in rgl_init
Type 'citation("pROC")' for a citation.

Attaching package: ‘pROC’

The following objects are masked from ‘package:stats’:

    cov, smooth, var

There were 20 warnings (use warnings() to see them)
[1] 99
Loading required package: iterators
Loading required package: parallel
Loading required package: MASS
Loading required package: lattice
Warning messages:
1: In rgl.init(initValue, onlyNULL) : RGL: unable to open X11 display
2: In fun(libname, pkgname) : error in rgl_init
Type 'citation("pROC")' for a citation.

Attaching package: ‘pROC’

The following objects are masked from ‘package:stats’:

    cov, smooth, var

There were 20 warnings (use warnings() to see them)
[1] 99
Loading required package: iterators
Loading required package: parallel
Loading required package: MASS
Loading required package: lattice
Warning messages:
1: In rgl.init(initValue, onlyNULL) : RGL: unable to open X11 display
2: In fun(libname, pkgname) : error in rgl_init
Type 'citation("pROC")' for a citation.

Attaching package: ‘pROC’

The following objects are masked from ‘package:stats’:

    cov, smooth, var

There were 20 warnings (use warnings() to see them)
[1] 99
Loading required package: iterators
Loading required package: parallel
Loading required package: MASS
Loading required package: lattice
Warning messages:
1: In rgl.init(initValue, onlyNULL) : RGL: unable to open X11 display
2: In fun(libname, pkgname) : error in rgl_init
Type 'citation("pROC")' for a citation.

Attaching package: ‘pROC’

The following objects are masked from ‘package:stats’:

    cov, smooth, var

There were 20 warnings (use warnings() to see them)
[1] 99
Loading required package: iterators
Loading required package: parallel
Loading required package: MASS
Loading required package: lattice
Warning messages:
1: In rgl.init(initValue, onlyNULL) : RGL: unable to open X11 display
2: In fun(libname, pkgname) : error in rgl_init
Type 'citation("pROC")' for a citation.

Attaching package: ‘pROC’

The following objects are masked from ‘package:stats’:

    cov, smooth, var

There were 20 warnings (use warnings() to see them)
[1] 99
Loading required package: iterators
Loading required package: parallel
Loading required package: MASS
Loading required package: lattice
Warning messages:
1: In rgl.init(initValue, onlyNULL) : RGL: unable to open X11 display
2: In fun(libname, pkgname) : error in rgl_init
Type 'citation("pROC")' for a citation.

Attaching package: ‘pROC’

The following objects are masked from ‘package:stats’:

    cov, smooth, var

There were 20 warnings (use warnings() to see them)
[1] 99
Loading required package: iterators
Loading required package: parallel
Loading required package: MASS
Loading required package: lattice
Warning messages:
1: In rgl.init(initValue, onlyNULL) : RGL: unable to open X11 display
2: In fun(libname, pkgname) : error in rgl_init
Type 'citation("pROC")' for a citation.

Attaching package: ‘pROC’

The following objects are masked from ‘package:stats’:

    cov, smooth, var

There were 20 warnings (use warnings() to see them)
[1] 99
Loading required package: iterators
Loading required package: parallel
Loading required package: MASS
Loading required package: lattice
Warning messages:
1: In rgl.init(initValue, onlyNULL) : RGL: unable to open X11 display
2: In fun(libname, pkgname) : error in rgl_init
Type 'citation("pROC")' for a citation.

Attaching package: ‘pROC’

The following objects are masked from ‘package:stats’:

    cov, smooth, var

There were 20 warnings (use warnings() to see them)
[1] 99
Error in { : task 1 failed - "length of 'keepX' must be equal to 0."
Calls: %dopar% -> <Anonymous>
Execution halted
Loading required package: iterators
Loading required package: parallel
Loading required package: MASS
Loading required package: lattice
Warning messages:
1: In rgl.init(initValue, onlyNULL) : RGL: unable to open X11 display
2: In fun(libname, pkgname) : error in rgl_init
Type 'citation("pROC")' for a citation.

Attaching package: ‘pROC’

The following objects are masked from ‘package:stats’:

    cov, smooth, var

There were 20 warnings (use warnings() to see them)
[1] 99
 [1] 370 330 770 650 650 410  10  10  10 450 490 410 650 370 410 370 490 490  10
[20] 810  50 690 930  10 130  10 490 530 930  50 970 810 490 810  10  50  10 490
[39] 610 650 650 690 490  10 530 570  10 530 930 930 770 850 890  50 530 490 490
[58] 890 890 770  10 570 530 690 930 810 730 890 810  50 890 610  10 530 650 650
[77] 650 490  50  10  50  10 370 370 570 570  10 490 410  10 490  10  50  10 130
[96] 410 130 130  50
There were 50 or more warnings (use warnings() to see the first 50)
[1] "Optimal M = "
[1] 530
[1] "AUC CI = "
[1] 0.7738401 0.8343026 0.8947652
[1] 0.8181818
Warning message:
In spls(X, ind.mat, ncomp = ncomp, mode = "regression", keepX = keepX,  :
  Zero- or near-zero variance predictors.
Reset predictors matrix to not near-zero variance predictors.
See $nzv for problematic predictors.
Loading required package: iterators
Loading required package: parallel
Loading required package: MASS
Loading required package: lattice
Warning messages:
1: In rgl.init(initValue, onlyNULL) : RGL: unable to open X11 display
2: In fun(libname, pkgname) : error in rgl_init
Type 'citation("pROC")' for a citation.

Attaching package: ‘pROC’

The following objects are masked from ‘package:stats’:

    cov, smooth, var

There were 20 warnings (use warnings() to see them)
[1] 99
 [1] 1160   10   10 1060   60 1110  960   60 1060 1460 1260   10 1460 1160 1210
[16] 1210 1060 1460 1210   10   10 1360  110 1060   10  110   10 1410   10   10
[31]   10   10 1460   10   60   10 1460 1210   10 1460   10 1260 1160 1360   10
[46] 1160   10   10   10  110 1310   10  110   10 1410   10   10 1360 1460 1360
[61] 1210 1360 1010 1460   10   10 1360 1260 1410   10   60 1310 1410 1410   10
[76]   10 1410 1210   10 1410   10   60   10  110  260  110  960  310  210   60
[91]   10   10   10   10   10 1360   10   10   10
There were 50 or more warnings (use warnings() to see the first 50)
[1] "Optimal M = "
[1] 34
[1] "AUC CI = "
[1] 0.4405242 0.5213754 0.6022265
[1] 0.5
Warning message:
In spls(X, ind.mat, ncomp = ncomp, mode = "regression", keepX = keepX,  :
  Zero- or near-zero variance predictors.
Reset predictors matrix to not near-zero variance predictors.
See $nzv for problematic predictors.
Loading required package: iterators
Loading required package: parallel
Loading required package: MASS
Loading required package: lattice
Warning messages:
1: In rgl.init(initValue, onlyNULL) : RGL: unable to open X11 display
2: In fun(libname, pkgname) : error in rgl_init
Type 'citation("pROC")' for a citation.

Attaching package: ‘pROC’

The following objects are masked from ‘package:stats’:

    cov, smooth, var

There were 20 warnings (use warnings() to see them)
[1] 99
 [1] 485  10 385 485 485 260 160 485 335 485  10 485 485 160 485  60 485 410 485
[20] 485 335 460 460 385  10 485 285 385 235 485 235 410 485  10 285 485 260 235
[39] 485 385 335 485  85  10 410 460  85 485 110 410 485 185  10 485 385 385 485
[58] 385 335 310  10 385 260 485 285 485 485 485  10 410 485 485  10  85 485 385
[77]  35 485 360  35 410 485 110  60  35 435  10 360 485  10 435  10 485 335 360
[96]  10 360  10 485
There were 50 or more warnings (use warnings() to see the first 50)
[1] "Optimal M = "
[1] 456
[1] "AUC CI = "
[1] 0.7771181 0.8388940 0.9006699
[1] 0.8434343
Warning message:
In spls(X, ind.mat, ncomp = ncomp, mode = "regression", keepX = keepX,  :
  Zero- or near-zero variance predictors.
Reset predictors matrix to not near-zero variance predictors.
See $nzv for problematic predictors.
Loading required package: iterators
Loading required package: parallel
Loading required package: MASS
Loading required package: lattice
Warning messages:
1: In rgl.init(initValue, onlyNULL) : RGL: unable to open X11 display
2: In fun(libname, pkgname) : error in rgl_init
Type 'citation("pROC")' for a citation.

Attaching package: ‘pROC’

The following objects are masked from ‘package:stats’:

    cov, smooth, var

There were 20 warnings (use warnings() to see them)
[1] 99
Error in { : 
  task 7 failed - "each component of 'keepX' must be lower or equal than 236."
Calls: %dopar% -> <Anonymous>
Execution halted
Loading required package: iterators
Loading required package: parallel
Loading required package: MASS
Loading required package: lattice
Warning messages:
1: In rgl.init(initValue, onlyNULL) : RGL: unable to open X11 display
2: In fun(libname, pkgname) : error in rgl_init
Type 'citation("pROC")' for a citation.

Attaching package: ‘pROC’

The following objects are masked from ‘package:stats’:

    cov, smooth, var

There were 20 warnings (use warnings() to see them)
[1] 99
 [1]  10 730  10  10  10  10  50 290  50  50 770  90 730  50 130  90 370  50 330
[20]  50 130  10  90 730  90  90  50 170  10  90 410  90  10  10  50  10 130 770
[39]  10  10  50  10  90  90 250 690 530  90  10  90  10  50  50 130 290  90  10
[58]  10  10 770 490  50 130 530 490  90  10  90  10 210  50 610  10  50  10  10
[77]  10 690 130  50  10  10  50  10 410  90 730  90  90  10  10 370  10 370  10
[96]  10  50 290 450
There were 50 or more warnings (use warnings() to see the first 50)
[1] "Optimal M = "
[1] 42
[1] "AUC CI = "
[1] 0.6949128 0.7598204 0.8247281
[1] 0.6666667
Warning message:
In spls(X, ind.mat, ncomp = ncomp, mode = "regression", keepX = keepX,  :
  Zero- or near-zero variance predictors.
Reset predictors matrix to not near-zero variance predictors.
See $nzv for problematic predictors.
Loading required package: iterators
Loading required package: parallel
Loading required package: MASS
Loading required package: lattice
Warning messages:
1: In rgl.init(initValue, onlyNULL) : RGL: unable to open X11 display
2: In fun(libname, pkgname) : error in rgl_init
Type 'citation("pROC")' for a citation.

Attaching package: ‘pROC’

The following objects are masked from ‘package:stats’:

    cov, smooth, var

There were 20 warnings (use warnings() to see them)
[1] 99
 [1]   10   10   10   10   10 1460   10 1460 1010   10   60   10   10  510  460
[16] 1360 1010 1060   60   60   10  610  460  110   60   60   10   60   60   10
[31] 1310   60   10   60   60   60   10  110  110   10   60 1310  160  110   10
[46]   60  110   10  110   10  110  110  110   60   10   10   60   10   60 1410
[61] 1460 1460 1210   10   10 1160   10  310  210  160 1460 1260   60  110   10
[76]  960   60   10   10  210   60   60   60   10   10 1210 1410  110   60   60
[91]   60   10   10   10   10   10   10   10   10
There were 50 or more warnings (use warnings() to see the first 50)
[1] "Optimal M = "
[1] 32
[1] "AUC CI = "
[1] 0.6224721 0.6956433 0.7688145
[1] 0.6161616
Warning message:
In spls(X, ind.mat, ncomp = ncomp, mode = "regression", keepX = keepX,  :
  Zero- or near-zero variance predictors.
Reset predictors matrix to not near-zero variance predictors.
See $nzv for problematic predictors.
Loading required package: iterators
Loading required package: parallel
Loading required package: MASS
Loading required package: lattice
Warning messages:
1: In rgl.init(initValue, onlyNULL) : RGL: unable to open X11 display
2: In fun(libname, pkgname) : error in rgl_init
Type 'citation("pROC")' for a citation.

Attaching package: ‘pROC’

The following objects are masked from ‘package:stats’:

    cov, smooth, var

There were 20 warnings (use warnings() to see them)
[1] 99
 [1] 105  10  10  10  10 125  10  10  10 130  15  10  10  55  10  10  10  10 135
[20] 160 135 145 120 160  10 160  10  10  15 105 120  15  10  10  15  35  10  10
[39]  90  15  10  10  10  25  20  10  30 105  40  45  10  10  50 140  30  40 105
[58]  20  15  55  65  55  15  10  10  10  10  10  90  50  10  10  10  15  20  15
[77]  10  10  10  10  10  80  10  10  30  15  10  50  45  50  10  10  80 155  10
[96] 160  30  40  10
There were 50 or more warnings (use warnings() to see the first 50)
[1] "Optimal M = "
[1] 12
[1] "AUC CI = "
[1] 0.6322588 0.7043159 0.7763729
[1] 0.6414141
Warning message:
In spls(X, ind.mat, ncomp = ncomp, mode = "regression", keepX = keepX,  :
  Zero- or near-zero variance predictors.
Reset predictors matrix to not near-zero variance predictors.
See $nzv for problematic predictors.
Loading required package: iterators
Loading required package: parallel
Loading required package: MASS
Loading required package: lattice
Warning messages:
1: In rgl.init(initValue, onlyNULL) : RGL: unable to open X11 display
2: In fun(libname, pkgname) : error in rgl_init
Type 'citation("pROC")' for a citation.

Attaching package: ‘pROC’

The following objects are masked from ‘package:stats’:

    cov, smooth, var

There were 20 warnings (use warnings() to see them)
[1] 99
Error in { : task 1 failed - "length of 'keepX' must be equal to 0."
Calls: %dopar% -> <Anonymous>
Execution halted
Loading required package: iterators
Loading required package: parallel
Loading required package: MASS
Loading required package: lattice
Warning messages:
1: In rgl.init(initValue, onlyNULL) : RGL: unable to open X11 display
2: In fun(libname, pkgname) : error in rgl_init
Type 'citation("pROC")' for a citation.

Attaching package: ‘pROC’

The following objects are masked from ‘package:stats’:

    cov, smooth, var

There were 20 warnings (use warnings() to see them)
[1] 99
Loading required package: iterators
Loading required package: parallel
Loading required package: MASS
Loading required package: lattice
Warning messages:
1: In rgl.init(initValue, onlyNULL) : RGL: unable to open X11 display
2: In fun(libname, pkgname) : error in rgl_init
Type 'citation("pROC")' for a citation.

Attaching package: ‘pROC’

The following objects are masked from ‘package:stats’:

    cov, smooth, var

There were 20 warnings (use warnings() to see them)
[1] "Number of SNVs"
[1] 3407
 [1]   10   10   10   10   10 1210   60   60   10   10   60   10   10   10  510
[16]  160  210 1410   60   60   10   60  610 1260  160   60   10   60   60   10
[31] 1460  110   10   60   60   10   10  160  160   10  110  110  160  110   10
[46]   60  160  110  110   10  110   60  110 1210   10   60   10   10   60 1460
[61]  160 1360   10   10   60   60   10  210  160  160 1360 1260   60   10   10
[76] 1110   60   10   10   60   60   60   60   10   10 1410 1460  810   60  110
[91]  160   60   10   10   10   10   10   10   10
There were 50 or more warnings (use warnings() to see the first 50)
[1] "Optimal M = "
[1] 32
[1] "AUC CI = "
[1] 0.5934699 0.6690134 0.7445568
[1] 0.6111111
Warning message:
In spls(X, ind.mat, ncomp = ncomp, mode = "regression", keepX = keepX,  :
  Zero- or near-zero variance predictors.
Reset predictors matrix to not near-zero variance predictors.
See $nzv for problematic predictors.
[1] 0.007
Loading required package: iterators
Loading required package: parallel
Loading required package: MASS
Loading required package: lattice
Warning messages:
1: In rgl.init(initValue, onlyNULL) : RGL: unable to open X11 display
2: In fun(libname, pkgname) : error in rgl_init
Type 'citation("pROC")' for a citation.

Attaching package: ‘pROC’

The following objects are masked from ‘package:stats’:

    cov, smooth, var

There were 20 warnings (use warnings() to see them)
[1] "Number of SNVs"
[1] 1632
[1] 0.006
Loading required package: iterators
Loading required package: parallel
Loading required package: MASS
Loading required package: lattice
Warning messages:
1: In rgl.init(initValue, onlyNULL) : RGL: unable to open X11 display
2: In fun(libname, pkgname) : error in rgl_init
Type 'citation("pROC")' for a citation.

Attaching package: ‘pROC’

The following objects are masked from ‘package:stats’:

    cov, smooth, var

There were 20 warnings (use warnings() to see them)
[1] "Number of SNVs"
[1] 3138
[1] 0.004
Loading required package: iterators
Loading required package: parallel
Loading required package: MASS
Loading required package: lattice
Warning messages:
1: In rgl.init(initValue, onlyNULL) : RGL: unable to open X11 display
2: In fun(libname, pkgname) : error in rgl_init
Type 'citation("pROC")' for a citation.

Attaching package: ‘pROC’

The following objects are masked from ‘package:stats’:

    cov, smooth, var

There were 20 warnings (use warnings() to see them)
[1] "Number of SNVs"
[1] 10343
Loading required package: iterators
Loading required package: parallel
Loading required package: MASS
Loading required package: lattice
Warning messages:
1: In rgl.init(initValue, onlyNULL) : RGL: unable to open X11 display
2: In fun(libname, pkgname) : error in rgl_init
Type 'citation("pROC")' for a citation.

Attaching package: ‘pROC’

The following objects are masked from ‘package:stats’:

    cov, smooth, var

There were 20 warnings (use warnings() to see them)
[1] "Number of SNVs"
[1] 927
[1] 0.061
Loading required package: iterators
Loading required package: parallel
Loading required package: MASS
Loading required package: lattice
Warning messages:
1: In rgl.init(initValue, onlyNULL) : RGL: unable to open X11 display
2: In fun(libname, pkgname) : error in rgl_init
Type 'citation("pROC")' for a citation.

Attaching package: ‘pROC’

The following objects are masked from ‘package:stats’:

    cov, smooth, var

There were 20 warnings (use warnings() to see them)
[1] "Number of SNVs"
[1] 25449
[1] 0.03
Loading required package: iterators
Loading required package: parallel
Loading required package: MASS
Loading required package: lattice
Warning messages:
1: In rgl.init(initValue, onlyNULL) : RGL: unable to open X11 display
2: In fun(libname, pkgname) : error in rgl_init
Type 'citation("pROC")' for a citation.

Attaching package: ‘pROC’

The following objects are masked from ‘package:stats’:

    cov, smooth, var

There were 20 warnings (use warnings() to see them)
[1] "Number of SNVs"
[1] 19654
Loading required package: iterators
Loading required package: parallel
Loading required package: MASS
Loading required package: lattice
Warning messages:
1: In rgl.init(initValue, onlyNULL) : RGL: unable to open X11 display
2: In fun(libname, pkgname) : error in rgl_init
Type 'citation("pROC")' for a citation.

Attaching package: ‘pROC’

The following objects are masked from ‘package:stats’:

    cov, smooth, var

There were 20 warnings (use warnings() to see them)
[1] "Number of SNVs"
[1] 19654
Loading required package: iterators
Loading required package: parallel
Loading required package: MASS
Loading required package: lattice
Warning messages:
1: In rgl.init(initValue, onlyNULL) : RGL: unable to open X11 display
2: In fun(libname, pkgname) : error in rgl_init
Type 'citation("pROC")' for a citation.

Attaching package: ‘pROC’

The following objects are masked from ‘package:stats’:

    cov, smooth, var

There were 20 warnings (use warnings() to see them)
[1] "Number of SNVs"
[1] 25449
