Number of SNVs: 3407
10 50 90 130 170
210 250 290 330 370
410 450 490 530 570
610 650 690 730 770
810 850 890 930 970
1
23

4
6
5
7
8
Number of SNVs: 3407
10 50 90 130 170
210 250 290 330 370
410 450 490 530 570
610 650 690 730 770
810 850 890 930 970
1
2
3
4
56

7
8
9
10
11
12
13
14
15
16
17
18
19
20
21
22
23
24
25
26
27
28
29
30
31
32
33
34
35
36
37
38
39
40
41
42
43
44
45
46
47
48
49
50
51
52
53
54
55
56
57
58
59
60
61
62
63
64
65
66
67
68
69
70
71
72
73
74
75
76
77
78
79
80
81
82
83
84
85
86
87
88
89
90
91
92
93
94
95
96
97
98
99
Optimal M =  530
AUC CI =  0.77384005554232
AUC CI =  0.83430262218141
AUC CI =  0.8947651888205
Accuracy: 0.818181818181818
